$ = P[r] -> ((Sqrt[-1 + (r^2*rs)/R^3] - Sqrt[-1 + rs/R])*\[Rho])/
      (-Sqrt[-1 + (r^2*rs)/R^3] + 3*Sqrt[-1 + rs/R])
 
Attributes[$0$] = {Temporary}
 
Attributes[$1a$] = {Temporary}
 
Attributes[$1c$] = {Temporary}
 
Attributes[$1s$] = {Temporary}
 
Attributes[$1$] = {Temporary}
 
Attributes[$2a$] = {Temporary}
 
Attributes[$2b$] = {Temporary}
 
Attributes[$2c$] = {Temporary}
 
Attributes[$2m$] = {Temporary}
 
Attributes[$2td$] = {Temporary}
 
Attributes[$2t$] = {Temporary}
 
Attributes[$2$] = {Temporary}
 
Attributes[$4$] = {Temporary}
 
Attributes[$aa$] = {Temporary}
 
Attributes[$argn$] = {Temporary}
 
Attributes[$Arg$] = {Temporary}
 
Attributes[$a$] = {Temporary}
 
Attributes[$bb$] = {Temporary}
 
Attributes[$b$] = {Temporary}
 
Attributes[$cc$] = {Temporary}
 
Attributes[$common$] = {Temporary}
 
Attributes[$const$] = {Temporary}
 
Attributes[$c$] = {Temporary}
 
Attributes[$d0$] = {Temporary}
 
Attributes[$d1$] = {Temporary}
 
Attributes[$d2$] = {Temporary}
 
$def["AZVII.4"] = {}
 
Attributes[$deltas$] = {Temporary}
 
Attributes[$dep$] = {Temporary}
 
Attributes[$de$] = {Temporary}
 
Attributes[$dif$] = {Temporary}
 
$dM = Derivative[1][\[ScriptCapitalM]][r] -> 4*Pi*r^2*\[Rho][r]
 
Attributes[Derivative] = {NHoldAll, ReadProtected}
 
Attributes[$dm$] = {Temporary}
 
Attributes[$ds2$] = {Temporary}
 
Attributes[$dummy$] = {Temporary}
 
Attributes[$dum$] = {Temporary}
 
Attributes[$d$] = {Temporary}
 
$ein1 = {Derivative[1][A][r]/(r*B[r]) - Derivative[1][A][r]^2/(4*A[r]*B[r]) - 
       (Derivative[1][A][r]*Derivative[1][B][r])/(4*B[r]^2) + 
       Derivative[2][A][r]/(2*B[r]) -> 8*G*Pi*(-(A[r]*P[r]) + 
        (A[r]*(3*P[r] - \[Rho][r]))/2 + A[r]*(P[r] + \[Rho][r])), 
     Derivative[1][A][r]^2/(4*A[r]^2) + Derivative[1][B][r]/(r*B[r]) + 
       (Derivative[1][A][r]*Derivative[1][B][r])/(4*A[r]*B[r]) - 
       Derivative[2][A][r]/(2*A[r]) -> 
      8*G*Pi*(B[r]*P[r] - (B[r]*(3*P[r] - \[Rho][r]))/2), 
     1 - B[r]^(-1) - (r*Derivative[1][A][r])/(2*A[r]*B[r]) + 
       (r*Derivative[1][B][r])/(2*B[r]^2) -> 
      8*G*Pi*(r^2*P[r] - (r^2*(3*P[r] - \[Rho][r]))/2)}
 
$einRHS = {Tensor[R, {Void, Void}, {t, t}] -> 
      8*G*Pi*(-(A[r]*P[r]) + (A[r]*(3*P[r] - \[Rho][r]))/2 + 
        A[r]*(P[r] + \[Rho][r])), Tensor[R, {Void, Void}, {r, r}] -> 
      8*G*Pi*(B[r]*P[r] - (B[r]*(3*P[r] - \[Rho][r]))/2), 
     Tensor[R, {Void, Void}, {\[Theta], \[Theta]}] -> 
      8*G*Pi*(r^2*P[r] - (r^2*(3*P[r] - \[Rho][r]))/2)}
 
$einstein = {{Derivative[1][A][r]/(r*B[r]) - Derivative[1][A][r]^2/
         (4*A[r]*B[r]) - (Derivative[1][A][r]*Derivative[1][B][r])/
         (4*B[r]^2) + Derivative[2][A][r]/(2*B[r]) -> 
       8*G*Pi*(-(A[r]*P[r]) + (A[r]*(3*P[r] - \[Rho][r]))/2 + 
         Tensor[U, {Void}, {t}]^2*(P[r] + \[Rho][r])), 0 -> 0, 0 -> 0, 
      0 -> 0}, {0 -> 0, Derivative[1][A][r]^2/(4*A[r]^2) + 
        Derivative[1][B][r]/(r*B[r]) + (Derivative[1][A][r]*
          Derivative[1][B][r])/(4*A[r]*B[r]) - Derivative[2][A][r]/
         (2*A[r]) -> 8*G*Pi*(B[r]*P[r] - (B[r]*(3*P[r] - \[Rho][r]))/2), 
      0 -> 0, 0 -> 0}, {0 -> 0, 0 -> 0, 
      Sin[\[Theta]]^2 - Sin[\[Theta]]^2/B[r] - 
        (r*Sin[\[Theta]]^2*Derivative[1][A][r])/(2*A[r]*B[r]) + 
        (r*Sin[\[Theta]]^2*Derivative[1][B][r])/(2*B[r]^2) -> 
       8*G*Pi*(r^2*P[r]*Sin[\[Theta]]^2 - (r^2*Sin[\[Theta]]^2*
           (3*P[r] - \[Rho][r]))/2), 0 -> 0}, {0 -> 0, 0 -> 0, 0 -> 0, 
      1 - B[r]^(-1) - (r*Derivative[1][A][r])/(2*A[r]*B[r]) + 
        (r*Derivative[1][B][r])/(2*B[r]^2) -> 
       8*G*Pi*(r^2*P[r] - (r^2*(3*P[r] - \[Rho][r]))/2)}}
 
Attributes[$e$] = {Temporary}
 
Attributes[$forms$] = {Temporary}
 
Attributes[$formvar$] = {Temporary}
 
Attributes[$f$] = {Temporary}
 
$g = {Tensor[g, {Void, Void}, {r, r}] -> B[r], 
     Tensor[g, {Void, Void}, {t, t}] -> -A[r], 
     Tensor[g, {Void, Void}, {\[Theta], \[Theta]}] -> r^2, 
     Tensor[g, {Void, Void}, {\[CurlyPhi], \[CurlyPhi]}] -> 
      r^2*Sin[\[Theta]]^2, Tensor[g, {r, r}, {Void, Void}] -> B[r]^(-1), 
     Tensor[g, {t, t}, {Void, Void}] -> -A[r]^(-1), 
     Tensor[g, {\[Theta], \[Theta]}, {Void, Void}] -> r^(-2), 
     Tensor[g, {\[CurlyPhi], \[CurlyPhi]}, {Void, Void}] -> 
      Csc[\[Theta]]^2/r^2}
 
Attributes[$gall$] = {Temporary}
 
Attributes[$generalForm$] = {Temporary}
 
Attributes[$gs$] = {Temporary}
 
Attributes[$h1$] = {Temporary}
 
Attributes[$head$] = {Temporary}
 
Attributes[$h$] = {Temporary}
 
Attributes[$ii$] = {Temporary}
 
Attributes[$index$] = {Temporary}
 
Attributes[$indices$] = {Temporary}
 
Attributes[$ind$] = {Temporary}
 
Attributes[$in$] = {Temporary}
 
Attributes[$i$] = {Temporary}
 
Attributes[$j$] = {Temporary}
 
Attributes[$keys$] = {Temporary}
 
Attributes[$keys$2238] = {Temporary}
 
$keys$2238 = {T, \[Kappa]}
 
T[A_, uds_String][index0__] := Module[{tmp, ud = Characters[uds], 
      index = {index0}}, If[Cases[ud, Except["u" | "d"]] === {} && 
       (tmp = Which[Head[index] === List && Length[ud] == Length[index], 
          Tensor[A, MapThread[If[#1 === "u", #2, Void] & , {ud, index}], 
           MapThread[If[#1 === "d", #2, Void] & , {ud, index}]], 
          ud === {"u"}, Tensor[A, {index}, {Void}], ud === {"d"}, 
          Tensor[A, {Void}, {index}], True, -1]) =!= -1, tmp, 
      Style[Tensor[A, uds, index], FontColor -> Red]]]
 
T[A_, up_List, down_List] := Module[{tmp, u = up /. Null -> Void, 
      d = down /. Null -> Void, return}, 
     If[up == {} && down == {}, Return[Tensor[A, up, down]]]; 
      If[up == {}, u = Table[Void, {Length[d]}]]; 
      If[down == {}, d = Table[Void, {Length[u]}]]; 
      If[Length[d] == Length[u] &&  !Inner[(#1 =!= Void && #2 =!= Void) || 
            (#1 === Void && #2 === Void) & , u, d, Or], Tensor[A, u, d], 
       Style[Tensor[A, up, down], FontColor -> Red]]]
 
T[A_, uds_String, index_List] := Module[{tmp, ud = Characters[uds]}, 
     If[Cases[ud, Except["u" | "d"]] === {} && 
       (tmp = Which[Head[index] === List && Length[ud] == Length[index], 
          Tensor[A, MapThread[If[#1 === "u", #2, Void] & , {ud, index}], 
           MapThread[If[#1 === "d", #2, Void] & , {ud, index}]], 
          ud === {"u"}, Tensor[A, {index}, {Void}], ud === {"d"}, 
          Tensor[A, {Void}, {index}], True, -1]) =!= -1, tmp, 
      Style[Tensor[A, uds, index], FontColor -> Red]]]
 
T /: T::usage = "T[A_,uds_String][index0__] produces any Tensor where \
uds_String specifies up/down position of index_, \
e.g.,T[Symbol,\"udd\"][i,j,k]->((\!\(\*SuperscriptBox[\(Symbol\), \
\(i\)]\)\!\(\*SubscriptBox[\()\), \(jk\)]\))"
 
Attributes[$keys$3051] = {Temporary}
 
$keys$3051 = {T, \[Kappa]}
 
Attributes[$k$] = {Temporary}
 
Attributes[$label$] = {Temporary}
 
Attributes[$list$] = {Temporary}
 
Attributes[$low$] = {Temporary}
 
Attributes[$L$] = {Temporary}
 
Attributes[$matches$] = {Temporary}
 
Attributes[$match$] = {Temporary}
 
Attributes[$npat$] = {Temporary}
 
Attributes[$n$] = {Temporary}
 
Attributes[$out$] = {Temporary}
 
Attributes[$p0$] = {Temporary}
 
Attributes[$patterns$] = {Temporary}
 
Attributes[$Pattern$] = {Temporary}
 
Attributes[$pat$] = {Temporary}
 
Attributes[$placeholder$] = {Temporary}
 
Attributes[$pn$] = {Temporary}
 
Attributes[$pos1$] = {Temporary}
 
Attributes[$pos$] = {Temporary}
 
Attributes[$pvar1$] = {Temporary}
 
Attributes[$pvar$] = {Temporary}
 
Attributes[$p$] = {Temporary}
 
Attributes[$p$2807] = {Temporary}
 
$p$2807 = {Derivative[1][B][r], Derivative[1][\[ScriptCapitalM]][r], 
     Derivative[1][A][r], B[r]}
 
Attributes[$p$3648] = {Temporary}
 
$p$3648 = {Derivative[1][B][r], Derivative[1][\[ScriptCapitalM]][r], 
     Derivative[1][A][r], B[r]}
 
Attributes[$p$4169] = {Temporary}
 
$p$4169 = {rR, rsR}
 
Attributes[$range$] = {Temporary}
 
Attributes[$rhead$] = {Temporary}
 
$rhs = {{8*G*Pi*(-(A[r]*P[r]) + (A[r]*(3*P[r] - \[Rho][r]))/2 + 
        Tensor[U, {Void}, {t}]^2*(P[r] + \[Rho][r])), 0, 0, 0}, 
     {0, 8*G*Pi*(B[r]*P[r] - (B[r]*(3*P[r] - \[Rho][r]))/2), 0, 0}, 
     {0, 0, 8*G*Pi*(r^2*P[r]*Sin[\[Theta]]^2 - 
        (r^2*Sin[\[Theta]]^2*(3*P[r] - \[Rho][r]))/2), 0}, 
     {0, 0, 0, 8*G*Pi*(r^2*P[r] - (r^2*(3*P[r] - \[Rho][r]))/2)}}
 
Attributes[$right$] = {Temporary}
 
Attributes[$rp$] = {Temporary}
 
Attributes[$rp$2807] = {Temporary}
 
$rp$2807 = {Derivative[1][\[ScriptCapitalM]][r] -> \[ScriptCapitalM][r]/r - 
       (-r/(2*G) + 2*\[ScriptCapitalM][r] - (2*G*\[ScriptCapitalM][r]^2)/r)*
        Derivative[1][B][r], Derivative[1][B][r] -> 
      (-2*G*\[ScriptCapitalM][r])/(r - 2*G*\[ScriptCapitalM][r])^2 + 
       (2*G*r*Derivative[1][\[ScriptCapitalM]][r])/
        (r - 2*G*\[ScriptCapitalM][r])^2, 
     B[r] -> -(r/(-r + 2*G*\[ScriptCapitalM][r])), 
     B[r] -> -(r/(-r + 2*G*\[ScriptCapitalM][r]))}
 
Attributes[$rp$3648] = {Temporary}
 
$rp$3648 = {Derivative[1][A][r] -> 
      (4*(2*G*Pi*r^3*A[r]*P[r] + G*A[r]*\[ScriptCapitalM][r] - 
          2*G*Pi*r^3*A[r]*\[Rho][r]))/(r*(r - 2*G*\[ScriptCapitalM][r])) - 
       (A[r]*(-r + 2*G*\[ScriptCapitalM][r])*Derivative[1][B][r])/r, 
     Derivative[1][B][r] -> (-2*G*(\[ScriptCapitalM][r] - 
         4*Pi*r^3*\[Rho][r]))/(r - 2*G*\[ScriptCapitalM][r])^2, 
     Derivative[1][A][r] -> (-2*A[r]*Derivative[1][P][r])/(P[r] + \[Rho][r])}
 
Attributes[$rp$4169] = {Temporary}
 
$rp$4169 = {}
 
Attributes[$rules$] = {Temporary}
 
Attributes[$rules$2238] = {Temporary}
 
$rules$2238 = {T -> 3*P[r] - \[Rho][r], \[Kappa] -> 8*G*Pi}
 
Attributes[$rules$3051] = {Temporary}
 
$rules$3051 = {T -> 3*P[r] - \[Rho][r], \[Kappa] -> 8*G*Pi}
 
Attributes[$rule$] = {Temporary}
 
Attributes[$r$] = {Temporary}
 
Attributes[$r$2800] = {Temporary}
 
$r$2800 = {B[r] -> (1 - (2*G*\[ScriptCapitalM][r])/r)^(-1), 
     Derivative[1][B][r] -> -(((2*G*\[ScriptCapitalM][r])/r^2 - 
         (2*G*Derivative[1][\[ScriptCapitalM]][r])/r)/
        (1 - (2*G*\[ScriptCapitalM][r])/r)^2)}
 
Attributes[$r$3641] = {Temporary}
 
$r$3641 = {1 + (-r + 2*G*\[ScriptCapitalM][r])/r - 
       (G*(-r + 2*G*\[ScriptCapitalM][r])^2*(\[ScriptCapitalM][r] - 
          4*Pi*r^3*\[Rho][r]))/(r*(r - 2*G*\[ScriptCapitalM][r])^2) + 
       ((-r + 2*G*\[ScriptCapitalM][r])*
         ((2*G*A[r]*(-r + 2*G*\[ScriptCapitalM][r])*(\[ScriptCapitalM][r] - 
             4*Pi*r^3*\[Rho][r]))/(r*(r - 2*G*\[ScriptCapitalM][r])^2) + 
          (4*(2*G*Pi*r^3*A[r]*P[r] + G*A[r]*\[ScriptCapitalM][r] - 
             2*G*Pi*r^3*A[r]*\[Rho][r]))/(r*(r - 2*G*\[ScriptCapitalM][r]))))/
        (2*A[r]) -> 8*G*Pi*(r^2*P[r] - (r^2*(3*P[r] - \[Rho][r]))/2), 
     r/(-r + 2*G*\[ScriptCapitalM][r]) -> -(1 - (2*G*\[ScriptCapitalM][r])/r)^
        (-1), (-2*G*(\[ScriptCapitalM][r] - 4*Pi*r^3*\[Rho][r]))/
       (r - 2*G*\[ScriptCapitalM][r])^2 -> 
      -(((2*G*\[ScriptCapitalM][r])/r^2 - 
         (2*G*(\[ScriptCapitalM][r]/r + (2*G*(-r/(2*G) + 2*\[ScriptCapitalM][
                 r] - (2*G*\[ScriptCapitalM][r]^2)/r)*(\[ScriptCapitalM][r] - 
               4*Pi*r^3*\[Rho][r]))/(r - 2*G*\[ScriptCapitalM][r])^2))/r)/
        (1 - (2*G*\[ScriptCapitalM][r])/r)^2), 
     \[ScriptCapitalM][r]/r + (2*G*(-r/(2*G) + 2*\[ScriptCapitalM][r] - 
          (2*G*\[ScriptCapitalM][r]^2)/r)*(\[ScriptCapitalM][r] - 
          4*Pi*r^3*\[Rho][r]))/(r - 2*G*\[ScriptCapitalM][r])^2 -> 
      4*Pi*r^2*\[Rho][r], 
     ((2*G*A[r]*(-r + 2*G*\[ScriptCapitalM][r])*(\[ScriptCapitalM][r] - 
           4*Pi*r^3*\[Rho][r]))/(r*(r - 2*G*\[ScriptCapitalM][r])^2) + 
        (4*(2*G*Pi*r^3*A[r]*P[r] + G*A[r]*\[ScriptCapitalM][r] - 
           2*G*Pi*r^3*A[r]*\[Rho][r]))/(r*(r - 2*G*\[ScriptCapitalM][r])))/
       A[r] -> (-2*Derivative[1][P][r])/(P[r] + \[Rho][r])}
 
Attributes[$r$4162] = {Temporary}
 
$r$4162 = {P[r] -> ((Sqrt[-1 + (r^2*rs)/R^3] - Sqrt[-1 + rs/R])*\[Rho])/
       (-Sqrt[-1 + (r^2*rs)/R^3] + 3*Sqrt[-1 + rs/R])}
 
$s = {rs -> R*rsR, r -> R*rR}
 
Attributes[$s1$] = {Temporary}
 
$sC = {Tensor[U, {Void}, {r | \[Theta] | \[CurlyPhi]}] -> 0, 
     Tensor[U, {r | \[Theta] | \[CurlyPhi]}, {Void}] -> 0, 
     Tensor[g, {Void, Void}, {\[Mu], \[Nu]}]*Tensor[U, {\[Mu]}, {Void}]*
       Tensor[U, {\[Nu]}, {Void}] -> -1}
 
Attributes[$scal$] = {Temporary}
 
$sgeneral := {T[\[Gamma], "d", {5}] -> Product[T[\[Gamma], "u", {\[Mu]}], 
       {\[Mu], 4}], T[\[Gamma], "d", {5}] . T[\[Gamma], "d", {5}] -> 1, 
     ConjugateTranspose[T[\[Gamma], "d", {5}]] -> T[\[Gamma], "d", {5}], 
     CommutatorP[T[\[Gamma], "d", {5}], T[\[Gamma], "u", {\[Mu]}]] -> 0, 
     T["\[Del]", "d", {_}][Subscript[1, n_]] -> 0, (a_) . Subscript[1, n_] -> 
      a, Subscript[1, n_] . (a_) -> a}
 
Attributes[Subscript] = {NHoldRest}
 
Attributes[$sign$] = {Temporary}
 
Attributes[$sNO$] = {Temporary}
 
Attributes[$sn$] = {Temporary}
 
Attributes[$sort$] = {Temporary}
 
$SpinorsPath = "/Users/Tom/Library/Mathematica/Applications"
 
$sR1 = Tensor[R, {Void, Void}, {r, r}]/B[r] + Tensor[R, {Void, Void}, {t, t}]/
      A[r] + (2*Tensor[R, {Void, Void}, {\[Theta], \[Theta]}])/r^2
 
$sRnn = {{Tensor[R, {Void, Void}, {t, t}] -> Derivative[1][A][r]/(r*B[r]) - 
        Derivative[1][A][r]^2/(4*A[r]*B[r]) - 
        (Derivative[1][A][r]*Derivative[1][B][r])/(4*B[r]^2) + 
        Derivative[2][A][r]/(2*B[r]), Tensor[R, {Void, Void}, {t, r}] -> 0, 
      Tensor[R, {Void, Void}, {t, \[CurlyPhi]}] -> 0, 
      Tensor[R, {Void, Void}, {t, \[Theta]}] -> 0}, 
     {Tensor[R, {Void, Void}, {r, t}] -> 0, 
      Tensor[R, {Void, Void}, {r, r}] -> Derivative[1][A][r]^2/(4*A[r]^2) + 
        Derivative[1][B][r]/(r*B[r]) + (Derivative[1][A][r]*
          Derivative[1][B][r])/(4*A[r]*B[r]) - Derivative[2][A][r]/(2*A[r]), 
      Tensor[R, {Void, Void}, {r, \[CurlyPhi]}] -> 0, 
      Tensor[R, {Void, Void}, {r, \[Theta]}] -> 0}, 
     {Tensor[R, {Void, Void}, {\[CurlyPhi], t}] -> 0, 
      Tensor[R, {Void, Void}, {\[CurlyPhi], r}] -> 0, 
      Tensor[R, {Void, Void}, {\[CurlyPhi], \[CurlyPhi]}] -> 
       Sin[\[Theta]]^2 - Sin[\[Theta]]^2/B[r] - 
        (r*Sin[\[Theta]]^2*Derivative[1][A][r])/(2*A[r]*B[r]) + 
        (r*Sin[\[Theta]]^2*Derivative[1][B][r])/(2*B[r]^2), 
      Tensor[R, {Void, Void}, {\[CurlyPhi], \[Theta]}] -> 0}, 
     {Tensor[R, {Void, Void}, {\[Theta], t}] -> 0, 
      Tensor[R, {Void, Void}, {\[Theta], r}] -> 0, 
      Tensor[R, {Void, Void}, {\[Theta], \[CurlyPhi]}] -> 0, 
      Tensor[R, {Void, Void}, {\[Theta], \[Theta]}] -> 
       1 - B[r]^(-1) - (r*Derivative[1][A][r])/(2*A[r]*B[r]) + 
        (r*Derivative[1][B][r])/(2*B[r]^2)}}
 
$sRnn1 = {Tensor[R, {Void, Void}, {t, t}] -> Derivative[1][A][r]/(r*B[r]) - 
       Derivative[1][A][r]^2/(4*A[r]*B[r]) - 
       (Derivative[1][A][r]*Derivative[1][B][r])/(4*B[r]^2) + 
       Derivative[2][A][r]/(2*B[r]), Tensor[R, {Void, Void}, {r, r}] -> 
      Derivative[1][A][r]^2/(4*A[r]^2) + Derivative[1][B][r]/(r*B[r]) + 
       (Derivative[1][A][r]*Derivative[1][B][r])/(4*A[r]*B[r]) - 
       Derivative[2][A][r]/(2*A[r]), Tensor[R, {Void, Void}, 
       {\[CurlyPhi], \[CurlyPhi]}] -> Sin[\[Theta]]^2 - 
       Sin[\[Theta]]^2/B[r] - (r*Sin[\[Theta]]^2*Derivative[1][A][r])/
        (2*A[r]*B[r]) + (r*Sin[\[Theta]]^2*Derivative[1][B][r])/(2*B[r]^2), 
     Tensor[R, {Void, Void}, {\[Theta], \[Theta]}] -> 
      1 - B[r]^(-1) - (r*Derivative[1][A][r])/(2*A[r]*B[r]) + 
       (r*Derivative[1][B][r])/(2*B[r]^2)}
 
Attributes[$ss$] = {Temporary}
 
Attributes[$subRules$] = {Temporary}
 
Attributes[$subs$] = {Temporary}
 
Attributes[$swap$] = {Temporary}
 
Attributes[$sx0$] = {Temporary}
 
$symmetries := {tt:T[g, "uu", {\[Mu]_, \[Nu]_}] :> 
      tuIndexSwap[{\[Mu], \[Nu]}][tt] /; OrderedQ[{\[Nu], \[Mu]}], 
     tt:T[F, "uu", {\[Mu]_, \[Nu]_}] :> -tuIndexSwap[{\[Mu], \[Nu]}][tt] /; 
       OrderedQ[{\[Nu], \[Mu]}], tt:T[F, "dd", {\[Mu]_, \[Nu]_}] :> 
      -tuIndexSwap[{\[Mu], \[Nu]}][tt] /; OrderedQ[{\[Nu], \[Mu]}], 
     CommutatorM[a_, b_] :> -CommutatorM[b, a] /; OrderedQ[{b, a}], 
     CommutatorP[a_, b_] :> CommutatorP[b, a] /; OrderedQ[{b, a}], 
     tt:T[\[Gamma], "u", {\[Mu]}] . T[\[Gamma], "d", {5}] :> Reverse[tt]}
 
tuIndexSwap[index1_, (index2_) | PatternSequence[]][exp_] := 
    Module[{tmp = exp, ind1, ind2, $ii, subi, CX}, 
     {ind1, ind2} = Flatten[{index1, index2}]; subi[i_List] := 
       (If[#1 === ind2, CX[ind1], If[#1 === ind1, CX[ind2], #1]] & ) /@ i; 
      tmp = tmp //. Tensor[A_, u_, d_] :> xTensor[A, subi[u], subi[d]]; 
      tmp = tmp //. (dd:DerivOps)[A_, i_] :> CX[dd][A, ind2] /; i === ind1; 
      tmp = tmp //. (dd:DerivOps)[A_, i_] :> CX[dd][A, ind1] /; i === ind2; 
      tmp = tmp //. CX[a_] -> a //. xTensor -> Tensor]
 
tuIndexSwap /: tuIndexSwap::usage = "tuIndexSwap[index1_,index2_][exp_] swaps \
indexPair of Tensor's in exp_. EG: tuIndexSwap[i,j][\!\(\*SubscriptBox[\(A\), \
\(ikj\)]\)]->\!\(\*SubscriptBox[\(A\), \(jki\)]\) .  [index1_,index2_] can be \
input as [{index1_,index2_}].  *4Nov2014*"
 
DerivOps := Flatten[DerivOpsD | DerivOpsU | tuDerivOps]
 
DerivOpsD := Join[xPartialD | xCovariantD | xD[_], tuDerivOpsD]
 
xPartialD[field_, var_] := tuPartialD[field, var]
 
tuPartialD := tuDPartial
 
tuPartialD /: tuPartialD::usage = "tuPartialD[field_,var_] displays the \
PartialD[field,var] \[Rule] \!\(\*SubscriptBox[\(\[PartialD]\), \
\(var\)]\)field. "
 
tuDPartial[a_, b_] := tuDDown["\[PartialD]"][a, b]
 
tuDerivOpsD := tuDPartial | tuDCovariant | tuDs[_] | tuDDown[_]
 
tuDCovariant[a_, b_] := tuDDown["\[Del]"][a, b]
 
tuDs[s_][a_, b_] := tuDDown[s][a, b]
 
DerivOpsU := Join[xPartialDu | xCovariantDu | xDu[_], tuDerivOpsU]
 
xPartialDu[field_, var_] := tuPartialDu[field, var]
 
tuPartialDu := tuDPartialu
 
tuPartialDu /: tuPartialDu::usage = "tuPartialDu[field_,var_] displays the \
PartialDu[field,var] \[Rule] \!\(\*SuperscriptBox[\(\[PartialD]\), \
\(var\)]\)field. "
 
tuDPartialu[a_, b_] := tuDUp["\[PartialD]"][a, b]
 
tuDerivOpsU := tuDPartialu | tuDCovariantu | tuDsu[_] | tuDUp[_]
 
tuDCovariantu[a_, b_] := tuDUp["\[Del]"][a, b]
 
tuDsu[s_][a_, b_] := tuDUp[s][a, b]
 
tuDerivOps := Flatten[tuDerivOpsD | tuDerivOpsU | tuDLie]
 
tuDLie[a_, b_] := tuDDown["\[ScriptCapitalL]"][a, b]
 
Attributes[$s$] = {Temporary}
 
Attributes[$t1$] = {Temporary}
 
Attributes[$targetForm$] = {Temporary}
 
Attributes[$tensorsymbol$] = {Temporary}
 
Attributes[$terms$] = {Temporary}
 
Attributes[$test$] = {Temporary}
 
Attributes[$tmp$] = {Temporary}
 
Attributes[$t$] = {Temporary}
 
Attributes[$u0$] = {Temporary}
 
Attributes[$u1$] = {Temporary}
 
Attributes[$u2$] = {Temporary}
 
Attributes[$u$] = {Temporary}
 
Attributes[$var$] = {Temporary}
 
Attributes[$without$] = {Temporary}
 
Attributes[$with$] = {Temporary}
 
Attributes[$XX$] = {Temporary}
 
Attributes[$x$] = {Temporary}
 
Attributes[$X$] = {Temporary}
 
Attributes[$y$] = {Temporary}
 
Attributes[$\[Sigma]$] = {Temporary}
 
Attributes[$$] = {Temporary}
 
Attributes[$$2239] = {Temporary}
 
$$2239 = {Tensor[R, {Void, Void}, {\[Mu], \[Nu]}] -> 
      \[Kappa]*(-(T*Tensor[g, {Void, Void}, {\[Mu], \[Nu]}])/2 + 
        Tensor[T, {Void, Void}, {\[Mu], \[Nu]}]), 
     \[Kappa]*(-(T*Tensor[g, {Void, Void}, {\[Mu], \[Nu]}])/2 + 
        Tensor[T, {Void, Void}, {\[Mu], \[Nu]}]) -> Tensor[R, {Void, Void}, 
       {\[Mu], \[Nu]}], \[Kappa] -> 8*G*Pi, 8*G*Pi -> \[Kappa], 
     T -> 3*P[r] - \[Rho][r], 3*P[r] - \[Rho][r] -> T}
 
Attributes[$$2240] = {Temporary}
 
$$2240 = {Tensor[R, {Void, Void}, {\[Mu], \[Nu]}] -> 
      \[Kappa]*(-(T*Tensor[g, {Void, Void}, {\[Mu], \[Nu]}])/2 + 
        Tensor[T, {Void, Void}, {\[Mu], \[Nu]}]), \[Kappa] -> 8*G*Pi, 
     T -> 3*P[r] - \[Rho][r]}
 
Attributes[$$3052] = {Temporary}
 
$$3052 = {Tensor[R, {Void, Void}, {\[Mu], \[Nu]}] -> 
      \[Kappa]*(-(T*Tensor[g, {Void, Void}, {\[Mu], \[Nu]}])/2 + 
        Tensor[T, {Void, Void}, {\[Mu], \[Nu]}]), 
     \[Kappa]*(-(T*Tensor[g, {Void, Void}, {\[Mu], \[Nu]}])/2 + 
        Tensor[T, {Void, Void}, {\[Mu], \[Nu]}]) -> Tensor[R, {Void, Void}, 
       {\[Mu], \[Nu]}], \[Kappa] -> 8*G*Pi, 8*G*Pi -> \[Kappa], 
     T -> 3*P[r] - \[Rho][r], 3*P[r] - \[Rho][r] -> T}
 
Attributes[$$3053] = {Temporary}
 
$$3053 = {Tensor[R, {Void, Void}, {\[Mu], \[Nu]}] -> 
      \[Kappa]*(-(T*Tensor[g, {Void, Void}, {\[Mu], \[Nu]}])/2 + 
        Tensor[T, {Void, Void}, {\[Mu], \[Nu]}]), \[Kappa] -> 8*G*Pi, 
     T -> 3*P[r] - \[Rho][r]}
 
Attributes[$$4224] = {Temporary}
 
$$4224 = {"$", "$0", "$0$", "$1", "$1a", "$1a$", "$1c", "$1c$", "$1s", 
     "$1s$", "$1t", "$1$", "$2", "$2a", "$2a$", "$2b", "$2b$", "$2c", "$2c$", 
     "$2m", "$2m$", "$2t", "$2td", "$2td$", "$2t$", "$2$", "$4", "$4$", "$a", 
     "$A", "$aa", "$aa$", "$arg", "$Arg", "$argn", "$argn$", "$Arg$", "$a$", 
     "$b", "$bb", "$bb$", "$b$", "$c", "$cc", "$cc$", "$common", "$common$", 
     "$const", "$const$", "$c$", "$d", "$d0", "$d0$", "$d1", "$d1$", "$d2", 
     "$d2$", "$de", "$def", "$deltas", "$deltas$", "$dep", "$dep$", "$de$", 
     "$dif", "$dif$", "$dm", "$dM", "$dm$", "$ds2", "$ds2$", "$dum", 
     "$dummy", "$dummy$", "$dum$", "$d$", "$e", "$ein1", "$einRHS", 
     "$einstein", "$e$", "$f", "$forms", "$forms$", "$formvar", "$formvar$", 
     "$f$", "$g", "$gall", "$gall$", "$generalForm", "$generalForm$", "$gs", 
     "$gs$", "$h", "$h1", "$h1$", "$head", "$head$", "$h$", "$i", "$ii", 
     "$ii$", "$in", "$ind", "$index", "$index$", "$indices", "$indices$", 
     "$ind$", "$in$", "$i$", "$j", "$j$", "$k", "$keys", "$keys$", 
     "$keys$2238", "$keys$3051", "$k$", "$L", "$label", "$label$", "$list", 
     "$list$", "$low", "$low$", "$L$", "$match", "$matches", "$matches$", 
     "$match$", "$n", "$npat", "$npat$", "$n$", "$out", "$out$", "$p", "$p0", 
     "$p0$", "$pat", "$Pattern", "$patterns", "$patterns$", "$Pattern$", 
     "$pat$", "$placeholder", "$placeholder$", "$pn", "$pn$", "$pos", 
     "$pos1", "$pos1$", "$pos$", "$pvar", "$pvar1", "$pvar1$", "$pvar$", 
     "$p$", "$p$2807", "$p$3648", "$p$4169", "$r", "$range", "$range$", 
     "$rhead", "$rhead$", "$rhs", "$right", "$right$", "$rp", "$rp$", 
     "$rp$2807", "$rp$3648", "$rp$4169", "$rule", "$rules", "$rules$", 
     "$rules$2238", "$rules$3051", "$rule$", "$r$", "$r$2800", "$r$3641", 
     "$r$4162", "$s", "$s0", "$s1", "$s1$", "$sC", "$scal", "$scal$", 
     "$sgeneral", "$sign", "$sign$", "$sn", "$sNO", "$sNO$", "$sn$", "$sort", 
     "$sort$", "$SpinorsPath", "$sR1", "$sRnn", "$sRnn1", "$ss", "$ss$", 
     "$string", "$subRules", "$subRules$", "$subs", "$subs$", "$swap", 
     "$swap$", "$sx0", "$sx0$", "$symmetries", "$s$", "$t", "$t1", "$t1$", 
     "$targetForm", "$targetForm$", "$tensorsymbol", "$tensorsymbol$", 
     "$terms", "$terms$", "$test", "$test$", "$tmp", "$tmp$", "$t$", "$u", 
     "$u0", "$u0$", "$u1", "$u1$", "$u2", "$u2$", "$UseTextSearchQ", "$u$", 
     "$var", "$var$", "$with", "$without", "$without$", "$with$", "$x", "$X", 
     "$XX", "$XX$", "$x$", "$X$", "$y", "$y$", "$\[Alpha]", "$\[Beta]", 
     "$\[Sigma]", "$\[Sigma]$", "$$", "$$2239", "$$2240", "$$3052", "$$3053", 
     "$$4224", "$$a", "$$b", "$$c", "$$d", "$$i", "$$m", "$$n", "$$t", 
     "$$ten", "$$t$", "$$XX", "$$XXX"}
 
Attributes[$$t$] = {Temporary}
