e8 = Com[Tensor[J, {i_, j_}, {Void, Void}], Tensor[J, {k_, l_}, 
       {Void, Void}]] -> I*(Tensor[J, {j, l}, {Void, Void}]*
        Tensor[\[Delta], {i, k}, {Void, Void}] - 
       Tensor[J, {j, k}, {Void, Void}]*Tensor[\[Delta], {i, l}, 
         {Void, Void}] - Tensor[J, {i, l}, {Void, Void}]*
        Tensor[\[Delta], {j, k}, {Void, Void}] + 
       Tensor[J, {i, k}, {Void, Void}]*Tensor[\[Delta], {j, l}, {Void, Void}])
 
Tensor /: Tensor::usage = "Tensor[A, upindices, downindices] represents a \
tensor with the label A and the given up and down indices. The list of up and \
down indices must be equal in length. Missing indices are indicated by Void. \
Tensor[\[Phi]] represents a scalar tensor."
 
Void /: Void::usage = 
     "Void is used to indicate a blank slot in the up or down tensor \
indices."
 
\[Delta] /: Tensor[\[Delta], {0, Void}, {Void, 0}] = 1
 
\[Delta] /: Tensor[\[Delta], {0, Void}, {Void, 1}] = 0
 
\[Delta] /: Tensor[\[Delta], {0, Void}, {Void, 2}] = 0
 
\[Delta] /: Tensor[\[Delta], {0, Void}, {Void, 3}] = 0
 
\[Delta] /: Tensor[\[Delta], {1, Void}, {Void, 0}] = 0
 
\[Delta] /: Tensor[\[Delta], {1, Void}, {Void, 1}] = 1
 
\[Delta] /: Tensor[\[Delta], {1, Void}, {Void, 2}] = 0
 
\[Delta] /: Tensor[\[Delta], {1, Void}, {Void, 3}] = 0
 
\[Delta] /: Tensor[\[Delta], {2, Void}, {Void, 0}] = 0
 
\[Delta] /: Tensor[\[Delta], {2, Void}, {Void, 1}] = 0
 
\[Delta] /: Tensor[\[Delta], {2, Void}, {Void, 2}] = 1
 
\[Delta] /: Tensor[\[Delta], {2, Void}, {Void, 3}] = 0
 
\[Delta] /: Tensor[\[Delta], {3, Void}, {Void, 0}] = 0
 
\[Delta] /: Tensor[\[Delta], {3, Void}, {Void, 1}] = 0
 
\[Delta] /: Tensor[\[Delta], {3, Void}, {Void, 2}] = 0
 
\[Delta] /: Tensor[\[Delta], {3, Void}, {Void, 3}] = 1
e8 = Com[Tensor[J, {i_, j_}, {Void, Void}], Tensor[J, {k_, l_}, 
       {Void, Void}]] -> I*(Tensor[J, {j, l}, {Void, Void}]*
        Tensor[\[Delta], {i, k}, {Void, Void}] - 
       Tensor[J, {j, k}, {Void, Void}]*Tensor[\[Delta], {i, l}, 
         {Void, Void}] - Tensor[J, {i, l}, {Void, Void}]*
        Tensor[\[Delta], {j, k}, {Void, Void}] + 
       Tensor[J, {i, k}, {Void, Void}]*Tensor[\[Delta], {j, l}, {Void, Void}])
 
Tensor /: Tensor::usage = "Tensor[A, upindices, downindices] represents a \
tensor with the label A and the given up and down indices. The list of up and \
down indices must be equal in length. Missing indices are indicated by Void. \
Tensor[\[Phi]] represents a scalar tensor."
 
Void /: Void::usage = 
     "Void is used to indicate a blank slot in the up or down tensor \
indices."
 
\[Delta] /: Tensor[\[Delta], {0, Void}, {Void, 0}] = 1
 
\[Delta] /: Tensor[\[Delta], {0, Void}, {Void, 1}] = 0
 
\[Delta] /: Tensor[\[Delta], {0, Void}, {Void, 2}] = 0
 
\[Delta] /: Tensor[\[Delta], {0, Void}, {Void, 3}] = 0
 
\[Delta] /: Tensor[\[Delta], {1, Void}, {Void, 0}] = 0
 
\[Delta] /: Tensor[\[Delta], {1, Void}, {Void, 1}] = 1
 
\[Delta] /: Tensor[\[Delta], {1, Void}, {Void, 2}] = 0
 
\[Delta] /: Tensor[\[Delta], {1, Void}, {Void, 3}] = 0
 
\[Delta] /: Tensor[\[Delta], {2, Void}, {Void, 0}] = 0
 
\[Delta] /: Tensor[\[Delta], {2, Void}, {Void, 1}] = 0
 
\[Delta] /: Tensor[\[Delta], {2, Void}, {Void, 2}] = 1
 
\[Delta] /: Tensor[\[Delta], {2, Void}, {Void, 3}] = 0
 
\[Delta] /: Tensor[\[Delta], {3, Void}, {Void, 0}] = 0
 
\[Delta] /: Tensor[\[Delta], {3, Void}, {Void, 1}] = 0
 
\[Delta] /: Tensor[\[Delta], {3, Void}, {Void, 2}] = 0
 
\[Delta] /: Tensor[\[Delta], {3, Void}, {Void, 3}] = 1
e8 = Com[Tensor[J, {i_, j_}, {Void, Void}], Tensor[J, {k_, l_}, 
       {Void, Void}]] -> I*(Tensor[J, {j, l}, {Void, Void}]*
        Tensor[\[Delta], {i, k}, {Void, Void}] - 
       Tensor[J, {j, k}, {Void, Void}]*Tensor[\[Delta], {i, l}, 
         {Void, Void}] - Tensor[J, {i, l}, {Void, Void}]*
        Tensor[\[Delta], {j, k}, {Void, Void}] + 
       Tensor[J, {i, k}, {Void, Void}]*Tensor[\[Delta], {j, l}, {Void, Void}])
 
Tensor /: Tensor::usage = "Tensor[A, upindices, downindices] represents a \
tensor with the label A and the given up and down indices. The list of up and \
down indices must be equal in length. Missing indices are indicated by Void. \
Tensor[\[Phi]] represents a scalar tensor."
 
Void /: Void::usage = 
     "Void is used to indicate a blank slot in the up or down tensor \
indices."
 
\[Delta] /: Tensor[\[Delta], {0, Void}, {Void, 0}] = 1
 
\[Delta] /: Tensor[\[Delta], {0, Void}, {Void, 1}] = 0
 
\[Delta] /: Tensor[\[Delta], {0, Void}, {Void, 2}] = 0
 
\[Delta] /: Tensor[\[Delta], {0, Void}, {Void, 3}] = 0
 
\[Delta] /: Tensor[\[Delta], {1, Void}, {Void, 0}] = 0
 
\[Delta] /: Tensor[\[Delta], {1, Void}, {Void, 1}] = 1
 
\[Delta] /: Tensor[\[Delta], {1, Void}, {Void, 2}] = 0
 
\[Delta] /: Tensor[\[Delta], {1, Void}, {Void, 3}] = 0
 
\[Delta] /: Tensor[\[Delta], {2, Void}, {Void, 0}] = 0
 
\[Delta] /: Tensor[\[Delta], {2, Void}, {Void, 1}] = 0
 
\[Delta] /: Tensor[\[Delta], {2, Void}, {Void, 2}] = 1
 
\[Delta] /: Tensor[\[Delta], {2, Void}, {Void, 3}] = 0
 
\[Delta] /: Tensor[\[Delta], {3, Void}, {Void, 0}] = 0
 
\[Delta] /: Tensor[\[Delta], {3, Void}, {Void, 1}] = 0
 
\[Delta] /: Tensor[\[Delta], {3, Void}, {Void, 2}] = 0
 
\[Delta] /: Tensor[\[Delta], {3, Void}, {Void, 3}] = 1
