{Tensor[j, {\[Mu]}, {Void}] -> \[Delta][Tensor[\[CurlyPhi], {Void}, {a}][x]]*
   tuDDown["\[PartialD]"][\[ScriptCapitalL][Tensor[\[CurlyPhi], {Void}, {a}][
      x], tuDDown["\[PartialD]"][Tensor[\[CurlyPhi], {Void}, {a}][x], 
      \[Mu][x]]], tuDDown["\[PartialD]"][Tensor[\[CurlyPhi], {Void}, {a}][x], 
     \[Mu][x]]], \[Delta][Tensor[\[CurlyPhi], {Void}, {a}][x]]*
   (tuDDown["\[PartialD]"][\[ScriptCapitalL][Tensor[\[CurlyPhi], {Void}, {a}][
       x], tuDDown["\[PartialD]"][Tensor[\[CurlyPhi], {Void}, {a}][x], 
       \[Mu][x]]], Tensor[\[CurlyPhi], {Void}, {a}][x]] - 
    tuDDown["\[PartialD]"][tuDDown["\[PartialD]"][\[ScriptCapitalL][
       Tensor[\[CurlyPhi], {Void}, {a}][x], tuDDown["\[PartialD]"][
        Tensor[\[CurlyPhi], {Void}, {a}][x], \[Mu][x]]], 
      tuDDown["\[PartialD]"][Tensor[\[CurlyPhi], {Void}, {a}][x], \[Mu][x]]], 
     \[Mu][x]]) -> 0, Tensor[T, {\[Mu], \[Nu]}, {Void, Void}][x] -> 
  Tensor[g, {\[Mu], \[Nu]}, {Void, Void}]*\[ScriptCapitalL][
     Tensor[\[CurlyPhi], {Void}, {a}][x], tuDDown["\[PartialD]"][
      Tensor[\[CurlyPhi], {Void}, {a}][x], \[Lambda]]] - 
   (tuDUp["\[PartialD]"][Tensor[\[CurlyPhi], {Void}, {a}][x], \[Nu]] ;; All)*
    tuDDown["\[PartialD]"][\[ScriptCapitalL][Tensor[\[CurlyPhi], {Void}, {a}][
       x], tuDDown["\[PartialD]"][Tensor[\[CurlyPhi], {Void}, {a}][x], 
       \[Lambda]]], tuDDown["\[PartialD]"][Tensor[\[CurlyPhi], {Void}, {a}][
       x], \[Mu]]]}
