$tuNoetherField = 
    {{S -> Inactive[Integrate][\[ScriptCapitalL][\[CurlyPhi], 
           tuDDown["\[PartialD]"][\[CurlyPhi], \[Mu]], Tensor[x, {\[Mu]}, 
            {Void}]], Tensor[x, {\[Mu]}, {Void}]], 
        \[CurlyPhi][Tensor[x, {\[Mu]}, {Void}]][Style["field", 
          RGBColor[0, 2/3, 0], FontFamily -> "Helvetica"]]}[
       Style["Action", RGBColor[0, 2/3, 0], FontFamily -> "Helvetica"]], 
      {\[CurlyPhi] -> \[CurlyPhi] + \[Delta][\[CurlyPhi]], 
        \[CurlyPhi] -> \[CurlyPhi] + Tensor[\[CapitalPsi], {Void}, {r}]*
           Tensor[\[CurlyEpsilon], {Void}, {r}][Style["infinitessimal", 
             RGBColor[0, 2/3, 0], FontFamily -> "Helvetica"]], 
        Element[r, {1, N}], {\[CurlyPhi] -> Tensor[\[CurlyPhi], 
            {a[Style["field index", RGBColor[0, 2/3, 0], FontFamily -> 
                "Helvetica"]]}, {Void}], Tensor[\[CapitalPsi], {Void}, 
            {r}] -> Tensor[\[CapitalPsi], {a, Void}, {Void, r}]}[
         Style["for multiple field", RGBColor[0, 2/3, 0], 
          FontFamily -> "Helvetica"]]}[
       Style["continuous S-invariant transform", RGBColor[0, 2/3, 0], 
        FontFamily -> "Helvetica"]], 
      {{\[ScriptCapitalL] -> \[ScriptCapitalL] + Tensor[\[CurlyEpsilon], 
              {Void}, {r}]*tuDDown["\[PartialD]"][Tensor[\[CapitalLambda], 
                {\[Mu], Void}, {Void, r}][Style["becomes boudary term", 
                RGBColor[0, 2/3, 0], FontFamily -> "Helvetica"]], \[Mu]]}[
         Style["action invariant for", RGBColor[0, 2/3, 0], 
          FontFamily -> "Helvetica"]], 
        {Tensor[j, {\[Nu], Void}, {Void, r}] -> 
           -(tuDDown["\[PartialD]"][\[ScriptCapitalL], tuDDown["\[PartialD]"][
                \[CurlyPhi], \[Nu]]] \[CenterDot] Tensor[\[CapitalPsi], {
                Void}, {r}]) + Tensor[\[CapitalLambda], {\[Nu], Void}, 
             {Void, r}], Tensor[j, {\[Nu], Void}, {Void, r}] -> 
           -(tuDDown["\[PartialD]"][\[ScriptCapitalL], tuDDown["\[PartialD]"][
                Tensor[\[CurlyPhi], {a}, {Void}], \[Nu]]] \[CenterDot] 
              Tensor[\[CapitalPsi], {a, Void}, {Void, r}]) + 
            Tensor[\[CapitalLambda], {\[Nu], Void}, {Void, r}]}[
         Style["conserved current density", RGBColor[0, 2/3, 0], 
          FontFamily -> "Helvetica"]]}[Style["S-invariant", 
        RGBColor[0, 2/3, 0], FontFamily -> "Helvetica"]]}[
     Style["$tuNoetherField", RGBColor[0, 2/3, 0], FontFamily -> "Helvetica"]]
 
Attributes[CenterDot] = {Flat, OneIdentity}
 
$tuNoetherSimpleForm = {{L[t, q, OverDot[q, 1]], 
       t[Style["time", RGBColor[0, 2/3, 0], FontFamily -> "Helvetica"]], 
       q[Style["generalized coordinate", RGBColor[0, 2/3, 0], 
         FontFamily -> "Helvetica"]], OverDot[q, 1] -> tuDDown["\[PartialD]"][
         q, t], {{t -> t + \[Delta][t], q -> q + \[Delta][q]}}[
        Style["perturbations", RGBColor[0, 2/3, 0], FontFamily -> 
          "Helvetica"]], {-tuDDown["\[PartialD]"][L, q] + 
           tuDDown["\[PartialD]"][tuDDown["\[PartialD]"][L, OverDot[q, 1]], 
            t] -> 0, {q -> Tensor[q, {Void}, {k}]}[
          Style["multiple components", RGBColor[0, 2/3, 0], 
           FontFamily -> "Helvetica"]], 
         -tuDDown["\[PartialD]"][L, Tensor[q, {Void}, {k}]] + 
           tuDDown["\[PartialD]"][tuDDown["\[PartialD]"][L, 
             OverDot[Tensor[q, {Void}, {k}], 1]], t] -> 0}[
        Style["Euler-Lagrange equation", RGBColor[0, 2/3, 0], 
         FontFamily -> "Helvetica"]], \[Delta][t] -> 
        xSum[Tensor[\[CurlyEpsilon], {Void}, {r}]*Tensor[T, {Void}, {r}][
           Style["generator of time evolution(1 in simple case", 
            RGBColor[0, 2/3, 0], FontFamily -> "Helvetica"]], {r, n}], 
       \[Delta][q] -> xSum[Tensor[\[CurlyEpsilon], {Void}, {r}]*
          Tensor[Q, {Void}, {r}][Style[
            "generator of coordinate evolution(1 in simple case", 
            RGBColor[0, 2/3, 0], FontFamily -> "Helvetica"]], {r, n}], 
       Tensor[\[CurlyEpsilon], {Void}, {r}][Style["infinitessimal parameter", 
         RGBColor[0, 2/3, 0], FontFamily -> "Helvetica"]], 
       {(-L + tuDDown["\[PartialD]"][L, OverDot[q, 1]] \[CenterDot] 
             OverDot[q, 1]) \[CenterDot] Tensor[T, {Void}, {r}] - 
          tuDDown["\[PartialD]"][L, OverDot[q, 1]] \[CenterDot] 
           Tensor[Q, {Void}, {r}]}[Style["n constants of motion", 
         RGBColor[0, 2/3, 0], FontFamily -> "Helvetica"]]}[
      Style["$tuNoetherSimpleForm", RGBColor[0, 2/3, 0], 
       FontFamily -> "Helvetica"]]}
 
T[A_, uds_String][index0__] := Module[{tmp, ud = Characters[uds], 
      index = {index0}}, If[Cases[ud, Except["u" | "d"]] === {} && 
       (tmp = Which[Head[index] === List && Length[ud] == Length[index], 
          Tensor[A, MapThread[If[#1 === "u", #2, Void] & , {ud, index}], 
           MapThread[If[#1 === "d", #2, Void] & , {ud, index}]], 
          ud === {"u"}, Tensor[A, {index}, {Void}], ud === {"d"}, 
          Tensor[A, {Void}, {index}], True, -1]) =!= -1, tmp, 
      Style[Tensor[A, uds, index], FontColor -> Red]]]
 
T[A_, up_List, down_List] := Module[{tmp, u = up /. Null -> Void, 
      d = down /. Null -> Void, return}, 
     If[up == {} && down == {}, Return[Tensor[A, up, down]]]; 
      If[up == {}, u = Table[Void, {Length[d]}]]; 
      If[down == {}, d = Table[Void, {Length[u]}]]; 
      If[Length[d] == Length[u] &&  !Inner[(#1 =!= Void && #2 =!= Void) || 
            (#1 === Void && #2 === Void) & , u, d, Or], Tensor[A, u, d], 
       Style[Tensor[A, up, down], FontColor -> Red]]]
 
T[A_, uds_String, index_List] := Module[{tmp, ud = Characters[uds]}, 
     If[Cases[ud, Except["u" | "d"]] === {} && 
       (tmp = Which[Head[index] === List && Length[ud] == Length[index], 
          Tensor[A, MapThread[If[#1 === "u", #2, Void] & , {ud, index}], 
           MapThread[If[#1 === "d", #2, Void] & , {ud, index}]], 
          ud === {"u"}, Tensor[A, {index}, {Void}], ud === {"d"}, 
          Tensor[A, {Void}, {index}], True, -1]) =!= -1, tmp, 
      Style[Tensor[A, uds, index], FontColor -> Red]]]
 
T /: T::usage = "T[A_,uds_String][index0__] produces any Tensor where \
uds_String specifies up/down position of index_, \
e.g.,T[Symbol,\"udd\"][i,j,k]->((\!\(\*SuperscriptBox[\(Symbol\), \
\(i\)]\)\!\(\*SubscriptBox[\()\), \(jk\)]\))"
