tmpY0 = Y[t] -> n[t]/s[t]
 
tmpYf = Tensor[Y, {Void}, {f}] -> (45*Subscript[X, f])/
      (2*Pi^2*BraKet[\[Sigma] . v]*Subscript[g, \[FivePointedStar]]*
       Subscript[M, p1]*Tensor[m, {Void}, {X}])
 
Tensor /: Tensor::usage = "Tensor[A, upindices, downindices] represents a \
tensor with the label A and the given up and down indices. The list of up and \
down indices must be equal in length. Missing indices are indicated by Void. \
Tensor[\[Phi]] represents a scalar tensor."
 
Void /: Void::usage = 
     "Void is used to indicate a blank slot in the up or down tensor \
indices."
 
Attributes[Subscript] = {NHoldRest}
 
g[a_] := GammaSlash[a]
 
subX = Tensor[m, {Void}, {X}]/Subscript[T, f] -> Subscript[X, f]
 
subn = Tensor[n, {Void}, {X}] -> (Tensor[g, {Void}, {X}]*
       (Subscript[T, f]*Tensor[m, {Void}, {X}])^(3/2))/
      (2*Sqrt[2]*E^(Tensor[m, {Void}, {X}]/Subscript[T, f])*Pi^(3/2))
 
dodelson39 = xPartialD[a[t]^3*Tensor[n, {Void}, {1}][t], t]/a[t]^3 == 
     BraKet[\[Sigma] . v]*Tensor[n, {Void}, {1}][0]*Tensor[n, {Void}, {2}][0]*
      (-((Tensor[n, {Void}, {1}][t]*Tensor[n, {Void}, {2}][t])/
         (Tensor[n, {Void}, {1}][0]*Tensor[n, {Void}, {2}][0])) + 
       (Tensor[n, {Void}, {3}][t]*Tensor[n, {Void}, {4}][t])/
        (Tensor[n, {Void}, {3}][0]*Tensor[n, {Void}, {4}][0]))
 
dodelson330 = t -> 132*(0.1[MeV]^2/T^2)[s]
