$ = Tensor[R, {a, Void}, {Void, c}] -> 
     difForm[Tensor[\[Omega], {a, Void}, {Void, c}][x]] + 
      Tensor[\[Omega], {a, Void}, {Void, b}][x] \[Wedge] 
       Tensor[\[Omega], {b, Void}, {Void, c}][x]
 
Void /: Void::shdw = "Symbol `1` appears in multiple contexts `2`; \
definitions in context `3` may shadow or be shadowed by other definitions."
 
Void /: Void::usage = "Void represents an uninitialized type, or a function \
that returns no result."
 
$0 = difForm[Tensor[x, {Void}, {\[Mu]}]]*tuDUp["\[Del]"][
      difForm[Tensor[x, {\[Mu]}, {Void}]]*tuDDown["\[Del]"][
        Tensor[\[Phi], {a}, {Void}][x], \[Mu]], \[Mu]]
 
$0p = {2, 2, 1} -> Tensor[\[Epsilon], {Void, Void}, {Subscript[a, 1], 
          Subscript[a, 2]}] . Tensor[\[ScriptE], {Subscript[a, 1]}, {Void}] . 
        Tensor[\[ScriptE], {Subscript[a, 2]}, {Void}]*Subscript[a, 0] + 
      Tensor[\[Epsilon], {Void, Void}, {Subscript[a, 1], Subscript[a, 2]}] . 
        Tensor[R, {Subscript[a, 1], Subscript[a, 2]}, {Void, Void}]*
       Subscript[a, 1]
 
Attributes[Subscript] = {NHoldRest}
 
Attributes[$0$] = {Temporary}
 
$1 = {{2, 2} -> -(Tensor[R, {Subscript[a, 1], Subscript[a, 2]}, {Void, Void}]*
        Tensor[\[Epsilon], {Void, Void, Void, Void}, {Subscript[a, 1], 
          Subscript[a, 2], Subscript[a, 3], Subscript[a, 4]}]*
        Tensor[\[ScriptE], {Subscript[a, 3]}, {Void}] \[Wedge] 
         \[Delta][Tensor[\[ScriptE], {Subscript[a, 4]}, {Void}]])}
 
Attributes[$1a$] = {Temporary}
 
Attributes[$1c$] = {Temporary}
 
Attributes[$1s$] = {Temporary}
 
Attributes[$1$] = {Temporary}
 
$2 = Subscript[\[Tau], 0] -> Tensor[T, {a}, {Void}]*Tensor[T, {Void}, {a}]
 
T[A_, uds_String][index0__] := Module[{tmp, ud = Characters[uds], 
      index = {index0}}, If[Cases[ud, Except["u" | "d"]] === {} && 
       (tmp = Which[Head[index] === List && Length[ud] == Length[index], 
          Tensor[A, MapThread[If[#1 === "u", #2, Void] & , {ud, index}], 
           MapThread[If[#1 === "d", #2, Void] & , {ud, index}]], 
          ud === {"u"}, Tensor[A, {index}, {Void}], ud === {"d"}, 
          Tensor[A, {Void}, {index}], True, -1]) =!= -1, tmp, 
      Style[Tensor[A, uds, index], FontColor -> Red]]]
 
T[A_, up_List, down_List] := Module[{tmp, u = up /. Null -> Void, 
      d = down /. Null -> Void, return}, 
     If[up == {} && down == {}, Return[Tensor[A, up, down]]]; 
      If[up == {}, u = Table[Void, {Length[d]}]]; 
      If[down == {}, d = Table[Void, {Length[u]}]]; 
      If[Length[d] == Length[u] &&  !Inner[(#1 =!= Void && #2 =!= Void) || 
            (#1 === Void && #2 === Void) & , u, d, Or], Tensor[A, u, d], 
       Style[Tensor[A, up, down], FontColor -> Red]]]
 
T[A_, uds_String, index_List] := Module[{tmp, ud = Characters[uds]}, 
     If[Cases[ud, Except["u" | "d"]] === {} && 
       (tmp = Which[Head[index] === List && Length[ud] == Length[index], 
          Tensor[A, MapThread[If[#1 === "u", #2, Void] & , {ud, index}], 
           MapThread[If[#1 === "d", #2, Void] & , {ud, index}]], 
          ud === {"u"}, Tensor[A, {index}, {Void}], ud === {"d"}, 
          Tensor[A, {Void}, {index}], True, -1]) =!= -1, tmp, 
      Style[Tensor[A, uds, index], FontColor -> Red]]]
 
T /: T::usage = "T[A_,uds_String][index0__] produces any Tensor where \
uds_String specifies up/down position of index_, \
e.g.,T[Symbol,\"udd\"][i,j,k]->((\!\(\*SuperscriptBox[\(Symbol\), \
\(i\)]\)\!\(\*SubscriptBox[\()\), \(jk\)]\))"
 
tmp = Column[{d[p + q] -> 2*d[t], d[p - q] -> (2*r*d[r])/
        (r - Subscript[r, S])}]
 
Attributes[$2a$] = {Temporary}
 
Attributes[$2b$] = {Temporary}
 
Attributes[$2c$] = {Temporary}
 
Attributes[$2m$] = {Temporary}
 
Attributes[$2td$] = {Temporary}
 
Attributes[$2t$] = {Temporary}
 
Attributes[$2$] = {Temporary}
 
Attributes[$4$] = {Temporary}
 
$a = {p + q -> 2*t, p - q -> 
      2*(r + Log[Abs[r - Subscript[r, S]]/Subscript[r, S]]*Subscript[r, S])}
 
Attributes[$aa$] = {Temporary}
 
Attributes[$argn$] = {Temporary}
 
Attributes[$Arg$] = {Temporary}
 
Attributes[$a$] = {Temporary}
 
$b = -U^2 + V^2 -> (E^(r/Subscript[r, S])*(-r + Subscript[r, S]))/
      Subscript[r, S]
 
Attributes[$bb$] = {Temporary}
 
Attributes[$b$] = {Temporary}
 
Attributes[$cc$] = {Temporary}
 
Attributes[$common$] = {Temporary}
 
Attributes[$const$] = {Temporary}
 
Attributes[$c$] = {Temporary}
 
Attributes[$d0$] = {Temporary}
 
Attributes[$d1$] = {Temporary}
 
Attributes[$d2$] = {Temporary}
 
$def["CS"] = 
    {{{Tensor[\[ScriptE], {a}, {Void}] -> difForm[Tensor[x, {\[Mu]}, {Void}]]*
           Tensor[\[ScriptE], {a, Void}, {Void, \[Mu]}][x]}[
        Style["vielbein(metric)", RGBColor[0, 2/3, 0], Larger]], 
       {Tensor[\[Omega], {a, Void}, {Void, b}] -> 
          difForm[Tensor[x, {\[Mu]}, {Void}]]*Tensor[\[Omega], 
             {a, Void, Void}, {Void, b, \[Mu]}][x]}[
        Style["Lorentz transform(affine feature)", RGBColor[0, 2/3, 0], 
         Larger]], {a, b, \[CenterEllipsis]}[Style["Lorentz indices", 
         RGBColor[0, 2/3, 0], Larger]], {\[Mu], \[Nu], \[CenterEllipsis]}[
        Style["spacetime indices", RGBColor[0, 2/3, 0], Larger]]}[
      Style["spacetime geometry", RGBColor[0, 2/3, 0], Larger]], 
     Style["tangent space tensors replace spacetime tensor ", 
      RGBColor[0, 2/3, 0], Larger], Tensor[R, {a, Void}, {Void, b}] -> 
      difForm[Tensor[\[Omega], {a, Void}, {Void, b}]] + 
       Tensor[\[Omega], {a, Void}, {Void, c}] \[Wedge] 
        Tensor[\[Omega], {c, Void}, {Void, b}], 
     Tensor[R, {a, Void}, {Void, b}] -> 
      (Tensor[R, {a, Void, Void, Void}, {Void, b, \[Mu], \[Nu]}]*
        difForm[Tensor[x, {\[Mu]}, {Void}]] \[Wedge] 
         difForm[Tensor[x, {\[Nu]}, {Void}]])/2, 
     {Tensor[R, {a, b, Void, Void}, {Void, Void, \[Mu], \[Nu]}] -> 
        Tensor[R, {\[Alpha], \[Beta], Void, Void}, {Void, Void, \[Mu], 
           \[Nu]}]*Tensor[\[ScriptE], {a, Void}, {Void, \[Alpha]}]*
         Tensor[\[ScriptE], {b, Void}, {Void, \[Beta]}]}[
      Style["for torsion\[Rule]0", RGBColor[0, 2/3, 0], Larger]], 
     {Tensor[T, {a}, {Void}] -> difForm[Tensor[\[ScriptE], {a}, {Void}]] + 
         Tensor[\[Omega], {a, Void}, {Void, b}] \[Wedge] Tensor[\[ScriptE], 
           {b}, {Void}]}[Style["torsion 2-form", RGBColor[0, 2/3, 0], 
       Larger]], {Tensor[\[ScriptE], {a}, {Void}], Tensor[\[Omega], 
        {a, Void}, {Void, b}], Tensor[R, {a, Void}, {Void, b}], 
       Tensor[T, {a}, {Void}]}[Style["building blocks for 1st order gravity", 
       RGBColor[0, 2/3, 0], Larger]], Subscript[\[ScriptCapitalP], 2*k][
       Style["Pontryagin form", RGBColor[0, 2/3, 0], Larger]] -> 
      Tensor[R, {Subscript[a, 1], Void}, {Void, Subscript[a, 2]}] . 
       Tensor[R, {Subscript[a, 2], Void}, {Void, Subscript[a, 3]}] . 
       \[CenterEllipsis] . Tensor[R, {Subscript[a, k], Void}, 
        {Void, Subscript[a, 1]}], 
     {Subscript[v, k] -> Tensor[\[ScriptE], {Void}, {Subscript[a, 1]}] . 
         Tensor[R, {Subscript[a, 1], Void}, {Void, Subscript[a, 2]}] . 
         Tensor[R, {Subscript[a, 2], Void}, {Void, Subscript[a, 3]}] . 
         \[CenterEllipsis] . Tensor[R, {Subscript[a, k], Void}, {Void, b}] . 
         Tensor[\[ScriptE], {b}, {Void}]}[Style["k odd", RGBColor[0, 2/3, 0], 
       Larger]], {Subscript[\[Tau], k] -> 
        Tensor[T, {Void}, {Subscript[a, 1]}] . Tensor[R, {Subscript[a, 1], 
           Void}, {Void, Subscript[a, 2]}] . Tensor[R, {Subscript[a, 2], 
           Void}, {Void, Subscript[a, 3]}] . \[CenterEllipsis] . 
         Tensor[R, {Subscript[a, k], Void}, {Void, b}] . 
         Tensor[T, {b}, {Void}]}[Style["k even", RGBColor[0, 2/3, 0], 
       Larger]], Subscript[\[Zeta], k] -> Tensor[\[ScriptE], {Void}, 
        {Subscript[a, 1]}] . Tensor[R, {Subscript[a, 1], Void}, 
        {Void, Subscript[a, 2]}] . Tensor[R, {Subscript[a, 2], Void}, 
        {Void, Subscript[a, 3]}] . \[CenterEllipsis] . 
       Tensor[R, {Subscript[a, k], Void}, {Void, b}] . 
       Tensor[T, {b}, {Void}], 
     {Subscript[\[ScriptCapitalE], Style[D, Italic]][Style["Euler form", 
          RGBColor[0, 2/3, 0], Larger]] -> 
        Tensor[\[Epsilon], {Void, Void, Void}, {Subscript[a, 1], 
           \[CenterEllipsis], Subscript[a, Style[D, Italic]]}] . 
         Tensor[R, {Subscript[a, 1], Subscript[a, 2]}, {Void, Void}] . 
         Tensor[R, {Subscript[a, 3], Subscript[a, 4]}, {Void, Void}] . 
         \[CenterEllipsis] . Tensor[R, {Subscript[a, -1 + Style[D, Italic]], 
           Subscript[a, Style[D, Italic]]}, {Void, Void}]}[
      Style["D even", RGBColor[0, 2/3, 0], Larger]], 
     Subscript[Style[L, Italic], p] -> Tensor[\[Epsilon], {Void, Void, Void}, 
        {Subscript[a, 1], \[CenterEllipsis], Subscript[a, 
          Style[D, Italic]]}] . Tensor[R, {Subscript[a, 1], Subscript[a, 2]}, 
        {Void, Void}] . Tensor[R, {Subscript[a, 3], Subscript[a, 4]}, 
        {Void, Void}] . \[CenterEllipsis] . Tensor[R, 
        {Subscript[a, -1 + 2*p], Subscript[a, 2*p]}, {Void, Void}] . 
       Tensor[\[ScriptE], {Subscript[a, 1 + 2*p]}, {Void}] . 
       \[CenterEllipsis] . Tensor[\[ScriptE], 
        {Subscript[a, Style[D, Italic]]}, {Void}], 
     {Subscript[\[ScriptCapitalP], 4*k]}[
      Style["topological invariant in 4k-dim", RGBColor[0, 2/3, 0], Larger], 
      Style[Element[Subscript[\[CapitalOmega], k]*Inactive[Integrate][
          Tensor[\[ScriptCapitalP], {Void}, {4*k}], M^(4*k)], 
        \[DoubleStruckCapitalZ]], RGBColor[0, 2/3, 0], Larger]], 
     {Subscript[\[ScriptCapitalE], 2*n]}[
      Style["topological invariant in 2n-dim", RGBColor[0, 2/3, 0], Larger], 
      Style[Element[Subscript[\[CapitalOmega], n]*Inactive[Integrate][
          Subscript[\[ScriptCapitalE], 2*n], M^(2*n)], 
        \[DoubleStruckCapitalZ]], RGBColor[0, 2/3, 0], Larger]], 
     Implies[{Tensor[T, {b_}, {Void}] -> 0}, 
      {Style["GravityAction[\[Not]fn[LorentzTransform,metric]]", 
        RGBColor[0, 2/3, 0], Larger], 
       Subscript[Style["I", Italic], Style[D, Italic]][\[ScriptE], 
         \[Omega]] -> \[Kappa]*Inactive[Integrate][
          Sum[Subscript[a, p]*Subscript[Style[L, Italic]^Style[D, Italic], 
             p], {p, 0, Style[D, Italic]/2}], M], Subscript[a, p][
        Style["arbitrary constants", RGBColor[0, 2/3, 0], Larger]], 
       Subscript[Style[L, Italic]^Style[D, Italic], p] -> 
        Tensor[\[Epsilon], {Void, Void, Void}, {Subscript[a, 1], 
           \[CenterEllipsis], Subscript[a, Style[D, Italic]]}] . 
         Tensor[R, {Subscript[a, 1], Subscript[a, 2]}, {Void, Void}] . 
         Tensor[R, {Subscript[a, 3], Subscript[a, 4]}, {Void, Void}] . 
         \[CenterEllipsis] . Tensor[R, {Subscript[a, -1 + 2*p], 
           Subscript[a, 2*p]}, {Void, Void}] . Tensor[\[ScriptE], 
          {Subscript[a, 1 + 2*p]}, {Void}] . \[CenterEllipsis] . 
         Tensor[\[ScriptE], {Subscript[a, Style[D, Italic]]}, {Void}]}], 
     (Subscript[\[ScriptCapitalE], a] -> Sum[p*(-2*p + Style[D, Italic])*
         Subscript[a, p]*Subscript[\[ScriptCapitalE], a]^p, 
        {p, 0, (-1 + Style[D, Italic])/2}]) -> 0, 
     (Subscript[\[ScriptCapitalE], a, b] -> Sum[p*(-2*p + Style[D, Italic])*
         Subscript[a, p]*Subscript[\[ScriptCapitalE], a, b]^p, 
        {p, 1, (-1 + Style[D, Italic])/2}]) -> 0, 
     Subscript[\[ScriptCapitalE], a]^p -> 
      Tensor[\[Epsilon], {Void, Void, Void, Void}, {a, Subscript[a, 2], 
         \[CenterEllipsis], Subscript[a, Style[D, Italic]]}] . 
       Tensor[R, {Subscript[a, 2], Subscript[a, 3]}, {Void, Void}] . 
       Tensor[R, {Subscript[a, 4], Subscript[a, 5]}, {Void, Void}] . 
       \[CenterEllipsis] . Tensor[R, {Subscript[a, 2*p], 
         Subscript[a, 1 + 2*p]}, {Void, Void}] . Tensor[\[ScriptE], 
        {Subscript[a, 2 + 2*p]}, {Void}] . \[CenterEllipsis] . 
       Tensor[\[ScriptE], {Subscript[a, Style[D, Italic]]}, {Void}], 
     Subscript[\[ScriptCapitalE], a, b]^p -> 
      Tensor[\[Epsilon], {Void, Void, Void, Void, Void}, 
        {a, b, Subscript[a, 2], \[CenterEllipsis], Subscript[a, 
          Style[D, Italic]]}] . Tensor[R, {Subscript[a, 3], Subscript[a, 4]}, 
        {Void, Void}] . Tensor[R, {Subscript[a, 5], Subscript[a, 6]}, 
        {Void, Void}] . \[CenterEllipsis] . Tensor[R, 
        {Subscript[a, -1 + 2*p], Subscript[a, 2*p]}, {Void, Void}] . 
       Tensor[T, {Subscript[a, 1 + 2*p]}, {Void}] . Tensor[\[ScriptE], 
        {Subscript[a, 2 + 2*p]}, {Void}] . Tensor[\[ScriptE], 
        {Subscript[a, 3 + 2*p]}, {Void}] . \[CenterEllipsis] . 
       Tensor[\[ScriptE], {Subscript[a, Style[D, Italic]]}, {Void}], 
     \[Delta][Tensor[\[Omega], {a, b}, {Void, Void}]] -> 
      difForm[Tensor[\[Lambda], {a, b}, {Void, Void}]] - 
       \[CapitalLambda]*(-(Tensor[\[ScriptE], {b}, {Void}]*
           Tensor[\[Lambda], {a}, {Void}]) + Tensor[\[ScriptE], {a}, {Void}]*
          Tensor[\[Lambda], {b}, {Void}]) + Tensor[\[Lambda], {c, b}, 
         {Void, Void}]*Tensor[\[Omega], {a, Void}, {Void, c}] + 
       Tensor[\[Lambda], {c, a}, {Void, Void}]*Tensor[\[Omega], {b, Void}, 
         {Void, c}], \[Delta][Tensor[\[ScriptE], {a}, {Void}]] -> 
      difForm[Tensor[\[Lambda], {a}, {Void}]] - 
       Tensor[\[ScriptE], {b}, {Void}]*Tensor[\[Lambda], {a, Void}, 
         {Void, b}] + Tensor[\[Lambda], {b}, {Void}]*Tensor[\[Omega], 
         {a, Void}, {Void, b}], Style["or", RGBColor[0, 2/3, 0], Larger], 
     \[Delta][{{Tensor[\[Omega], {a, b}, {Void, Void}], 
         Tensor[\[ScriptE], {a}, {Void}]/Style["l", Italic]}, 
        {-(Tensor[\[ScriptE], {b}, {Void}]/Style["l", Italic]), 0}}] -> 
      -({{Tensor[\[Lambda], {a, c}, {Void, Void}], 
           Tensor[\[Lambda], {a}, {Void}]/Style["l", Italic]}, 
          {-(Tensor[\[Lambda], {c}, {Void}]/Style["l", Italic]), 
           0}} \[CenterDot] {{Tensor[\[Omega], {Void, b}, {c, Void}], 
           Tensor[\[ScriptE], {Void}, {c}]/Style["l", Italic]}, 
          {(\[PlusMinus]Tensor[\[ScriptE], {b}, {Void}])/Style["l", Italic], 
           0}}) + {{Tensor[\[Omega], {a, Void}, {Void, c}], 
          Tensor[\[ScriptE], {a}, {Void}]/Style["l", Italic]}, 
         {-(Tensor[\[ScriptE], {Void}, {c}]/Style["l", Italic]), 
          0}} \[CenterDot] {{Tensor[\[Lambda], {c, b}, {Void, Void}], 
          Tensor[\[Lambda], {c}, {Void}]/Style["l", Italic]}, 
         {(\[PlusMinus]Tensor[\[Lambda], {b}, {Void}])/Style["l", Italic], 
          0}} + difForm[{{Tensor[\[Lambda], {a, b}, {Void, Void}], 
          Tensor[\[Lambda], {a}, {Void}]/Style["l", Italic]}, 
         {-(Tensor[\[Lambda], {b}, {Void}]/Style["l", Italic]), 0}}], 
     \[Delta][Tensor[W, {A, B}, {Void, Void}]] -> 
      difForm[Tensor[\[CapitalLambda], {A, B}, {Void, Void}]] - 
       Tensor[W, {Void, B}, {C, Void}]*Tensor[\[CapitalLambda], {A, C}, 
         {Void, Void}] + Tensor[W, {A, Void}, {Void, C}]*
        Tensor[\[CapitalLambda], {C, B}, {Void, Void}], 
     {Tensor[W, {A, B}, {Void, Void}] -> 
        {{Tensor[\[Omega], {a, b}, {Void, Void}], 
          Tensor[\[ScriptE], {a}, {Void}]/Style["l", Italic]}, 
         {-(Tensor[\[ScriptE], {b}, {Void}]/Style["l", Italic]), 0}}}[
      Style["1-form transforming as a connection", RGBColor[0, 2/3, 0], 
       Larger]], {Tensor[\[CapitalLambda], {A, B}, {Void, Void}] -> 
        {{Tensor[\[Lambda], {a, b}, {Void, Void}], 
          Tensor[\[Lambda], {a}, {Void}]/Style["l", Italic]}, 
         {-(Tensor[\[Lambda], {b}, {Void}]/Style["l", Italic]), 0}}}[
      Style["0-form infinitessimal transform parameter", RGBColor[0, 2/3, 0], 
       Larger]], Style["Transform group is \
(?symmetric,\[DoubleStruckCapitalR],bilinear)\[Implies]SO[r,s].", 
      RGBColor[0, 2/3, 0], Larger], a | b, 1, Style[D, Italic], A | B, 
     1 + Style[D, Italic], {Tensor[\[CapitalPi], {A, B}, {Void, Void}] -> 
        {{Tensor[\[Eta], {a, b}, {Void, Void}], 0}, {0, \[MinusPlus]1}}}[
      Style["metric for W", RGBColor[0, 2/3, 0], Larger]], 
     Tensor[W, {A, B}, {Void, Void}] -> Tensor[W, {A, Void}, {Void, C}]*
       Tensor[\[CapitalPi], {B, C}, {Void, Void}], 
     tuDDown["\[Del]"][Tensor[\[CapitalPi], {A, B}, {Void, Void}], W] -> 
      difForm[Tensor[\[CapitalPi], {A, B}, {Void, Void}]] + 
        Tensor[W, {B, Void}, {Void, C}]*Tensor[\[CapitalPi], {A, C}, 
          {Void, Void}] + Tensor[W, {A, Void}, {Void, C}]*
         Tensor[\[CapitalPi], {C, B}, {Void, Void}] -> 0, 
     Style["This an immersion of 3-dim Lorentz group into a larger symmetry \
group with (A)dS connections.  Poincare symmetry is recovered by \
l\[LongRightArrow]\[Infinity]", RGBColor[0, 2/3, 0], Larger]}
 
Attributes[CenterDot] = {Flat, OneIdentity}
 
Attributes[$deltas$] = {Temporary}
 
Attributes[$dif$] = {Temporary}
 
$dim = Style[D, Italic] -> 4
 
Attributes[$ds2$] = {Temporary}
 
Attributes[$dummy$] = {Temporary}
 
Attributes[$dum$] = {Temporary}
 
Attributes[$d$] = {Temporary}
 
Attributes[$e$] = {Temporary}
 
Attributes[$forms$] = {Temporary}
 
Attributes[$forms$10817] = {Temporary}
 
$forms$10817 = {Tensor[\[Phi], {a}, {Void}][x] -> 0, 
     Tensor[\[Phi], {dm[$180]}, {Void}][x] -> 0, 
     Tensor[\[Phi], {dm[$179]}, {Void}][x] -> 0, 
     Tensor[\[Phi], {dm[$181]}, {Void}][x] -> 0, 
     Tensor[\[Omega], {a, Void}, {Void, dm[$180]}][x] -> 1, 
     Tensor[\[Omega], {a, Void}, {Void, dm[$179]}][x] -> 1, 
     Tensor[\[Omega], {dm[$179], Void}, {Void, dm[$181]}][x] -> 1}
 
Attributes[$forms$16353] = {Temporary}
 
$forms$16353 = {Tensor[\[Phi], {a}, {Void}][x] -> 0, 
     Tensor[\[Phi], {dm[$183]}, {Void}][x] -> 0, 
     Tensor[\[Phi], {dm[$182]}, {Void}][x] -> 0, 
     Tensor[\[Phi], {dm[$184]}, {Void}][x] -> 0, 
     Tensor[\[Omega], {a, Void}, {Void, dm[$183]}][x] -> 1, 
     Tensor[\[Omega], {a, Void}, {Void, dm[$182]}][x] -> 1, 
     Tensor[\[Omega], {dm[$182], Void}, {Void, dm[$184]}][x] -> 1}
 
Attributes[$forms$16737] = {Temporary}
 
$forms$16737 = {Tensor[\[Phi], {a}, {Void}][x] -> 0, 
     Tensor[\[Phi], {dm[$186]}, {Void}][x] -> 0, 
     Tensor[\[Phi], {dm[$185]}, {Void}][x] -> 0, 
     Tensor[\[Phi], {dm[$187]}, {Void}][x] -> 0, 
     Tensor[\[Omega], {a, Void}, {Void, dm[$186]}][x] -> 1, 
     Tensor[\[Omega], {a, Void}, {Void, dm[$185]}][x] -> 1, 
     Tensor[\[Omega], {dm[$185], Void}, {Void, dm[$187]}][x] -> 1}
 
Attributes[$forms$17017] = {Temporary}
 
$forms$17017 = {Tensor[\[Phi], {a}, {Void}][x] -> 0, 
     Tensor[\[Phi], {dm[$189]}, {Void}][x] -> 0, 
     Tensor[\[Phi], {dm[$188]}, {Void}][x] -> 0, 
     Tensor[\[Phi], {dm[$190]}, {Void}][x] -> 0, 
     Tensor[\[Omega], {a, Void}, {Void, dm[$189]}][x] -> 1, 
     Tensor[\[Omega], {a, Void}, {Void, dm[$188]}][x] -> 1, 
     Tensor[\[Omega], {dm[$188], Void}, {Void, dm[$190]}][x] -> 1}
 
Attributes[$formvar$] = {Temporary}
 
Attributes[$f$] = {Temporary}
 
Attributes[$gall$] = {Temporary}
 
Attributes[$generalForm$] = {Temporary}
 
Attributes[$gs$] = {Temporary}
 
Attributes[$h1$] = {Temporary}
 
Attributes[$head$] = {Temporary}
 
Attributes[$h$] = {Temporary}
 
Attributes[$ii$] = {Temporary}
 
Attributes[$index$] = {Temporary}
 
Attributes[$ind$] = {Temporary}
 
Attributes[$in$] = {Temporary}
 
Attributes[$i$] = {Temporary}
 
Attributes[$j$] = {Temporary}
 
Attributes[$keys$] = {Temporary}
 
Attributes[$k$] = {Temporary}
 
$l = Subscript[Style[L, Italic]^Style[D, Italic], p] -> 
     Tensor[\[Epsilon], {Void, Void, Void}, {Subscript[a, 1], 
        \[CenterEllipsis], Subscript[a, Style[D, Italic]]}] . 
      Tensor[R, {Subscript[a, 1], Subscript[a, 2]}, {Void, Void}] . 
      Tensor[R, {Subscript[a, 3], Subscript[a, 4]}, {Void, Void}] . 
      \[CenterEllipsis] . Tensor[R, {Subscript[a, -1 + 2*p], 
        Subscript[a, 2*p]}, {Void, Void}] . Tensor[\[ScriptE], 
       {Subscript[a, 1 + 2*p]}, {Void}] . \[CenterEllipsis] . 
      Tensor[\[ScriptE], {Subscript[a, Style[D, Italic]]}, {Void}]
 
$l0 = Subscript[Style[L, Italic]^2, 0] -> 
     Tensor[\[Epsilon], {Void, Void}, {Subscript[a, 1], Subscript[a, 2]}] . 
      Tensor[\[ScriptE], {Subscript[a, 1]}, {Void}] . 
      Tensor[\[ScriptE], {Subscript[a, 2]}, {Void}]
 
$l1 = Subscript[Style[L, Italic]^2, 1] -> 
     Tensor[\[Epsilon], {Void, Void}, {Subscript[a, 1], Subscript[a, 2]}] . 
      Tensor[R, {Subscript[a, 1], Subscript[a, 2]}, {Void, Void}]
 
Attributes[$list$] = {Temporary}
 
Attributes[$low$] = {Temporary}
 
$lvals = {r/Subscript[r, S] -> 1.1, r/Subscript[r, S] -> 6, 
     r/Subscript[r, S] -> 8, r/Subscript[r, S] -> 9}
 
Attributes[$L$] = {Temporary}
 
Attributes[$matches$] = {Temporary}
 
Attributes[$match$] = {Temporary}
 
Attributes[$npat$] = {Temporary}
 
Attributes[$n$] = {Temporary}
 
Attributes[$n$15910] = {Temporary}
 
$op = difForm[Tensor[x, {\[Mu]}, {Void}]]*
     tuDDown["\[PartialD]"][arg[], \[Mu]] \[Wedge] arg[]
 
$op0 = difForm[Tensor[x, {\[Mu]}, {Void}]]*tuDDown["\[PartialD]"][
       Tensor[\[Phi], {a}, {Void}][x], \[Mu]] -> 
     difForm[Tensor[\[Phi], {a}, {Void}][x]]
 
Attributes[$p0$] = {Temporary}
 
Attributes[$patterns$] = {Temporary}
 
Attributes[$Pattern$] = {Temporary}
 
Attributes[$pat$] = {Temporary}
 
Attributes[$placeholder$] = {Temporary}
 
$plt = {xParametricPlot[{ArcTan[1, 80 - t] + ArcTan[1, 80 + t], 
       -ArcTan[1, 80 - t] + ArcTan[1, 80 + t]}, {t, -160, 160}, 
      AxesLabel -> {R, T}, PlotRange -> Pi, Axes -> True, 
      PlotLegends -> "Expressions"], xParametricPlot[
      {ArcTan[1, 5/4 - t] + ArcTan[1, 5/4 + t], -ArcTan[1, 5/4 - t] + 
        ArcTan[1, 5/4 + t]}, {t, -160, 160}, AxesLabel -> {R, T}, 
      PlotRange -> Pi, Axes -> True], xParametricPlot[
      {ArcTan[1, 5/8 - t] + ArcTan[1, 5/8 + t], -ArcTan[1, 5/8 - t] + 
        ArcTan[1, 5/8 + t]}, {t, -160, 160}, AxesLabel -> {R, T}, 
      PlotRange -> Pi, Axes -> True], xParametricPlot[
      {ArcTan[1, 2*t], ArcTan[1, 2*t]}, {t, 0, 160}, AxesLabel -> {R, T}, 
      PlotRange -> Pi, Axes -> True, PlotLegends -> "light ray"]}
 
Attributes[$pos$] = {Temporary}
 
Attributes[$pvar1$] = {Temporary}
 
Attributes[$pvar$] = {Temporary}
 
Attributes[$p$] = {Temporary}
 
Attributes[$p$15910] = {Temporary}
 
$p$15910 = {}
 
$r = 160
 
$r0 = 5/8
 
Attributes[$range$] = {Temporary}
 
Attributes[$rhead$] = {Temporary}
 
Attributes[$right$] = {Temporary}
 
Attributes[$rp$] = {Temporary}
 
Attributes[$rules$] = {Temporary}
 
Attributes[$rule$] = {Temporary}
 
Attributes[$r$] = {Temporary}
 
$s = {{difForm[Tensor[x, {\[Mu]}, {Void}]]*tuDDown["\[Del]"][\[Phi]_, 
         \[Mu]] -> Style[D, Italic][\[Phi]], 
      difForm[Tensor[x, {Void}, {\[Mu]}]]*tuDUp["\[Del]"][\[Phi]_, \[Mu]] -> 
       Style[D, Italic][\[Phi]]}, difForm[Tensor[x, {\[Mu]}, {Void}]]*
       Tensor[\[Omega], {a_, Void, Void}, {Void, b_, \[Mu]}][x] -> 
      Tensor[\[Omega], {a, Void}, {Void, b}][x], 
     Style[D, Italic][Tensor[\[Phi], {a_}, {Void}][x]] -> 
      difForm[Tensor[\[Phi], {a}, {Void}][x]] + 
       Tensor[\[Phi], {c}, {Void}][x]*Tensor[\[Omega], {a, Void}, {Void, c}][
         x]}
 
$s0 = Tensor[\[Omega], {a, Void}, {Void, dm[$188]}][x] \[Wedge] 
      difForm[Tensor[\[Phi], {dm[$188]}, {Void}][x]] - 
     Tensor[\[Omega], {a, Void}, {Void, dm[$189]}][x] \[Wedge] 
      difForm[Tensor[\[Phi], {dm[$189]}, {Void}][x]]
 
$s1 = {p -> r + t, q -> -r + t}
 
$s1i = {t -> (p + q)/2, r -> (p - q)/2}
 
Attributes[$s1$] = {Temporary}
 
$s2 = {d[p] -> (2*d[P]*Subscript[r, S])/P, 
     d[q] -> (-2*d[Q]*Subscript[r, S])/Q}
 
$s2a = {P -> E^(p/(2*Subscript[r, S])), Q -> -E^(-q/(2*Subscript[r, S]))}
 
$s3 = {p -> Tan[P], q -> Tan[Q]}
 
$s3i = {P -> ArcTan[p], Q -> ArcTan[q]}
 
$s4 = {T -> P + Q, R -> P - Q}
 
$s4a = {V -> (P + Q)/2, U -> (P - Q)/2}
 
$s4i = {P -> (R + T)/2, Q -> (-R + T)/2}
 
$scalar = {Tensor[\[ScriptE], {_, Void}, {Void, _}][_], 
     Tensor[\[Omega], {_, Void, Void}, {Void, _, _}][_]}
 
Attributes[$scal$] = {Temporary}
 
$sd = Style[D, Italic] -> 2
 
$se = \[Delta][Tensor[\[ScriptE], {a_}, {Void}]] -> 
     difForm[Tensor[\[Lambda], {a}, {Void}]] + Tensor[\[Lambda], {b}, {Void}]*
       Tensor[\[Omega], {a, Void}, {Void, b}]
 
$sgeneral := {T[\[Gamma], "d", {5}] -> Product[T[\[Gamma], "u", {\[Mu]}], 
       {\[Mu], 4}], T[\[Gamma], "d", {5}] . T[\[Gamma], "d", {5}] -> 1, 
     ConjugateTranspose[T[\[Gamma], "d", {5}]] -> T[\[Gamma], "d", {5}], 
     CommutatorP[T[\[Gamma], "d", {5}], T[\[Gamma], "u", {\[Mu]}]] -> 0, 
     T["\[Del]", "d", {_}][Subscript[1, n_]] -> 0, (a_) . Subscript[1, n_] -> 
      a, Subscript[1, n_] . (a_) -> a}
 
$sign = (-r + Subscript[r, S])/Abs[r - Subscript[r, S]]
 
Attributes[$sign$] = {Temporary}
 
Attributes[$sNO$] = {Temporary}
 
$sp = p -> 2
 
$SpinorsPath = "/Users/Tom/Library/Mathematica/Applications"
 
$srrs = {0.}
 
Attributes[$ss$] = {Temporary}
 
$sT = difForm[Tensor[\[ScriptE], {a_}, {Void}]] + 
      Tensor[\[Omega], {a_, Void}, {Void, b_}] . Tensor[\[ScriptE], {b_}, 
        {Void}] -> Tensor[T, {a}, {Void}]
 
$sTR = {T[t_, r_] -> -ArcTan[1, r - t] + ArcTan[1, r + t], 
     R[t_, r_] -> ArcTan[1, r - t] + ArcTan[1, r + t]}
 
$sTR0 = {-ArcTan[r - t] + ArcTan[r + t], ArcTan[r - t] + ArcTan[r + t]}
 
Attributes[$subRules$] = {Temporary}
 
Attributes[$subs$] = {Temporary}
 
$sW = {Tensor[W, {A_, B_}, {Void, Void}] -> 
      {{Tensor[\[Omega], {a[A], b[B]}, {Void, Void}], 
        Tensor[\[ScriptE], {a[A]}, {Void}]/Style["l", Italic]}, 
       {-(Tensor[\[ScriptE], {b[B]}, {Void}]/Style["l", Italic]), 0}}, 
     Tensor[W, {A_, Void}, {Void, B_}] -> 
      {{Tensor[\[Omega], {a[A], Void}, {Void, b[B]}], 
        Tensor[\[ScriptE], {a[A]}, {Void}]/Style["l", Italic]}, 
       {-(Tensor[\[ScriptE], {Void}, {b[B]}]/Style["l", Italic]), 0}}}
 
Attributes[$swap$] = {Temporary}
 
Attributes[$sx0$] = {Temporary}
 
$symmetries := {tt:T[g, "uu", {\[Mu]_, \[Nu]_}] :> 
      tuIndexSwap[{\[Mu], \[Nu]}][tt] /; OrderedQ[{\[Nu], \[Mu]}], 
     tt:T[F, "uu", {\[Mu]_, \[Nu]_}] :> -tuIndexSwap[{\[Mu], \[Nu]}][tt] /; 
       OrderedQ[{\[Nu], \[Mu]}], tt:T[F, "dd", {\[Mu]_, \[Nu]_}] :> 
      -tuIndexSwap[{\[Mu], \[Nu]}][tt] /; OrderedQ[{\[Nu], \[Mu]}], 
     CommutatorM[a_, b_] :> -CommutatorM[b, a] /; OrderedQ[{b, a}], 
     CommutatorP[a_, b_] :> CommutatorP[b, a] /; OrderedQ[{b, a}], 
     tt:T[\[Gamma], "u", {\[Mu]}] . T[\[Gamma], "d", {5}] :> Reverse[tt]}
 
tuIndexSwap[index1_, (index2_) | PatternSequence[]][exp_] := 
    Module[{tmp = exp, ind1, ind2, $ii, subi, CX}, 
     {ind1, ind2} = Flatten[{index1, index2}]; subi[i_List] := 
       (If[#1 === ind2, CX[ind1], If[#1 === ind1, CX[ind2], #1]] & ) /@ i; 
      tmp = tmp //. Tensor[A_, u_, d_] :> xTensor[A, subi[u], subi[d]]; 
      tmp = tmp //. (dd:DerivOps)[A_, i_] :> CX[dd][A, ind2] /; i === ind1; 
      tmp = tmp //. (dd:DerivOps)[A_, i_] :> CX[dd][A, ind1] /; i === ind2; 
      tmp = tmp //. CX[a_] -> a //. xTensor -> Tensor]
 
tuIndexSwap /: tuIndexSwap::usage = "tuIndexSwap[index1_,index2_][exp_] swaps \
indexPair of Tensor's in exp_. EG: tuIndexSwap[i,j][\!\(\*SubscriptBox[\(A\), \
\(ikj\)]\)]->\!\(\*SubscriptBox[\(A\), \(jki\)]\) .  [index1_,index2_] can be \
input as [{index1_,index2_}].  *4Nov2014*"
 
DerivOps := Flatten[DerivOpsD | DerivOpsU | tuDerivOps]
 
DerivOpsD := Join[xPartialD | xCovariantD | xD[_], tuDerivOpsD]
 
xPartialD[field_, var_] := tuPartialD[field, var]
 
tuPartialD := tuDPartial
 
tuPartialD /: tuPartialD::usage = "tuPartialD[field_,var_] displays the \
PartialD[field,var] \[Rule] \!\(\*SubscriptBox[\(\[PartialD]\), \
\(var\)]\)field. "
 
tuDPartial[a_, b_] := tuDDown["\[PartialD]"][a, b]
 
tuDerivOpsD := tuDPartial | tuDCovariant | tuDs[_] | tuDDown[_]
 
tuDCovariant[a_, b_] := tuDDown["\[Del]"][a, b]
 
tuDs[s_][a_, b_] := tuDDown[s][a, b]
 
DerivOpsU := Join[xPartialDu | xCovariantDu | xDu[_], tuDerivOpsU]
 
xPartialDu[field_, var_] := tuPartialDu[field, var]
 
tuPartialDu := tuDPartialu
 
tuPartialDu /: tuPartialDu::usage = "tuPartialDu[field_,var_] displays the \
PartialDu[field,var] \[Rule] \!\(\*SuperscriptBox[\(\[PartialD]\), \
\(var\)]\)field. "
 
tuDPartialu[a_, b_] := tuDUp["\[PartialD]"][a, b]
 
tuDerivOpsU := tuDPartialu | tuDCovariantu | tuDsu[_] | tuDUp[_]
 
tuDCovariantu[a_, b_] := tuDUp["\[Del]"][a, b]
 
tuDsu[s_][a_, b_] := tuDUp[s][a, b]
 
tuDerivOps := Flatten[tuDerivOpsD | tuDerivOpsU | tuDLie]
 
tuDLie[a_, b_] := tuDDown["\[ScriptCapitalL]"][a, b]
 
$s\[CapitalLambda] = \[CapitalLambda] -> \[MinusPlus]Style["l", Italic]^(-2)
 
$s\[Omega] = difForm[Tensor[x, {\[Mu]}, {Void}]]*
      Tensor[\[Omega], {a_, Void, Void}, {Void, b_, \[Mu]}][x] -> 
     Tensor[\[Omega], {a, Void}, {Void, b}][x]
 
Attributes[$s$] = {Temporary}
 
$t = {-10, -1, 1, 10}
 
Attributes[$t1$] = {Temporary}
 
Attributes[$targetForm$] = {Temporary}
 
Attributes[$tensorsymbol$] = {Temporary}
 
Attributes[$test$] = {Temporary}
 
Attributes[$tmp$] = {Temporary}
 
$trs = {trs, -10, 10}
 
Attributes[$t$] = {Temporary}
 
Attributes[$t$15910] = {Temporary}
 
Attributes[$u0$] = {Temporary}
 
Attributes[$u1$] = {Temporary}
 
Attributes[$u2$] = {Temporary}
 
Attributes[$unq$] = {Temporary}
 
Attributes[$u$] = {Temporary}
 
$vals = {1.1, 6, 8, 9}
 
Attributes[$var$] = {Temporary}
 
Attributes[$without$] = {Temporary}
 
Attributes[$with$] = {Temporary}
 
Attributes[$XX$] = {Temporary}
 
Attributes[$x$] = {Temporary}
 
Attributes[$X$] = {Temporary}
 
Attributes[$y$] = {Temporary}
 
Attributes[$\[Sigma]$] = {Temporary}
 
Attributes[$$] = {Temporary}
 
Attributes[$$10821] = {Temporary}
 
$$10821 = dForm[dForm[dForm[Tensor[\[Phi], {a}, {Void}][x], 0], 1], 1] + 
     dForm[dForm[Tensor[\[Omega], {a, Void}, {Void, dm[$180]}][x], 
        1] \[Wedge] dForm[Tensor[\[Phi], {dm[$180]}, {Void}][x], 0], 1] + 
     dForm[Tensor[\[Omega], {a, Void}, {Void, dm[$179]}][x], 1] \[Wedge] 
      (dForm[dForm[Tensor[\[Phi], {dm[$179]}, {Void}][x], 0], 1] + 
       dForm[Tensor[\[Omega], {dm[$179], Void}, {Void, dm[$181]}][x], 
         1] \[Wedge] dForm[Tensor[\[Phi], {dm[$181]}, {Void}][x], 0])
 
Attributes[$$15910] = {Temporary}
 
$$15910 = {}
 
Attributes[$$16357] = {Temporary}
 
$$16357 = dForm[dForm[dForm[Tensor[\[Phi], {a}, {Void}][x], 0], 1], 1] + 
     dForm[dForm[Tensor[\[Omega], {a, Void}, {Void, dm[$183]}][x], 
        1] \[Wedge] dForm[Tensor[\[Phi], {dm[$183]}, {Void}][x], 0], 1] + 
     dForm[Tensor[\[Omega], {a, Void}, {Void, dm[$182]}][x], 1] \[Wedge] 
      (dForm[dForm[Tensor[\[Phi], {dm[$182]}, {Void}][x], 0], 1] + 
       dForm[Tensor[\[Omega], {dm[$182], Void}, {Void, dm[$184]}][x], 
         1] \[Wedge] dForm[Tensor[\[Phi], {dm[$184]}, {Void}][x], 0])
 
Attributes[$$16741] = {Temporary}
 
$$16741 = dForm[dForm[dForm[Tensor[\[Phi], {a}, {Void}][x], 0], 1], 1] + 
     dForm[dForm[Tensor[\[Omega], {a, Void}, {Void, dm[$186]}][x], 
        1] \[Wedge] dForm[Tensor[\[Phi], {dm[$186]}, {Void}][x], 0], 1] + 
     dForm[Tensor[\[Omega], {a, Void}, {Void, dm[$185]}][x], 1] \[Wedge] 
      (dForm[dForm[Tensor[\[Phi], {dm[$185]}, {Void}][x], 0], 1] + 
       dForm[Tensor[\[Omega], {dm[$185], Void}, {Void, dm[$187]}][x], 
         1] \[Wedge] dForm[Tensor[\[Phi], {dm[$187]}, {Void}][x], 0])
 
Attributes[$$17021] = {Temporary}
 
$$17021 = dForm[dForm[dForm[Tensor[\[Phi], {a}, {Void}][x], 0], 1], 1] + 
     dForm[dForm[Tensor[\[Omega], {a, Void}, {Void, dm[$189]}][x], 
        1] \[Wedge] dForm[Tensor[\[Phi], {dm[$189]}, {Void}][x], 0], 1] + 
     dForm[Tensor[\[Omega], {a, Void}, {Void, dm[$188]}][x], 1] \[Wedge] 
      (dForm[dForm[Tensor[\[Phi], {dm[$188]}, {Void}][x], 0], 1] + 
       dForm[Tensor[\[Omega], {dm[$188], Void}, {Void, dm[$190]}][x], 
         1] \[Wedge] dForm[Tensor[\[Phi], {dm[$190]}, {Void}][x], 0])
 
Attributes[$$17135] = {Temporary}
 
$$17135 = {"$", "$0", "$0p", "$0$", "$1", "$179", "$180", "$181", "$182", 
     "$183", "$184", "$185", "$186", "$187", "$188", "$189", "$190", "$1a", 
     "$1a$", "$1c", "$1c$", "$1s", "$1s$", "$1t", "$1$", "$2", "$2a", "$2a$", 
     "$2b", "$2b$", "$2c", "$2c$", "$2m", "$2m$", "$2t", "$2td", "$2td$", 
     "$2t$", "$2$", "$4", "$4$", "$a", "$A", "$aa", "$aa$", "$arg", "$Arg", 
     "$argn", "$argn$", "$Arg$", "$a$", "$b", "$bb", "$bb$", "$b$", "$c", 
     "$cc", "$cc$", "$common", "$common$", "$const", "$const$", "$c$", "$d", 
     "$d0", "$d0$", "$d1", "$d1$", "$d2", "$d2$", "$def", "$deltas", 
     "$deltas$", "$dif", "$dif$", "$dim", "$ds2", "$ds2$", "$dum", "$dummy", 
     "$dummy$", "$dum$", "$d$", "$e", "$e$", "$f", "$forms", "$forms$", 
     "$forms$10817", "$forms$16353", "$forms$16737", "$forms$17017", 
     "$formvar", "$formvar$", "$f$", "$gall", "$gall$", "$generalForm", 
     "$generalForm$", "$gs", "$gs$", "$h", "$h1", "$h1$", "$head", "$head$", 
     "$h$", "$i", "$ii", "$ii$", "$in", "$ind", "$index", "$index$", "$ind$", 
     "$in$", "$i$", "$j", "$j$", "$k", "$keys", "$keys$", "$k$", "$l", "$L", 
     "$l0", "$l1", "$list", "$list$", "$low", "$low$", "$lvals", "$L$", 
     "$match", "$matches", "$matches$", "$match$", "$n", "$npat", "$npat$", 
     "$n$", "$n$15910", "$op", "$op0", "$p", "$p0", "$p0$", "$pat", 
     "$Pattern", "$patterns", "$patterns$", "$Pattern$", "$pat$", 
     "$placeholder", "$placeholder$", "$plt", "$pos", "$pos$", "$pvar", 
     "$pvar1", "$pvar1$", "$pvar$", "$p$", "$p$15910", "$r", "$r0", "$range", 
     "$range$", "$rhead", "$rhead$", "$right", "$right$", "$rp", "$rp$", 
     "$rule", "$rules", "$rules$", "$rule$", "$r$", "$s", "$s0", "$s1", 
     "$s1i", "$s1$", "$s2", "$s2a", "$s3", "$s3i", "$s4", "$s4a", "$s4i", 
     "$scal", "$scalar", "$scal$", "$sd", "$se", "$sgeneral", "$sign", 
     "$sign$", "$sNO", "$sNO$", "$sp", "$SpinorsPath", "$srrs", "$ss", 
     "$ss$", "$sT", "$sTR", "$sTR0", "$string", "$subRules", "$subRules$", 
     "$subs", "$subs$", "$sW", "$swap", "$swap$", "$sx0", "$sx0$", 
     "$symmetries", "$s\[CapitalLambda]", "$s\[Omega]", "$s$", "$t", "$t1", 
     "$t1$", "$targetForm", "$targetForm$", "$tensorsymbol", 
     "$tensorsymbol$", "$test", "$test$", "$tmp", "$tmp$", "$trs", "$t$", 
     "$t$15910", "$u", "$u0", "$u0$", "$u1", "$u1$", "$u2", "$u2$", "$unq", 
     "$unq$", "$u$", "$vals", "$var", "$var$", "$with", "$without", 
     "$without$", "$with$", "$x", "$X", "$XX", "$XX$", "$x$", "$X$", "$y", 
     "$y$", "$\[Alpha]", "$\[Beta]", "$\[Sigma]", "$\[Sigma]$", "$$", 
     "$$10821", "$$15910", "$$16357", "$$16741", "$$17021", "$$17135", "$$a", 
     "$$b", "$$c", "$$d", "$$i", "$$m", "$$n", "$$t", "$$ten", "$$t$", 
     "$$XX", "$$XXX"}
 
Attributes[$$t$] = {Temporary}
