$ = {(Subscript[\[CapitalSigma], D][Style["Apparent surface mass density \
outside \!\(\*SubscriptBox[\(\[ScriptCapitalV]\), \(M\)]\)", 
         RGBColor[0, 2/3, 0], Larger]] -> 
       \[Sigma][Style["largest principle stress", RGBColor[0, 2/3, 0], 
          Larger]]/Subscript[a, 0])[Style["from correspondence rule", 
       RGBColor[0, 2/3, 0], Larger]], 
     Tensor[n, {Void}, {j}]*Tensor[\[Sigma], {Void, Void}, {i, j}] -> 
      \[Sigma]*Tensor[n, {Void}, {i}], 
     Style["For deviatoric strain/stree tensor", RGBColor[0, 2/3, 0], 
      Larger], Subscript[\[CapitalSigma], D] -> 
      (Subscript[a, 0]*\[CurlyEpsilon][Style["largest principle strain", 
          RGBColor[0, 2/3, 0], Larger]])/(8*G*Pi), 
     Tensor[n, {Void}, {j}]*Tensor[Derivative[1][\[CurlyEpsilon]], 
        {Void, Void}, {i, j}] -> \[CurlyEpsilon]*Tensor[n, {Void}, {i}]}
 
Attributes[Subscript] = {NHoldRest}
 
Attributes[Derivative] = {NHoldAll, ReadProtected}
 
$0 = Inactive[Integrate][A[r]*\[CurlyEpsilon][r]^2, 
     Element[r, OverBar[Subscript[\[ScriptCapitalB], 0]]]]
 
Attributes[$0$] = {Temporary}
 
$1 = Subscript[S, DE][r] -> Inactive[Integrate][difForm[V], 
       Element[V, \[ScriptCapitalB]]]/Subscript[V, 0]
 
Attributes[$1a$] = {Temporary}
 
Attributes[$1c$] = {Temporary}
 
Attributes[$1s$] = {Temporary}
 
Attributes[$1$] = {Temporary}
 
$2 = {M -> Subscript[a, 0]*Inactive[Integrate][-t . B + Q[t], 
        Subscript[S, Infinity]], M -> -(S*\[HBar]*Subscript[a, 0])/(2*Pi)}
 
Attributes[$2a$] = {Temporary}
 
Attributes[$2b$] = {Temporary}
 
Attributes[$2c$] = {Temporary}
 
Attributes[$2m$] = {Temporary}
 
Attributes[$2td$] = {Temporary}
 
Attributes[$2t$] = {Temporary}
 
Attributes[$2$] = {Temporary}
 
Attributes[$4$] = {Temporary}
 
Attributes[$aa$] = {Temporary}
 
Attributes[$argn$] = {Temporary}
 
Attributes[$Arg$] = {Temporary}
 
Attributes[$a$] = {Temporary}
 
Attributes[$bb$] = {Temporary}
 
Attributes[$b$] = {Temporary}
 
Attributes[$cc$] = {Temporary}
 
Attributes[$common$] = {Temporary}
 
Attributes[$const$] = {Temporary}
 
Attributes[$c$] = {Temporary}
 
Attributes[$d0$] = {Temporary}
 
Attributes[$d1$] = {Temporary}
 
Attributes[$d2$] = {Temporary}
 
$def["EntropicGrav"] = {Style["N", Italic][Style["bits of information", 
        RGBColor[0, 2/3, 0], Larger]] -> 
      A[Style["area", RGBColor[0, 2/3, 0], Larger]]/Subscript[\[ScriptL], P]^
        2, Style["E", Italic] -> (T*Style["N", Italic]*Subscript[k, B])/2, 
     Subscript[\[ScriptL], P] -> Sqrt[(G*\[HBar])/c^3], 
     Style["E", Italic] -> c^2*M, 
     T[Style["Unruh temperature", RGBColor[0, 2/3, 0], Larger]] -> 
      (a*\[HBar])/(2*c*Pi*Subscript[k, B]), F -> a*m, A -> 4*Pi*r^2, 
     r[Style["holographic screen radius", RGBColor[0, 2/3, 0], Larger]], 
     S[Style["Bekenstein-Hawking entropy", RGBColor[0, 2/3, 0], Larger]] -> 
      A[Style["horizon area", RGBColor[0, 2/3, 0], Larger]]/(4*G*\[HBar]), 
     T[Style["Hawking temperature", RGBColor[0, 2/3, 0], Larger]] -> 
      (\[HBar]*\[Kappa][Style["surface acceleration", RGBColor[0, 2/3, 0], 
          Larger]])/(2*Pi), \[Kappa] -> 
      c*Subscript[H, 0][Style["Hubble parameter", RGBColor[0, 2/3, 0], 
          Larger]] -> c^2/L[Style["Hubble scale", RGBColor[0, 2/3, 0], 
           Larger]] -> Subscript[a, 0][Style["acceleration scale", 
          RGBColor[0, 2/3, 0], Larger]], (2*Pi*d[M])/(\[Kappa]*\[HBar]) -> 
      A/(4*G*\[HBar]), c^2/L -> Subscript[a, 0], c*Subscript[H, 0] -> 
      c^2/L -> Subscript[a, 0], 
     (\[CapitalSigma][r][Style["surface mass density", RGBColor[0, 2/3, 0], 
         Larger]] -> M[Style["Mass at center", RGBColor[0, 2/3, 0], Larger]]/
        A[r][Style["Area", RGBColor[0, 2/3, 0], Larger]]) < 
      Subscript[a, 0][Style["acceleration scale", RGBColor[0, 2/3, 0], 
         Larger]]/(8*G*Pi), 
     (Subscript[S, M][Style["de Sitter entropy due to M", 
         RGBColor[0, 2/3, 0], Larger]] -> 
       (2*M*Pi)/(\[HBar]*Subscript[a, 0])) < A[r]/(4*G*\[HBar]), 
     Style["Compare" \[LongRightArrow] 
       (S[Style["Bekenstein-Hawking entropy", RGBColor[0, 2/3, 0], 
          Larger]] -> A[Style["horizon area", RGBColor[0, 2/3, 0], Larger]]/
         (4*G*\[HBar])), RGBColor[0, 2/3, 0], Larger], 
     (2*Pi*Subscript[M, D][Style["dark matter", RGBColor[0, 2/3, 0], Larger]]^
         2)/(\[HBar]*Subscript[a, 0]) -> 
      (A[r]*Subscript[M, B][Style["baryonic matter", RGBColor[0, 2/3, 0], 
          Larger]])/(4*(-1 + d)*G*\[HBar]), 
     (2*Pi*Subscript[\[CapitalSigma], D][r][Style["dark matter", 
           RGBColor[0, 2/3, 0], Larger]]^2)/Subscript[a, 0] -> 
      Subscript[\[CapitalSigma], B][r][Style["baryonic matter", 
         RGBColor[0, 2/3, 0], Larger]]/(4*(-1 + d)*G), 
     Subscript[\[CapitalSigma], D_][Style["dark|baryonic", 
        RGBColor[0, 2/3, 0], Larger]] -> 
      ((-2 + d)*Subscript[g, D][Style["gravitaional acceleration", 
          RGBColor[0, 2/3, 0], Larger]])/(8*(-3 + d)*G*Pi), 
     Subscript[g, D] -> Sqrt[Subscript[a, M]*Subscript[g, B]], 
     (Subscript[a, M] -> ((-3 + d)*Subscript[a, 0])/((-2 + d)*(-1 + d)))[
      Style["Tully-Fisher relation", RGBColor[0, 2/3, 0], Larger]], 
     Style[
      "\[Bullet]Add bulk quatum network(QN) tensors as physical qubits.", 
      RGBColor[0, 2/3, 0], Larger], Style["\[Bullet]Short distance network \
entanglement due to stabilizer conditions.(?)", RGBColor[0, 2/3, 0], Larger], 
     (Element[xProduct[Ket[Subscript[V, x]], x], \[ScriptCapitalH]])[
      Style["physical qubits", RGBColor[0, 2/3, 0], Larger]], 
     Ket[Subscript[V, x]] -> Sum[Tensor[V, {Void, \[Alpha], \[Beta], 
          \[Gamma], \[CenterEllipsis]}, {x, Void, Void, Void, Void}] . 
        Ket[\[Alpha]] . Ket[\[Beta]] . Ket[\[Gamma]] . \[CenterEllipsis], 
       \[Alpha], \[Beta], \[Gamma], \[CenterEllipsis]], 
     x[Style["vertices of network", RGBColor[0, 2/3, 0], Larger]], 
     {\[Alpha], \[Beta], \[Gamma] . \[CenterEllipsis]}[
      Style["indices within distance D", RGBColor[0, 2/3, 0], Larger]], 
     Ket[Subscript[\[Phi], 0]][Style["stabiliser state", RGBColor[0, 2/3, 0], 
        Larger]] -> Product[Ket[{x, y}], x, y], 
     Ket[{x, y}] -> Sum[Subscript[Ket[\[Alpha]], x] . 
         Subscript[Ket[\[Alpha]], y], {\[Alpha], D}]/Sqrt[D], 
     \[ScriptCapitalH][Style["logical qubits", RGBColor[0, 2/3, 0], Larger]][
       "bulk operator"["tensors"]] \[DoubleLongRightArrow] 
      "boundary qubits"["logical bulk qubits"], 
     (d[s]^2 -> r^2*d[\[CapitalOmega]]^2 + d[r]^2/f[r] - d[t]^2*f[r])[
      Style["deSitter metric", RGBColor[0, 2/3, 0], Larger]], 
     f[r] -> 1 - r^2/L^2, Style["observer at r\[Rule]0, horizon r\[Rule]L", 
      RGBColor[0, 2/3, 0], Larger], 
     Subscript[S, DE][L][Style["horizon entropy", RGBColor[0, 2/3, 0], 
        Larger]] -> A[L]/(4*G*\[HBar]), 
     A[L] -> L^(-2 + d)*Subscript[\[CapitalOmega], -2 + d], 
     Subscript[\[CapitalOmega], -2 + d][Style["volume of (d-2)-dim sphere", 
       RGBColor[0, 2/3, 0], Larger]], 
     Subscript[S, DE][r][Style["total deSitter entropy", RGBColor[0, 2/3, 0], 
        Larger]] -> V[r]/Subscript[V, 0], 
     V[r] -> (r^(-1 + d)*Subscript[\[CapitalOmega], -2 + d])/(-1 + d), 
     Subscript[V, 0][Style["normalized B-H entropy at r\[Rule]L", 
        RGBColor[0, 2/3, 0], Larger]] -> (4*G*L*\[HBar])/(-1 + d), 
     Subscript[S, DE][r] -> (r*A[r])/(4*G*L*\[HBar]), 
     Subscript[f, AdS][r] -> 1 + r^2/L^2, 
     "DOF"[Style["Quantum AdS boundary", RGBColor[0, 2/3, 0], Larger]] -> 
      \[ScriptCapitalC][L] -> A[L]/(16*G*Pi*\[HBar]), 
     Style["\[DoubleLongLeftArrow] determined by central charge of the CFT", 
      RGBColor[0, 2/3, 0], Larger], Style["\[DoubleLongLeftArrow] Analogous \
to c/24[\!\(\*SubscriptBox[\(AdS\), \(3\)]\)/\!\(\*SubscriptBox[\(CFT\), \
\(2\)]\)], stress tensor 2-point function.", RGBColor[0, 2/3, 0], Larger], 
     Style["\[FilledCircle] Postulate: EE[vacuum] \[Rule] A[L]/(4G\[HBar]) \
for the two subsystems(inside,outside of AdS region) and can be computed in \
boundary CFT.", RGBColor[0, 2/3, 0], Larger], 
     Style["\[Bullet] Each AdS region associates with a tensor factor.", 
      RGBColor[0, 2/3, 0], Larger], 
     Style["Vacuum energy of (A)dS inside of sphere of radius r.", 
      RGBColor[0, 2/3, 0], Larger], 
     Grid[{{Subscript[Style["E", Italic], AdS][r] -> 
         -((-2 + d)*(-1 + d)*V[r])/(16*G*L^2*Pi) -> 
          -(((-2 + d)*h*(r/L)^(-1 + d)*\[ScriptCapitalC][L])/L)}, 
       {Subscript[Style["E", Italic], dS][r] -> 
         ((-2 + d)*(-1 + d)*V[r])/(16*G*L^2*Pi) -> 
          ((-2 + d)*h*(r/L)^(-1 + d)*\[ScriptCapitalC][L])/L}}, 
      Dividers -> {{True}, {False}}, FrameStyle -> 
       Directive[RGBColor[0.7, 0, 1, 1], Thickness[Tiny]], 
      Alignment -> Left], Style["AdS negative vacuum energy\[Rule]Casimir \
energy,\ndS positive dark energy\[Rule]exicitation energy", 
      RGBColor[1, 0, 0], Larger], 
     Grid[{{Subscript[Style["E", Italic], AdS][L] -> 
         -(((-2 + d)*h*\[ScriptCapitalC][L])/L)}, 
       {Subscript[Style["E", Italic], dS][L] -> 
         ((-2 + d)*h*(-\[ScriptCapitalC][L] + \[ScriptCapitalN][L]))/L}, 
       {Style["\[ScriptCapitalN][L] number of excitations", 
         RGBColor[0, 2/3, 0], Larger]}}, Dividers -> {{True}, {False}}, 
      FrameStyle -> Directive[RGBColor[0.7, 0, 1, 1], Thickness[Tiny]], 
      Alignment -> Left], (Subscript[S, DE][L] -> 
       4*Pi*Sqrt[\[ScriptCapitalC][L]*(-\[ScriptCapitalC][L] + 
           \[ScriptCapitalN][L])])[Style["Hardy-Ramanujan", 
       RGBColor[0, 2/3, 0], Larger]], Style["sub-AdS entanglement: extend by \
additional DOF to smaller region \[ScriptL][fine grain spacing] < L", 
      RGBColor[0, 2/3, 0], Larger], 
     DOF[Style["AdS", RGBColor[0, 2/3, 0], Larger]] -> 
      ((L/\[ScriptL])^(-1 + d)*A[\[ScriptL]])/(16*G*Pi*\[HBar]), 
     Subscript[S, DE][\[ScriptL]] -> (\[ScriptL]*A[\[ScriptL]])/
       (4*G*L*\[HBar]), d[s]^2 -> r^2*d[\[CapitalOmega]]^2 + d[r]^2/f[r] - 
       d[t]^2*f[r], f[r] -> 1 - r^2/L^2 + 2*\[CapitalPhi][r], 
     \[CapitalPhi][r][Style["Newton potential for mass M", 
        RGBColor[0, 2/3, 0], Larger]] -> (-8*G*M*Pi*r^(3 - d))/
       ((-2 + d)*Subscript[\[CapitalOmega], -2 + d]), 
     Style["Horizon at r when f[r]\[Rule]0", RGBColor[0, 2/3, 0], Larger], 
     \[CapitalPhi][r] -> (-8*G*M*Pi*r^(3 - d))/
       ((-2 + d)*Subscript[\[CapitalOmega], -2 + d]), 
     Style["New horizon(r) for \[CapitalPhi]\[LessLess]1 at ", 
      RGBColor[0, 2/3, 0], Larger], 1 - r^2/L^2 + 2*\[CapitalPhi][r] -> 0, 
     r -> L + L*\[CapitalPhi][r], {d[L] -> L*\[CapitalPhi][L]}[
      Style["Horizon reduced by additional mass \[CapitalPhi].", 
       RGBColor[0, 2/3, 0], Larger]], Style["dS entropy change[M] ", 
      RGBColor[0, 2/3, 0], Larger], Subscript[S, DE][L] -> 
      A[L]/(4*G*\[HBar]), d[Subscript[S, DE][L]] -> d[A[L]/(4*G*\[HBar])], 
     d[Subscript[S, DE][L]] -> ((-2 + d)*L^(-3 + d)*d[L]*
        Subscript[\[CapitalOmega], -2 + d])/(4*G*\[HBar]), 
     d[Subscript[S, DE][L]] -> (-2*M*Pi*d[L])/(\[HBar]*\[CapitalPhi][L]), 
     d[Subscript[S, DE][L]] -> (-2*L*M*Pi)/\[HBar], 
     {d[Subscript[S, DE][L]] -> Subscript[S, M][L]}[
      Style[
       "defines \!\(\*SubscriptBox[\(S\), \(M\)]\) entropy change due to M", 
       RGBColor[0, 2/3, 0], Larger]], Subscript[S, M][L] -> 
      (-2*L*M*Pi)/\[HBar], Style["(4.25)", RGBColor[0, 2/3, 0], Larger], 
     {f[r] -> 1 + 2*\[CapitalPhi][r]}[Style["For the case r\[LessLess]L, \
(r/L\!\(\*SuperscriptBox[\()\), \(2\)]\) \[LessLess] \[CapitalPhi][r]", 
       RGBColor[0, 2/3, 0], Larger]], d[r] -> d[s]*(1 + \[CapitalPhi][r]), 
     (tuDDown["\[PartialD]"][r, s] -> 1 + \[CapitalPhi][r])[
      Style["r[Proper distance]", RGBColor[0, 2/3, 0], Larger]], 
     A[r] -> r^(-2 + d)*Subscript[\[CapitalOmega], -2 + d], 
     tuDDown["\[PartialD]"][A[r], s] -> (-2 + d)*r^(-3 + d)*
       Subscript[\[CapitalOmega], -2 + d]*tuDDown["\[PartialD]"][r, s], 
     tuDDown["\[PartialD]"][A[r], s][Style[M, RGBColor[0, 2/3, 0], Larger]] - 
       tuDDown["\[PartialD]"][A[r], s][Style[M -> 0, RGBColor[0, 2/3, 0], 
         Larger]] -> (-2 + d)*r^(-3 + d)*Subscript[\[CapitalOmega], -2 + d]*
       \[CapitalPhi][r], Subscript[S, M][r] -> (-2*M*Pi*r)/\[HBar], 
     Subscript[S, M][r] -> -(Subscript[V, M][r][Style["d[volume[r]][d[S[M]]] \
change due to entropy removed by mass M inside radius r", 
          RGBColor[0, 2/3, 0], Larger]]/Subscript[V, 0]), 
     L -> Subscript[a, 0]^(-1), Subscript[V, M][r] -> 
      (8*G*L*M*Pi*r)/(-1 + d), Subscript[V, M][r] -> 
      (8*G*M*Pi*r)/((-1 + d)*Subscript[a, 0]), 
     Subscript[\[CapitalSigma], M][r][Style["surface mass density", 
        RGBColor[0, 2/3, 0], Larger]] -> M/A[r], 
     Subscript[\[CurlyEpsilon], M][r] -> Subscript[V, M][r]/V[r], 
     Subscript[\[CurlyEpsilon], M][r] -> 
      (8*G*Pi*Subscript[\[CapitalSigma], M][r])/Subscript[a, 0], 
     Style[
      "Assumptions:\nSperically symmetric, outside L medium incompressible, "\
, RGBColor[0, 2/3, 0], Larger], Style[d[Vol][r] -> A[r]*u[r], 
      RGBColor[0, 2/3, 0], Larger], Style[d[Vol][r] \[Proportional] 
       Subscript[S, M][r], RGBColor[0, 2/3, 0], Larger], 
     Style[u[r][Style["radial displacement", RGBColor[0, 2/3, 0], Larger]], 
      RGBColor[0, 2/3, 0], Larger], Subscript[S, M][r] -> 
      (A[r]*u[r])/SuperStar[Subscript[V, 0]], u[r] -> L*\[CapitalPhi][r], 
     SuperStar[Subscript[V, 0]][Style["d[volume[incompressible]] at L", 
       RGBColor[0, 2/3, 0], Larger], 
      Style[u[L] -> \[CapitalPhi][L]/Subscript[a, 0], RGBColor[0, 2/3, 0], 
       Larger]], SuperStar[Subscript[V, 0]] -> (4*G*L*\[HBar])/(-2 + d), 
     SuperStar[Subscript[V, 0]]/Subscript[V, 0] -> (-1 + d)/(-2 + d), 
     u[r] -> -(SuperStar[Subscript[V, M]][r]/A[r]), 
     SuperStar[Subscript[V, M]][r] -> (8*G*M*Pi*r)/
       ((-2 + d)*Subscript[a, 0]), Subscript[\[ScriptCapitalV], M][r][
       Style["decomposition", RGBColor[0, 2/3, 0], Larger]] -> 
      Sum[Subscript[\[ScriptCapitalB], i][Style["volume: \
\!\(\*SubscriptBox[\(N\), \(i\)]\)\!\(\*SubscriptBox[\(V\), \(0\)]\), \
\!\(\*SubscriptBox[\(N\), \(i\)]\) units of entropy", RGBColor[0, 2/3, 0], 
         Larger]], i], u[r][Style["displacement outside \
\!\(\*SubscriptBox[\(\[ScriptCapitalB]\), \(0\)]\)", RGBColor[0, 2/3, 0], 
        Larger]] -> -((N*SuperStar[Subscript[V, 0]])/A[r]), 
     \[CurlyEpsilon][r][Style["normal strain r-r component", 
        RGBColor[0, 2/3, 0], Larger]] -> tuDDown["\[PartialD]"][u[r], r], 
     \[CurlyEpsilon][r] -> -(((2 - d)*N*r^(1 - d)*SuperStar[Subscript[V, 0]])/
        Subscript[\[CapitalOmega], -2 + d]), Subscript[V, 0] -> 
      (4*G*L*\[HBar])/(-1 + d), \[CurlyEpsilon][r] -> 
      (N*Subscript[V, 0])/V[r], Inactive[Integrate][
       A[r]*\[CurlyEpsilon][r]^2, Element[r, 
        OverBar[Subscript[\[ScriptCapitalB], 0]]]] -> 
      Infinity*\[CurlyEpsilon][r]^2, Subscript[\[CapitalSigma], D][r][
       Style["apparent surface mass density", RGBColor[0, 2/3, 0], 
        Larger]] -> (Subscript[a, 0]*\[CurlyEpsilon][r])/(8*G*Pi), 
     Subscript[\[CapitalSigma], B][r][Style["surface mass density", 
        RGBColor[0, 2/3, 0], Larger]] -> M/A[r], 
     Subscript[\[CapitalSigma], D][r]^2 -> 
      (Subscript[a, 0]*Subscript[\[CapitalSigma], B][r])/(8*(-1 + d)*G*Pi), 
     (S*\[HBar])/(2*Pi) -> Inactive[Integrate][Q[\[Xi]], horizon] -> 
       -Inactive[Integrate][Tensor[\[Epsilon], {Void, Void}, {a, b}]*
           tuDUp["\[Del]"][Tensor[\[Xi], {b}, {Void}], a], horizon]/
        (16*G*Pi), Style[Tensor[\[Xi], {b}, {Void}] \[SuchThat] 
       (S -> A[Style["horizon area", RGBColor[0, 2/3, 0], Larger]]/
         (4*G*\[HBar])), RGBColor[0, 2/3, 0], Larger], 
     Tensor[\[Epsilon], {Void, Void}, {a, b}] -> 
      (Tensor[\[Epsilon], {Void, Void, Void, Void, Void}, 
         {a, b, c1, \[CenterEllipsis], Subscript[c, -2 + d]}]*
        d[Tensor[x, {Subscript[c, 1]}, {Void}]] \[Wedge] 
         \[CenterEllipsis] \[Wedge] d[Tensor[x, {Subscript[c, -2 + d]}, 
           {Void}]])/(-2 + d)!, ((\[HBar]*\[Delta][S])/(2*Pi) + 
        \[Delta][Subscript[H, \[Xi]]] -> 0)[
      Style["first law of horizon thermodynamics", RGBColor[0, 2/3, 0], 
       Larger]], (\[Delta][Subscript[H, \[Xi]]] -> Inactive[Integrate][
        Tensor[T, {Void, Void}, {a, b}]*Tensor[\[Xi], {a}, {Void}], 
        Tensor[\[CapitalSigma], {b}, {Void}][\[ScriptCapitalC]]])[
      Style["variation of Hamiltonian over a static Cauchy surface \
\[ScriptCapitalC] associated with Killing symmetry", RGBColor[0, 2/3, 0], 
       Larger]], Style["\[Bullet] strees T is concentrated around the origin \
of radius \!\(\*SubscriptBox[\(r\), \(\[Infinity]\)]\)\[LessLess]Hubble \
scale\n\[Bullet] \[Delta][\!\(\*SubscriptBox[\(H\), \(\[Xi]\)]\)] has support \
for r\[LessEqual]\!\(\*SubscriptBox[\(r\), \(\[Infinity]\)]\) \
\[DoubleLongRightArrow] \[Delta][Q[\[Xi]]] can be extended anywhere except \
where strees tensor \[NotEqual] 0", RGBColor[0, 2/3, 0], Larger], 
     Style[{"\[Bullet] can deform", Inactive[Integrate][\[Delta][Q[\[Xi]]], 
         horizon] -> Inactive[Integrate][\[Delta][Q[\[Xi]]], 
         Subscript[S, Infinity] > Subscript[r, Infinity]]}, 
      RGBColor[0, 2/3, 0], Larger], 
     Style[{\[Delta][Subscript[H, \[Xi]]] -> Inactive[Integrate][
         -\[Xi] . \[Delta][B] + \[Delta][Q[\[Xi]]], Subscript[S, Infinity]], 
       \[Xi] . \[Delta][B][horizon] -> 0}, RGBColor[0, 2/3, 0], Larger], 
     Style["\!\(\*SubscriptBox[\(H\), \(\[Xi]\)]\) \[Proportional] generator \
of time translation in static dS", RGBColor[0, 2/3, 0], Larger], 
     Tensor[\[Xi], {a}, {Void}]*tuDDown["\[PartialD]"][_, 
        Tensor[x, {a}, {Void}]] -> tuDDown["\[PartialD]"][_, t]/
       Subscript[a, 0], \[Delta][Subscript[H, \[Xi]]] -> 
      \[Delta][M[Style["total energy in dS-space", RGBColor[0, 2/3, 0], 
          Larger]]]/Subscript[a, 0], T*\[Delta][S] -> -\[Delta][M], 
     T -> (\[HBar]*Subscript[a, 0])/(2*Pi), 
     M -> Subscript[a, 0]*Inactive[Integrate][-t . B + Q[t], 
        Subscript[S, Infinity]], M -> -(S*\[HBar]*Subscript[a, 0])/(2*Pi), 
     (S*\[HBar])/(2*Pi) -> Inactive[Integrate][Q[\[Xi]], 
        Element[Tensor[A, {Void}, {i}], Subscript[S, Infinity]]] -> 
       -Inactive[Integrate][tuDDown["\[Del]"][Tensor[h, {Void, Void}, 
             {i, j}], j] - tuDDown["\[Del]"][Tensor[h, {Void, Void}, {j, j}], 
            i], Element[Tensor[A, {Void}, {i}], Subscript[S, Infinity]]]/
        (16*G*Pi), Tensor[h, {Void, Void}, {j, j}][
      Style["from spatial metric", RGBColor[0, 2/3, 0], Larger]], 
     Integrate[Q[\[Xi]], Element[Tensor[A, {Void}, {i}], 
        Subscript[S, Infinity]]] -> 
      -Integrate[tuDDown["\[Del]"][Tensor[h, {Void, Void}, {i, j}], j] - 
          tuDDown["\[Del]"][Tensor[h, {Void, Void}, {j, j}], i], 
         Element[Tensor[A, {Void}, {i}], Subscript[S, Infinity]]]/(16*G*Pi), 
     \[CapitalPhi] \[LessLess] 1, x \[LessLess] 
      r[Style["far from center", RGBColor[0, 2/3, 0], Larger]], 
     d[Subscript[s, Abs[x] -> Subscript[r, Infinity]]]^2 -> 
      -d[t]^2 + d[Tensor[x, {Void}, {i}]]^2 - 
       2*(d[t]^2 + (Tensor[x, {i}, {Void}] . d[Tensor[x, {Void}, {i}]])^2/
          (Tensor[x, {i1}, {Void}]*Tensor[x, {Void}, {i1}]))*
        \[CapitalPhi][x], Tensor[h, {Void, Void}, {i, j}] -> 
      Tensor[\[Delta], {Void, Void}, {i, j}] - 2*Tensor[n, {Void}, {i}]*
        Tensor[n, {Void}, {j}]*\[CapitalPhi][x], Tensor[n, {Void}, {i}] -> 
      Tensor[x, {Void}, {i}]/Abs[x], Style[" \[LongRightArrow] ", Bold, 
      Larger, RGBColor[0.7, 0, 1, 1]], 
     M -> -Inactive[Integrate][\[CapitalPhi][x]*tuDDown["\[Del]"][
           Tensor[n, {Void}, {j}], j], A[Subscript[r, Infinity]]]/(8*G*Pi), 
     d[A[Subscript[r, Infinity]]] -> d[Tensor[A, {Void}, {i}]]*
       Tensor[n, {Void}, {i}], (tuDDown["\[Del]"][Tensor[n, {Void}, {j}], 
        j] -> (-2 + d)/Abs[x])[Style["spherical", RGBColor[0, 2/3, 0], 
       Larger]], M -> -Inactive[Integrate][Tensor[n, {Void}, {i}]*
          \[CapitalPhi][r]*tuDDown["\[Del]"][Tensor[n, {Void}, {j}], j], 
         Tensor[A, {Void}, {i}]]/(8*G*Pi), 
     (Tensor[\[CurlyEpsilon], {Void, Void}, {i, j}] -> 
       (tuDDown["\[Del]"][Tensor[u, {Void}, {i}], j] + tuDDown["\[Del]"][
          Tensor[u, {Void}, {j}], i])/2)[Style["linear strain tensor", 
       RGBColor[0, 2/3, 0], Larger]], Tensor[u, {Void}, {j}][
      Style["displacement field", RGBColor[0, 2/3, 0], Larger]], 
     (Tensor[\[Sigma], {Void, Void}, {i, j}] -> 
       2*\[Mu]*Tensor[\[CurlyEpsilon], {Void, Void}, {i, j}] + 
        \[Lambda]*Tensor[\[Delta], {Void, Void}, {i, j}]*
         Tensor[\[CurlyEpsilon], {Void, Void}, {k, k}])[
      Style["linear stress tensor", RGBColor[0, 2/3, 0], Larger]], 
     (K -> \[Lambda] + (2*\[Mu])/(-1 + d))[Style["bulk modulus", 
       RGBColor[0, 2/3, 0], Larger]], 
     \[Mu][Style["shear modulus \[GreaterEqual] 0", RGBColor[0, 2/3, 0], 
       Larger]], (\[Lambda] + 2*\[Mu])[
      Style["determines pressure wave velocity \[GreaterEqual] 0", 
       RGBColor[0, 2/3, 0], Larger]], 
     Tensor[u, {Void}, {i}][Style["displacement field at horizon(6.4)", 
        RGBColor[0, 2/3, 0], Larger]] -> 
      (\[CapitalPhi]*Tensor[n, {Void}, {i}])/Subscript[a, 0], 
     (Tensor[h, {Void, Void}, {i, j}] -> 
       -((Subscript[a, 0]*(Tensor[n, {Void}, {j}]*Tensor[u, {Void}, {i}] + 
            Tensor[n, {Void}, {i}]*Tensor[u, {Void}, {j}]))/c^2) + 
        Tensor[\[Delta], {Void, Void}, {i, j}])[
      Style["alternative definition of u:", RGBColor[0, 2/3, 0], Larger], 
      Style[L | c \[LongRightArrow] Infinity, RGBColor[0, 2/3, 0], Larger], 
      Style[Subscript[a, 0][Style["fixed", RGBColor[0, 2/3, 0], Larger]] -> 
        c^2/L, RGBColor[0, 2/3, 0], Larger]], Style["(6.8)", 
      RGBColor[0, 2/3, 0], Larger], M*Subscript[a, 0] -> 
      Inactive[Integrate][Tensor[n, {Void}, {j}]*Tensor[\[Sigma], 
         {Void, Void}, {i, j}], Tensor[A, {Void}, {i}][
        Subscript[S, Infinity]]], Tensor[\[Sigma], {Void, Void}, {i, j}] -> 
      (Subscript[a, 0]^2*(Tensor[\[CurlyEpsilon], {Void, Void}, {i, j}] - 
         Tensor[\[Delta], {Void, Void}, {i, j}]*Tensor[\[CurlyEpsilon], 
           {Void, Void}, {k, k}]))/(8*G*Pi), Null, 
     Tensor[\[Sigma], {Void, Void}, {i, j}] -> 
      2*\[Mu]*Tensor[\[CurlyEpsilon], {Void, Void}, {i, j}] + 
       \[Lambda]*Tensor[\[Delta], {Void, Void}, {i, j}]*
        Tensor[\[CurlyEpsilon], {Void, Void}, {k, k}], 
     M*Subscript[a, 0] -> Inactive[Integrate][
       (Subscript[a, 0]^2*Tensor[n, {Void}, {j}]*
         (Tensor[\[CurlyEpsilon], {Void, Void}, {i, j}] - 
          Tensor[\[Delta], {Void, Void}, {i, j}]*Tensor[\[CurlyEpsilon], 
            {Void, Void}, {k, k}]))/(8*G*Pi), Tensor[A, {Void}, {i}][
        Subscript[S, Infinity]]], 
     ((16*G*Pi*\[Mu] - Subscript[a, 0]^2)*Tensor[\[CurlyEpsilon], 
          {Void, Void}, {i, j}] + (8*G*Pi*\[Lambda] + Subscript[a, 0]^2)*
         Tensor[\[Delta], {Void, Void}, {i, j}]*Tensor[\[CurlyEpsilon], 
          {Void, Void}, {k, k}])/G -> 0, \[Lambda] -> 
      -Subscript[a, 0]^2/(8*G*Pi), \[Mu] -> Subscript[a, 0]^2/(16*G*Pi), 
     \[Mu] -> -\[Lambda]/2, Tensor[\[CapitalSigma], {Void}, {i}] -> 
      -((-2 + d)*Tensor[g, {Void}, {i}])/(8*(-3 + d)*G*Pi), 
     Tensor[g, {Void}, {i}] -> -tuDDown["\[Del]"][\[CapitalPhi], i], 
     tuDDown["\[Del]"][Tensor[\[CapitalSigma], {Void}, {i}], i] -> \[Rho], 
     Inactive[Integrate][Tensor[\[CapitalSigma], {Void}, {i}], 
       Tensor[A, {Void}, {i}][S]] -> M, Tensor[\[CapitalSigma], {Void}, {i}][
      Style["surface mass density", RGBColor[0, 2/3, 0], Larger]], 
     Subscript[U, grav][Style["gravitational self energy", 
        RGBColor[0, 2/3, 0], Larger]] -> 
      Inactive[Integrate][Tensor[g, {Void}, {i}]*Tensor[\[CapitalSigma], 
          {Void}, {i}], V]/2, \[CapitalPhi]^m, \[CapitalSigma]^m, 
     \[Rho]^m -> m*\[Delta][x - Subscript[x, P]], m*\[CapitalPhi][P] -> 
      Inactive[Integrate][\[CapitalPhi]^m*Tensor[\[CapitalSigma], {Void}, 
          {i}] - \[CapitalPhi]*Tensor[\[CapitalSigma]^m, {Void}, {i}], 
       Tensor[A, {Void}, {i}]], "Elastic quantity", 
     "\[DoubleLongLeftRightArrow]", "Gravitational quantity", 
     Style[" \[Implies] ", Bold, Larger, RGBColor[0.7, 0, 1, 1]], 
     "Correspondence", Subscript[S, DE][\[ScriptCapitalB]] -> 
      Inactive[Integrate][1, V[Intersection[\[ScriptCapitalB], 
          Subscript[\[ScriptCapitalV], M]]]]/Subscript[V, 0], 
     d[V[Intersection[\[ScriptCapitalB], Subscript[\[ScriptCapitalV], 
          M]]]] -> d[Tensor[A, {Void}, {i}]]*Tensor[x, {Void}, {i}], 
     Subscript[S, DE][\[ScriptCapitalB]] -> 
      Inactive[Integrate][Tensor[x, {Void}, {i}], Tensor[A, {Void}, {i}]]/
       Subscript[V, 0], d[Tensor[A, {Void}, {i}]*Tensor[n, {Void}, {i}]] -> 
      d[Tensor[A, {Void}, {i}]]*Tensor[n, {Void}, {i}], 
     r*Tensor[n, {Void}, {i}] -> Tensor[x, {Void}, {i}], 
     Subscript[S, M][r] -> -(Subscript[V, M][r]/Subscript[V, 0]), 
     Subscript[S, M][r] -> -(Inactive[Integrate][1, Subscript[V, M][r]]/
        Subscript[V, 0]), Subscript[S, M][r] -> 
      -(Inactive[Integrate][difForm[Subscript[V, M]], 
         Element[Subscript[V, M], \[ScriptCapitalB]]]/Subscript[V, 0]), 
     Subscript[S, M][r] -> -(Inactive[Integrate][Subscript[V, M], 
         Element[Subscript[V, M], "\[PartialD]\[ScriptCapitalB]"]]/
        Subscript[V, 0]), Style["Apply Divergence Theorem", 
      RGBColor[0, 2/3, 0], Larger], Subscript[S, M][r] -> 
      -(Inactive[Integrate][Tensor[x, {Void}, {i}], Tensor[A, {Void}, {i}]]/
        ((-1 + d)*Subscript[V, 0])), 
     tuDDown["\[Del]"][Tensor[u, {Void}, {i}], i] :> 
      If[CG["inside \
\[ScriptCapitalB]\[Intersection]\!\(\*SubscriptBox[\(\[ScriptCapitalV]\), \
\(M\)]\)"], -SuperStar[Subscript[V, 0]]/Subscript[V, 0], 0], 
     Tensor[u, {Void}, {i}] -> tuDDown["\[Del]"][\[Chi], i], 
     tuDDown["\[Del]"][tuDDown["\[Del]"][\[Chi], i], i] -> 
      If[Style["inside \
\[ScriptCapitalB]\[Intersection]\!\(\*SubscriptBox[\(\[ScriptCapitalV]\), \
\(M\)]\)", RGBColor[0, 2/3, 0], Larger], -SuperStar[Subscript[V, 0]]/
        Subscript[V, 0], 0], Subscript[V, M][\[ScriptCapitalB]] -> 
      Inactive[Integrate][difForm[V], Element[x, Intersection[
         \[ScriptCapitalB], Subscript[\[ScriptCapitalV], M]]]]}
 
T[A_, uds_String][index0__] := Module[{tmp, ud = Characters[uds], 
      index = {index0}}, If[Cases[ud, Except["u" | "d"]] === {} && 
       (tmp = Which[Head[index] === List && Length[ud] == Length[index], 
          Tensor[A, MapThread[If[#1 === "u", #2, Void] & , {ud, index}], 
           MapThread[If[#1 === "d", #2, Void] & , {ud, index}]], 
          ud === {"u"}, Tensor[A, {index}, {Void}], ud === {"d"}, 
          Tensor[A, {Void}, {index}], True, -1]) =!= -1, tmp, 
      Style[Tensor[A, uds, index], FontColor -> Red]]]
 
T[A_, up_List, down_List] := Module[{tmp, u = up /. Null -> Void, 
      d = down /. Null -> Void, return}, 
     If[up == {} && down == {}, Return[Tensor[A, up, down]]]; 
      If[up == {}, u = Table[Void, {Length[d]}]]; 
      If[down == {}, d = Table[Void, {Length[u]}]]; 
      If[Length[d] == Length[u] &&  !Inner[(#1 =!= Void && #2 =!= Void) || 
            (#1 === Void && #2 === Void) & , u, d, Or], Tensor[A, u, d], 
       Style[Tensor[A, up, down], FontColor -> Red]]]
 
T[A_, uds_String, index_List] := Module[{tmp, ud = Characters[uds]}, 
     If[Cases[ud, Except["u" | "d"]] === {} && 
       (tmp = Which[Head[index] === List && Length[ud] == Length[index], 
          Tensor[A, MapThread[If[#1 === "u", #2, Void] & , {ud, index}], 
           MapThread[If[#1 === "d", #2, Void] & , {ud, index}]], 
          ud === {"u"}, Tensor[A, {index}, {Void}], ud === {"d"}, 
          Tensor[A, {Void}, {index}], True, -1]) =!= -1, tmp, 
      Style[Tensor[A, uds, index], FontColor -> Red]]]
 
T /: T::usage = "T[A_,uds_String][index0__] produces any Tensor where \
uds_String specifies up/down position of index_, \
e.g.,T[Symbol,\"udd\"][i,j,k]->((\!\(\*SuperscriptBox[\(Symbol\), \
\(i\)]\)\!\(\*SubscriptBox[\()\), \(jk\)]\))"
 
CG[a__] := style[Darker[Green], a]
 
style[color_, exp__] := Module[{tmp = {exp}}, 
     tmp = Thread[Style[tmp, color, Larger]]; Sequence @@ tmp]
 
Attributes[$deltas$] = {Temporary}
 
Attributes[$dep$] = {Temporary}
 
Attributes[$de$] = {Temporary}
 
Attributes[$dif$] = {Temporary}
 
$dL = d[L] -> L*\[CapitalPhi][L]
 
Attributes[$dm$] = {Temporary}
 
Attributes[$ds2$] = {Temporary}
 
Attributes[$dummy$] = {Temporary}
 
Attributes[$dum$] = {Temporary}
 
Attributes[$d$] = {Temporary}
 
Attributes[$e$] = {Temporary}
 
Attributes[$forms$] = {Temporary}
 
Attributes[$formvar$] = {Temporary}
 
Attributes[$f$] = {Temporary}
 
Attributes[$gall$] = {Temporary}
 
Attributes[$generalForm$] = {Temporary}
 
Attributes[$gs$] = {Temporary}
 
Attributes[$h1$] = {Temporary}
 
Attributes[$head$] = {Temporary}
 
Attributes[$h$] = {Temporary}
 
Attributes[$ii$] = {Temporary}
 
Attributes[$index$] = {Temporary}
 
Attributes[$ind$] = {Temporary}
 
Attributes[$in$] = {Temporary}
 
Attributes[$i$] = {Temporary}
 
Attributes[$j$] = {Temporary}
 
Attributes[$keys$] = {Temporary}
 
Attributes[$k$] = {Temporary}
 
Attributes[$list$] = {Temporary}
 
Attributes[$low$] = {Temporary}
 
Attributes[$L$] = {Temporary}
 
Attributes[$matches$] = {Temporary}
 
Attributes[$match$] = {Temporary}
 
Attributes[$npat$] = {Temporary}
 
Attributes[$n$] = {Temporary}
 
$p = {{2, 5} -> (Tensor[u, {Void}, {k}]*tuDDown["\[Del]"][
         Tensor[u, {Void}, {k}], j])/u[r]}
 
Attributes[$p0$] = {Temporary}
 
$pass = Inactive[Integrate][A[Derivative[1][r]]*
       \[CurlyEpsilon][Derivative[1][r]]^2, {Derivative[1][r], 0, r}] -> 
     Subscript[V, M][r]
 
Attributes[$patterns$] = {Temporary}
 
Attributes[$Pattern$] = {Temporary}
 
Attributes[$pat$] = {Temporary}
 
Attributes[$placeholder$] = {Temporary}
 
Attributes[$pn$] = {Temporary}
 
Attributes[$pos$] = {Temporary}
 
Attributes[$pvar1$] = {Temporary}
 
Attributes[$pvar$] = {Temporary}
 
Attributes[$p$] = {Temporary}
 
Attributes[$p$1820] = {Temporary}
 
$p$1820 = {a, A, Subscript[k, B], Style["E", Italic], Style["N", Italic], 
     Subscript[\[ScriptL], P]}
 
Attributes[$p$2109] = {Temporary}
 
$p$2109 = {T, S}
 
Attributes[$p$2716] = {Temporary}
 
$p$2716 = {Subscript[V, 0], Subscript[\[CapitalOmega], -2 + d], A[L], V[r], 
     Subscript[S, DE][L]}
 
Attributes[$p$2968] = {Temporary}
 
$p$2968 = {A[L], Subscript[\[CapitalOmega], _], V[L]}
 
Attributes[$p$3794] = {Temporary}
 
$p$3794 = {IIII$3786[1], M, IIII$3786[2], IIII$3786[4]}
 
Attributes[IIII$3786] = {Temporary}
 
Attributes[$p$4036] = {Temporary}
 
$p$4036 = {Subscript[S, M][r], A[r], u[r], \[CapitalPhi][r]}
 
Attributes[$p$4398] = {Temporary}
 
$p$4398 = {Subscript[\[CapitalOmega], -2 + d], G, SuperStar[Subscript[V, 0]]}
 
Attributes[$p$4821] = {Temporary}
 
$p$4821 = {\[CurlyEpsilon][r], A[r]}
 
Attributes[$p$5118] = {Temporary}
 
$p$5118 = {\[Delta][S], \[Delta][Subscript[H, \[Xi]]]}
 
Attributes[$p$5662] = {Temporary}
 
$p$5662 = {L, u[r]}
 
Attributes[$p$6360] = {Temporary}
 
$p$6360 = {\[Mu], \[Lambda]}
 
Attributes[$range$] = {Temporary}
 
Attributes[$rhead$] = {Temporary}
 
Attributes[$right$] = {Temporary}
 
Attributes[$rp$] = {Temporary}
 
Attributes[$rp$1820] = {Temporary}
 
$rp$1820 = {Style["N", Italic] -> (4*c^3*Pi*r^2)/(G*\[HBar]), 
     Style["N", Italic] -> (2*c^2*M)/(T*Subscript[k, B]), 
     Subscript[k, B] -> (a*\[HBar])/(2*c*Pi*T), a -> F/m}
 
Attributes[$rp$2109] = {Temporary}
 
$rp$2109 = {}
 
Attributes[$rp$2716] = {Temporary}
 
$rp$2716 = {Subscript[\[CapitalOmega], -2 + d] -> 4*G*L*r^(1 - d)*\[HBar]*
       Subscript[S, DE][r], Subscript[\[CapitalOmega], -2 + d] -> 
      r^(2 - d)*A[r]}
 
Attributes[$rp$2968] = {Temporary}
 
$rp$2968 = {}
 
Attributes[$rp$3794] = {Temporary}
 
$rp$3794 = {M -> r^(-2 + d)*IIII$3786[1]*IIII$3786[6], 
     M -> ((-1 + d)*IIII$3786[8]*IIII$3786[9]*IIII$3786[10])/(8*G*Pi*r), 
     IIII$3786[1] -> (-1 + d)*r^(1 - d)*IIII$3786[9]}
 
Attributes[$rp$4036] = {Temporary}
 
$rp$4036 = {u[r] -> (-8*G*L*M*Pi*r^(3 - d))/((-2 + d)*
        Subscript[\[CapitalOmega], -2 + d])}
 
Attributes[$rp$4398] = {Temporary}
 
$rp$4398 = {G -> (r^(-1 + d)*Subscript[\[CapitalOmega], -2 + d]*
        \[CurlyEpsilon][r])/(4*L*N*\[HBar]), 
     Subscript[\[CapitalOmega], -2 + d] -> (-1 + d)*r^(1 - d)*V[r], 
     G -> ((-1 + d)*Subscript[V, 0])/(4*L*\[HBar])}
 
Attributes[$rp$4821] = {Temporary}
 
$rp$4821 = {A[r] -> (8*G*M*Pi)/((-1 + d)*Subscript[a, 0]*
        \[CurlyEpsilon][r]^2), \[CurlyEpsilon][r] -> 
      (8*G*Pi*Subscript[\[CapitalSigma], D][r])/Subscript[a, 0], 
     A[r] -> M/Subscript[\[CapitalSigma], B][r]}
 
Attributes[$rp$5118] = {Temporary}
 
$rp$5118 = {\[Delta][S] -> (-2*Pi*\[Delta][M])/(\[HBar]*Subscript[a, 0])}
 
Attributes[$rp$5662] = {Temporary}
 
$rp$5662 = {}
 
Attributes[$rp$6360] = {Temporary}
 
$rp$6360 = {\[Mu] -> Tensor[\[Sigma], {Void, Void}, {i, j}]/
       (2*(Tensor[\[CurlyEpsilon], {Void, Void}, {i, j}] - 
         Tensor[\[Delta], {Void, Void}, {i, j}]*Tensor[\[CurlyEpsilon], 
           {Void, Void}, {k, k}])), \[Mu] -> Subscript[a, 0]^2/(16*G*Pi)}
 
Attributes[$rules$] = {Temporary}
 
Attributes[$rule$] = {Temporary}
 
Attributes[$r$] = {Temporary}
 
Attributes[$r$1814] = {Temporary}
 
$r$1814 = {(c^2*F*r^2)/(G*m) -> c^2*M}
 
Attributes[$r$2103] = {Temporary}
 
$r$2103 = {(2*Pi*d[M])/(\[Kappa]*\[HBar]) -> A/(4*G*\[HBar]), 
     c^2/L -> Subscript[a, 0], c^2/L -> Subscript[a, 0], 
     c^2/L -> Subscript[a, 0], c*Subscript[H, 0] -> c^2/L -> Subscript[a, 0]}
 
Attributes[$r$2710] = {Temporary}
 
$r$2710 = {d[s]^2 -> r^2*d[\[CapitalOmega]]^2 + d[r]^2/f[r] - d[t]^2*f[r], 
     f[r] -> 1 - r^2/L^2, A[r] -> (4*G*L*\[HBar]*Subscript[S, DE][r])/r}
 
Attributes[$r$2962] = {Temporary}
 
$r$2962 = {}
 
Attributes[$r$3788] = {Temporary}
 
$r$3788 = {IIII$3786[8] -> (8*G*Pi*IIII$3786[6])/IIII$3786[10]}
 
Attributes[$r$4030] = {Temporary}
 
$r$4030 = {}
 
Attributes[$r$4392] = {Temporary}
 
$r$4392 = {\[CurlyEpsilon][r] -> -(((2 - d)*\[CurlyEpsilon][r])/(-2 + d)), 
     Subscript[V, 0] -> (V[r]*\[CurlyEpsilon][r])/N}
 
Attributes[$r$4815] = {Temporary}
 
$r$4815 = {Subscript[\[CapitalSigma], B][r] -> 
      (8*(-1 + d)*G*Pi*Subscript[\[CapitalSigma], D][r]^2)/Subscript[a, 0]}
 
Attributes[$r$5112] = {Temporary}
 
$r$5112 = {\[Delta][M]/Subscript[a, 0] -> Inactive[Integrate][
       -\[Xi] . \[Delta][B] + \[Delta][Q[\[Xi]]], Subscript[S, Infinity]]}
 
Attributes[$r$5656] = {Temporary}
 
$r$5656 = {M -> -Inactive[Integrate][Tensor[n, {Void}, {i}]*\[CapitalPhi][r]*
          tuDDown["\[Del]"][Tensor[n, {Void}, {j}], j], 
         Tensor[A, {Void}, {i}]]/(8*G*Pi), 
     tuDDown["\[Del]"][Tensor[n, {Void}, {j}], j] -> (-2 + d)/Abs[x], 
     (Tensor[n, {Void}, {i}]*\[CapitalPhi][r])/Subscript[a, 0] -> 
      Tensor[u, {Void}, {i}]}
 
Attributes[$r$6354] = {Temporary}
 
$r$6354 = {Tensor[\[Sigma], {Void, Void}, {i, j}] -> 
      (Tensor[\[CurlyEpsilon], {Void, Void}, {i, j}]*Tensor[\[Sigma], 
          {Void, Void}, {i, j}])/(Tensor[\[CurlyEpsilon], {Void, Void}, 
          {i, j}] - Tensor[\[Delta], {Void, Void}, {i, j}]*
          Tensor[\[CurlyEpsilon], {Void, Void}, {k, k}]) - 
       (Tensor[\[Delta], {Void, Void}, {i, j}]*Tensor[\[CurlyEpsilon], 
          {Void, Void}, {k, k}]*Tensor[\[Sigma], {Void, Void}, {i, j}])/
        (Tensor[\[CurlyEpsilon], {Void, Void}, {i, j}] - 
         Tensor[\[Delta], {Void, Void}, {i, j}]*Tensor[\[CurlyEpsilon], 
           {Void, Void}, {k, k}]), Tensor[\[Sigma], {Void, Void}, {i, j}]/
       (Tensor[\[CurlyEpsilon], {Void, Void}, {i, j}] - 
        Tensor[\[Delta], {Void, Void}, {i, j}]*Tensor[\[CurlyEpsilon], 
          {Void, Void}, {k, k}]) -> Subscript[a, 0]^2/(8*G*Pi)}
 
$s = tuDDown["\[Del]"][Tensor[u, {Void}, {i}], i] :> 
     If[CG["inside \
\[ScriptCapitalB]\[Intersection]\!\(\*SubscriptBox[\(\[ScriptCapitalV]\), \
\(M\)]\)"], -SuperStar[Subscript[V, 0]]/Subscript[V, 0], 0]
 
$s0 = Tensor[n, {Void}, {i}]*u[r] -> Tensor[u, {Void}, {i}]
 
Attributes[$s1$] = {Temporary}
 
Attributes[$scal$] = {Temporary}
 
$sgeneral := {T[\[Gamma], "d", {5}] -> Product[T[\[Gamma], "u", {\[Mu]}], 
       {\[Mu], 4}], T[\[Gamma], "d", {5}] . T[\[Gamma], "d", {5}] -> 1, 
     ConjugateTranspose[T[\[Gamma], "d", {5}]] -> T[\[Gamma], "d", {5}], 
     CommutatorP[T[\[Gamma], "d", {5}], T[\[Gamma], "u", {\[Mu]}]] -> 0, 
     T["\[Del]", "d", {_}][Subscript[1, n_]] -> 0, (a_) . Subscript[1, n_] -> 
      a, Subscript[1, n_] . (a_) -> a}
 
Attributes[$sign$] = {Temporary}
 
Attributes[$sNO$] = {Temporary}
 
Attributes[$sn$] = {Temporary}
 
$SpinorsPath = "/Users/Tom/Library/Mathematica/Applications"
 
$sr = tuDDown["\[PartialD]"][r, s] -> 1 + \[CapitalPhi][r]
 
Attributes[$ss$] = {Temporary}
 
$su = u[r] -> Sqrt[Tensor[u, {Void}, {k}] . Tensor[u, {Void}, {k}]]
 
Attributes[$subRules$] = {Temporary}
 
Attributes[$subs$] = {Temporary}
 
Attributes[$swap$] = {Temporary}
 
Attributes[$sx0$] = {Temporary}
 
$symmetries := {tt:T[g, "uu", {\[Mu]_, \[Nu]_}] :> 
      tuIndexSwap[{\[Mu], \[Nu]}][tt] /; OrderedQ[{\[Nu], \[Mu]}], 
     tt:T[F, "uu", {\[Mu]_, \[Nu]_}] :> -tuIndexSwap[{\[Mu], \[Nu]}][tt] /; 
       OrderedQ[{\[Nu], \[Mu]}], tt:T[F, "dd", {\[Mu]_, \[Nu]_}] :> 
      -tuIndexSwap[{\[Mu], \[Nu]}][tt] /; OrderedQ[{\[Nu], \[Mu]}], 
     CommutatorM[a_, b_] :> -CommutatorM[b, a] /; OrderedQ[{b, a}], 
     CommutatorP[a_, b_] :> CommutatorP[b, a] /; OrderedQ[{b, a}], 
     tt:T[\[Gamma], "u", {\[Mu]}] . T[\[Gamma], "d", {5}] :> Reverse[tt]}
 
tuIndexSwap[index1_, (index2_) | PatternSequence[]][exp_] := 
    Module[{tmp = exp, ind1, ind2, $ii, subi, CX}, 
     {ind1, ind2} = Flatten[{index1, index2}]; subi[i_List] := 
       (If[#1 === ind2, CX[ind1], If[#1 === ind1, CX[ind2], #1]] & ) /@ i; 
      tmp = tmp //. Tensor[A_, u_, d_] :> xTensor[A, subi[u], subi[d]]; 
      tmp = tmp //. (dd:DerivOps)[A_, i_] :> CX[dd][A, ind2] /; i === ind1; 
      tmp = tmp //. (dd:DerivOps)[A_, i_] :> CX[dd][A, ind1] /; i === ind2; 
      tmp = tmp //. CX[a_] -> a //. xTensor -> Tensor]
 
tuIndexSwap /: tuIndexSwap::usage = "tuIndexSwap[index1_,index2_][exp_] swaps \
indexPair of Tensor's in exp_. EG: tuIndexSwap[i,j][\!\(\*SubscriptBox[\(A\), \
\(ikj\)]\)]->\!\(\*SubscriptBox[\(A\), \(jki\)]\) .  [index1_,index2_] can be \
input as [{index1_,index2_}].  *4Nov2014*"
 
DerivOps := Flatten[DerivOpsD | DerivOpsU | tuDerivOps]
 
DerivOpsD := Join[xPartialD | xCovariantD | xD[_], tuDerivOpsD]
 
xPartialD[field_, var_] := tuPartialD[field, var]
 
tuPartialD := tuDPartial
 
tuPartialD /: tuPartialD::usage = "tuPartialD[field_,var_] displays the \
PartialD[field,var] \[Rule] \!\(\*SubscriptBox[\(\[PartialD]\), \
\(var\)]\)field. "
 
tuDPartial[a_, b_] := tuDDown["\[PartialD]"][a, b]
 
tuDerivOpsD := tuDPartial | tuDCovariant | tuDs[_] | tuDDown[_]
 
tuDCovariant[a_, b_] := tuDDown["\[Del]"][a, b]
 
tuDs[s_][a_, b_] := tuDDown[s][a, b]
 
DerivOpsU := Join[xPartialDu | xCovariantDu | xDu[_], tuDerivOpsU]
 
xPartialDu[field_, var_] := tuPartialDu[field, var]
 
tuPartialDu := tuDPartialu
 
tuPartialDu /: tuPartialDu::usage = "tuPartialDu[field_,var_] displays the \
PartialDu[field,var] \[Rule] \!\(\*SuperscriptBox[\(\[PartialD]\), \
\(var\)]\)field. "
 
tuDPartialu[a_, b_] := tuDUp["\[PartialD]"][a, b]
 
tuDerivOpsU := tuDPartialu | tuDCovariantu | tuDsu[_] | tuDUp[_]
 
tuDCovariantu[a_, b_] := tuDUp["\[Del]"][a, b]
 
tuDsu[s_][a_, b_] := tuDUp[s][a, b]
 
tuDerivOps := Flatten[tuDerivOpsD | tuDerivOpsU | tuDLie]
 
tuDLie[a_, b_] := tuDDown["\[ScriptCapitalL]"][a, b]
 
Attributes[$s$] = {Temporary}
 
Attributes[$t1$] = {Temporary}
 
Attributes[$targetForm$] = {Temporary}
 
Attributes[$tensorsymbol$] = {Temporary}
 
Attributes[$test$] = {Temporary}
 
Attributes[$tmp$] = {Temporary}
 
Attributes[$t$] = {Temporary}
 
Attributes[$u0$] = {Temporary}
 
Attributes[$u1$] = {Temporary}
 
Attributes[$u2$] = {Temporary}
 
Attributes[$u$] = {Temporary}
 
Attributes[$var$] = {Temporary}
 
Attributes[$without$] = {Temporary}
 
Attributes[$with$] = {Temporary}
 
Attributes[$XX$] = {Temporary}
 
Attributes[$x$] = {Temporary}
 
Attributes[$X$] = {Temporary}
 
Attributes[$y$] = {Temporary}
 
Attributes[$\[Sigma]$] = {Temporary}
 
Attributes[$$] = {Temporary}
 
Attributes[$$6862] = {Temporary}
 
$$6862 = {"$", "$0", "$0$", "$1", "$1a", "$1a$", "$1c", "$1c$", "$1s", 
     "$1s$", "$1t", "$1$", "$2", "$2a", "$2a$", "$2b", "$2b$", "$2c", "$2c$", 
     "$2m", "$2m$", "$2t", "$2td", "$2td$", "$2t$", "$2$", "$4", "$4$", "$a", 
     "$A", "$aa", "$aa$", "$arg", "$Arg", "$argn", "$argn$", "$Arg$", "$a$", 
     "$b", "$bb", "$bb$", "$b$", "$c", "$cc", "$cc$", "$common", "$common$", 
     "$const", "$const$", "$c$", "$d", "$d0", "$d0$", "$d1", "$d1$", "$d2", 
     "$d2$", "$de", "$def", "$deltas", "$deltas$", "$dep", "$dep$", "$de$", 
     "$dif", "$dif$", "$dL", "$dm", "$dm$", "$ds2", "$ds2$", "$dum", 
     "$dummy", "$dummy$", "$dum$", "$d$", "$e", "$e$", "$f", "$forms", 
     "$forms$", "$formvar", "$formvar$", "$f$", "$gall", "$gall$", 
     "$generalForm", "$generalForm$", "$gs", "$gs$", "$h", "$h1", "$h1$", 
     "$head", "$head$", "$h$", "$i", "$ii", "$ii$", "$in", "$ind", "$index", 
     "$index$", "$ind$", "$in$", "$i$", "$j", "$j$", "$k", "$keys", "$keys$", 
     "$k$", "$L", "$list", "$list$", "$low", "$low$", "$L$", "$match", 
     "$matches", "$matches$", "$match$", "$n", "$npat", "$npat$", "$n$", 
     "$p", "$p0", "$p0$", "$pass", "$pat", "$Pattern", "$patterns", 
     "$patterns$", "$Pattern$", "$pat$", "$placeholder", "$placeholder$", 
     "$pn", "$pn$", "$pos", "$pos$", "$pvar", "$pvar1", "$pvar1$", "$pvar$", 
     "$p$", "$p$1820", "$p$2109", "$p$2716", "$p$2968", "$p$3794", "$p$4036", 
     "$p$4398", "$p$4821", "$p$5118", "$p$5662", "$p$6360", "$r", "$range", 
     "$range$", "$rhead", "$rhead$", "$right", "$right$", "$rp", "$rp$", 
     "$rp$1820", "$rp$2109", "$rp$2716", "$rp$2968", "$rp$3794", "$rp$4036", 
     "$rp$4398", "$rp$4821", "$rp$5118", "$rp$5662", "$rp$6360", "$rule", 
     "$rules", "$rules$", "$rule$", "$r$", "$r$1814", "$r$2103", "$r$2710", 
     "$r$2962", "$r$3788", "$r$4030", "$r$4392", "$r$4815", "$r$5112", 
     "$r$5656", "$r$6354", "$s", "$s0", "$s1", "$s1$", "$scal", "$scal$", 
     "$sgeneral", "$sign", "$sign$", "$sn", "$sNO", "$sNO$", "$sn$", 
     "$SpinorsPath", "$sr", "$ss", "$ss$", "$string", "$su", "$subRules", 
     "$subRules$", "$subs", "$subs$", "$swap", "$swap$", "$sx0", "$sx0$", 
     "$symmetries", "$s$", "$t", "$t1", "$t1$", "$targetForm", 
     "$targetForm$", "$tensorsymbol", "$tensorsymbol$", "$test", "$test$", 
     "$tmp", "$tmp$", "$t$", "$u", "$u0", "$u0$", "$u1", "$u1$", "$u2", 
     "$u2$", "$u$", "$var", "$var$", "$with", "$without", "$without$", 
     "$with$", "$x", "$X", "$XX", "$XX$", "$x$", "$X$", "$y", "$y$", 
     "$\[Alpha]", "$\[Beta]", "$\[Sigma]", "$\[Sigma]$", "$$", "$$6862", 
     "$$a", "$$b", "$$c", "$$d", "$$i", "$$m", "$$n", "$$t", "$$ten", "$$t$", 
     "$$XX", "$$XXX"}
 
Attributes[$$t$] = {Temporary}
