$ = {\[Zeta] -> E^t, Tensor[a, {0}, {Global`Void}] -> -E^(-Subscript[t, s]), 
     Tensor[a, {1}, {Global`Void}] -> -1, Tensor[a, {4}, {Global`Void}] -> 
      E^(-Subscript[t, s]), Tensor[b, {0}, {Global`Void}] -> 
      (1 + E^(-2*Subscript[t, s]))/2, Tensor[b, {1}, {Global`Void}] -> 
      E^(-Subscript[t, s]), Tensor[b, {4}, {Global`Void}] -> 
      1/2 - 1/(2*E^(2*Subscript[t, s]))}
 
Attributes[Subscript] = {NHoldRest}
 
$0 = {\[Lambda]*Tensor[X, {Global`Void}, {M}] -> tuDDown["\[PartialD]"][
       tuDDown["\[PartialD]"][Tensor[X, {Global`Void}, {M}], \[Zeta]], 
       \[Zeta]], Tensor[X, {M}, {Global`Void}]*Tensor[X, {N}, {Global`Void}]*
       Tensor[\[Eta], {Global`Void, Global`Void}, {M, N}] -> 1}
 
$00 = Tensor[X, {4}, {Global`Void}] -> (L - E^(2*t)*L*(-1 + r^2))/(2*E^t)
 
Attributes[$0$] = {Temporary}
 
Attributes[$0$11569] = {Temporary}
 
$0$11569 = xTimes[1/2, \[Lambda], Tensor[X, {M}, {Global`Void}], 
     Tensor[\[Eta], {Global`Void, Global`Void}, {M, N}]]
 
Attributes[$0$11590] = {Temporary}
 
$0$11590 = xTimes[1/2, \[Lambda], Tensor[X, {N}, {Global`Void}], 
     Tensor[\[Eta], {Global`Void, Global`Void}, {M, N}]]
 
$1 = Tensor[b, {4}, {Global`Void}] -> 1/2 + E^(-t - Subscript[t, s]) - 
      1/(2*E^(2*Subscript[t, s])) - Tensor[a, {4}, {Global`Void}]/E^t
 
Attributes[$1a$] = {Temporary}
 
Attributes[$1c$] = {Temporary}
 
Attributes[$1s$] = {Temporary}
 
Attributes[$1$] = {Temporary}
 
$2 = E^(-Subscript[t, s]) - Tensor[a, {4}, {Global`Void}] -> 0
 
Attributes[$2a$] = {Temporary}
 
Attributes[$2b$] = {Temporary}
 
Attributes[$2c$] = {Temporary}
 
Attributes[$2m$] = {Temporary}
 
Attributes[$2td$] = {Temporary}
 
Attributes[$2t$] = {Temporary}
 
Attributes[$2$] = {Temporary}
 
$3 = {r -> L*Sinh[\[Psi]]*Tan[\[Theta]], L*Cosh[\[Psi]]*Tan[\[Theta]] -> T}
 
T[A_, uds_String][index0__] := Module[{tmp, ud = Characters[uds], 
      index = {index0}}, If[Cases[ud, Except["u" | "d"]] === {} && 
       (tmp = Which[Head[index] === List && Length[ud] == Length[index], 
          Tensor[A, MapThread[If[#1 === "u", #2, Global`Void] & , 
            {ud, index}], MapThread[If[#1 === "d", #2, Global`Void] & , 
            {ud, index}]], ud === {"u"}, Tensor[A, {index}, {Global`Void}], 
          ud === {"d"}, Tensor[A, {Global`Void}, {index}], True, -1]) =!= -1, 
      tmp, Style[Tensor[A, uds, index], FontColor -> Red]]]
 
T[A_, up_List, down_List] := Module[{tmp, u = up /. Null -> Global`Void, 
      d = down /. Null -> Global`Void, return}, 
     If[up == {} && down == {}, Return[Tensor[A, up, down]]]; 
      If[up == {}, u = Table[Global`Void, {Length[d]}]]; 
      If[down == {}, d = Table[Global`Void, {Length[u]}]]; 
      If[Length[d] == Length[u] && 
         !Inner[(#1 =!= Global`Void && #2 =!= Global`Void) || 
            (#1 === Global`Void && #2 === Global`Void) & , u, d, Or], 
       Tensor[A, u, d], Style[Tensor[A, up, down], FontColor -> Red]]]
 
T[A_, uds_String, index_List] := Module[{tmp, ud = Characters[uds]}, 
     If[Cases[ud, Except["u" | "d"]] === {} && 
       (tmp = Which[Head[index] === List && Length[ud] == Length[index], 
          Tensor[A, MapThread[If[#1 === "u", #2, Global`Void] & , 
            {ud, index}], MapThread[If[#1 === "d", #2, Global`Void] & , 
            {ud, index}]], ud === {"u"}, Tensor[A, {index}, {Global`Void}], 
          ud === {"d"}, Tensor[A, {Global`Void}, {index}], True, -1]) =!= -1, 
      tmp, Style[Tensor[A, uds, index], FontColor -> Red]]]
 
T /: T::usage = "T[A_,uds_String][index0__] produces any Tensor where \
uds_String specifies up/down position of index_, \
e.g.,T[Symbol,\"udd\"][i,j,k]->((\!\(\*SuperscriptBox[\(Symbol\), \
\(i\)]\)\!\(\*SubscriptBox[\()\), \(jk\)]\))"
 
tmp = E^(2*K*\[Zeta])*Tensor[a, {N}, {Global`Void}]*Tensor[a, {Global`Void}, 
        {N}] + Tensor[a, {Global`Void}, {N}]*Tensor[b, {N}, {Global`Void}] + 
      Tensor[a, {N}, {Global`Void}]*Tensor[b, {Global`Void}, {N}] + 
      (Tensor[b, {N}, {Global`Void}]*Tensor[b, {Global`Void}, {N}])/
       E^(2*K*\[Zeta]) -> 1
 
Attributes[$4$] = {Temporary}
 
Attributes[$aa$] = {Temporary}
 
Attributes[$argn$] = {Temporary}
 
Attributes[$Arg$] = {Temporary}
 
Attributes[$a$] = {Temporary}
 
Attributes[$bb$] = {Temporary}
 
Attributes[$b$] = {Temporary}
 
Attributes[$cc$] = {Temporary}
 
Attributes[$common$] = {Temporary}
 
$conformal = {Cosh[t] -> Sec[\[Tau]], -Pi/2 < \[Tau] < Pi/2}
 
$conformalds = d[s]^2 -> L^2*(-d[\[Tau]]^2 + d[Subscript[\[CapitalOmega], 3]]^
        2)*Sec[\[Tau]]^2
 
$conformalwiki = {Tanh[\[Tau]/2] -> Tan[T/2], -Pi/2 < T < Pi/2, 
     T -> 2*ArcTan[Tanh[\[Tau]/2]], \[Tau] -> 2*ArcTanh[Tan[T/2]]}
 
Attributes[$const$] = {Temporary}
 
Attributes[$c$] = {Temporary}
 
Attributes[$d0$] = {Temporary}
 
Attributes[$d1$] = {Temporary}
 
Attributes[$d2$] = {Temporary}
 
$def["AZ.IX"] = {xSum[If[i == 0, -1, 1]*Tensor[X, {i}, {Global`Void}]^2, 
       {i, 0, d}] -> L^2, d[Subscript[\[CapitalOmega], 2]]^2 -> 
      d[\[Theta]]^2 + d[\[CurlyPhi]]^2*Sin[\[Theta]]^2, 
     d[Subscript[s, 3]]^2 -> d[r]^2 + r^2*d[Subscript[\[CapitalOmega], 2]]^2, 
     d[r]^2 + r^2*d[Subscript[\[CapitalOmega], 2]]^2 -> 
      d[Tensor[X, {1}, {Global`Void}]]^2 + d[Tensor[X, {2}, {Global`Void}]]^
        2 + d[Tensor[X, {3}, {Global`Void}]]^2, d[Subscript[s, 3]]^2 -> 
      d[Tensor[X, {1}, {Global`Void}]]^2 + d[Tensor[X, {2}, {Global`Void}]]^
        2 + d[Tensor[X, {3}, {Global`Void}]]^2, 
     Style["For sphere \!\(\*SuperscriptBox[\(S\), \(n - 1\)]\)", 
      RGBColor[0, 2/3, 0], Larger], Tensor[\[Omega], {1}, {Global`Void}] -> 
      Cos[Tensor[\[Theta], {Global`Void}, {1}]], 
     Tensor[\[Omega], {i}, {Global`Void}] -> 
      Cos[Tensor[\[Theta], {Global`Void}, {i}]]*
       Product[Sin[Tensor[\[Theta], {Global`Void}, {j}]], {j, 1, -1 + i}], i, 
     1, -1 + n, Tensor[\[Omega], {n}, {Global`Void}] -> 
      Product[Sin[Tensor[\[Theta], {Global`Void}, {j}]], {j, 1, -2 + n}]*
       Sin[Tensor[\[Theta], {Global`Void}, {-1 + n}]], 
     Inequality[0, LessEqual, Tensor[\[Theta], {Global`Void}, {i}], Less, 
      Pi], Inequality[1, LessEqual, i, Less, -1 + n], 
     Inequality[0, LessEqual, Tensor[\[Theta], {Global`Void}, {-1 + n}], 
      Less, 2*Pi], Framed[Column[{xSum[Tensor[\[Omega], {i}, {Global`Void}]^
           2, {i, 1, n}] -> 1, d[Subscript[\[CapitalOmega], -1 + n]]^2 -> 
         xSum[d[Tensor[\[Omega], {i}, {Global`Void}]]^2, {i, 1, n}], 
        xSum[d[Tensor[\[Omega], {i}, {Global`Void}]]*Tensor[\[Omega], {i}, 
            {Global`Void}], {i, 1, n}] -> 0}]], Style["$s\[Omega]1", 
      RGBColor[0, 2/3, 0], Larger], d[Subscript[\[CapitalOmega], -1 + n]]^
       2 -> d[Tensor[\[Theta], {Global`Void}, {1}]]^2 + 
       d[Subscript[\[CapitalOmega], -2 + n]]^2*
        Sin[Tensor[\[Theta], {Global`Void}, {1}]]^2, 
     Tensor[X, {0}, {Global`Void}] -> T, Tensor[X, {1}, {Global`Void}] -> X, 
     Tensor[X, {2}, {Global`Void}] -> Y, Tensor[X, {3}, {Global`Void}] -> Z, 
     Tensor[X, {4}, {Global`Void}] -> W, -T^2 + W^2 + X^2 + Y^2 + Z^2 -> L^2, 
     Tensor[X, {1}, {Global`Void}] -> r*Cos[\[CurlyPhi]]*Sin[\[Theta]], 
     Tensor[X, {2}, {Global`Void}] -> r*Sin[\[Theta]]*Sin[\[CurlyPhi]], 
     Tensor[X, {3}, {Global`Void}] -> r*Cos[\[Theta]], 
     Tensor[X, {i}, {Global`Void}] -> r*Tensor[\[Omega], {i}, {Global`Void}], 
     r^2 -> Tensor[X, {1}, {Global`Void}]^2 + Tensor[X, {2}, {Global`Void}]^
        2 + Tensor[X, {3}, {Global`Void}]^2, L^2 -> r^2 - T^2 + W^2, 
     d[Subscript[s, E4]]^2 -> L^2*(d[\[Psi]]^2 + 
        d[Subscript[\[CapitalOmega], 2]]^2*Sin[\[Psi]]^2), 
     d[Subscript[\[CapitalOmega], 3]]^2 -> d[\[Psi]]^2 + 
       d[Subscript[\[CapitalOmega], 2]]^2*Sin[\[Psi]]^2, r -> L*Sin[\[Psi]], 
     Subscript[dS, 4] -> r^2 - Tensor[X, {0}, {Global`Void}]^2 + 
        Tensor[X, {4}, {Global`Void}]^2 -> L^2, 
     Style["Kruskal-Szekeres coordinates", RGBColor[0, 2/3, 0], Larger], 
     Style[L -> 1, RGBColor[0, 2/3, 0], Larger], 
     SuperPlus[x] -> t + Log[(1 + r)/(1 - r)]/2, SuperMinus[x] -> 
      t - Log[(1 + r)/(1 - r)]/2, Inequality[0, LessEqual, r, Less, 1], 
     t -> (SuperMinus[x] + SuperPlus[x])/2, 
     r -> (-1 + E^(-SuperMinus[x] + SuperPlus[x]))/
       (1 + E^(-SuperMinus[x] + SuperPlus[x])), d[SuperPlus[x]] -> 
      -(d[r]/(-1 + r^2)) + d[t], d[SuperMinus[x]] -> d[r]/(-1 + r^2) + d[t], 
     d[SuperMinus[x]]*d[SuperPlus[x]] -> -(d[r]^2/(-1 + r^2)^2) + d[t]^2, 
     d[s]^2 -> d[r]^2/(1 - r^2) + (-1 + r^2)*d[t]^2 + 
       r^2*d[Subscript[\[CapitalOmega], 2]]^2, 
     {{d[s]^2 -> r^2*d[Subscript[\[CapitalOmega], 2]]^2 + 
          (-1 + r^2)*d[SuperMinus[x]]*d[SuperPlus[x]]}}[
      Style["e[37]", RGBColor[0, 2/3, 0], Larger]], U -> E^SuperMinus[x], 
     V -> -E^(-SuperPlus[x]), r -> (-1 - U*V)/(-1 + U*V), U/V -> -E^(2*t), 
     d[U] -> E^SuperMinus[x]*d[SuperMinus[x]], 
     d[V] -> d[SuperPlus[x]]/E^SuperPlus[x], 
     {d[s]^2 -> (-4*d[U]*d[V] + (1 + U*V)^2*d[Subscript[\[CapitalOmega], 2]]^
            2)/(-1 + U*V)^2}[Style["e[40]", RGBColor[0, 2/3, 0], Larger]]}
 
$defName = "AZ.IX"
 
Attributes[$deltas$] = {Temporary}
 
Attributes[$dep$] = {Temporary}
 
Attributes[$de$] = {Temporary}
 
Attributes[$dif$] = {Temporary}
 
Attributes[$dm$] = {Temporary}
 
$dS = L^2 -> W^2 + \[Rho]^2
 
$ds2 = -d[Tensor[X, {0}, {Global`Void}]]^2 + d[Tensor[X, {1}, {Global`Void}]]^
      2 + d[Tensor[X, {2}, {Global`Void}]]^2 + 
     d[Tensor[X, {3}, {Global`Void}]]^2 + d[Tensor[X, {4}, {Global`Void}]]^2
 
$ds2a = -((L^2*d[t]^2)/(L^2 + t^2)) + 
     t^2*(d[\[Psi]]^2 + (d[\[Theta]]^2 + d[\[CurlyPhi]]^2*Sin[\[Theta]]^2)*
        Sinh[\[Psi]]^2)
 
Attributes[$ds2$] = {Temporary}
 
$ds3 = d[Subscript[s, 3]]^2 -> d[Tensor[X, {1}, {Global`Void}]]^2 + 
      d[Tensor[X, {2}, {Global`Void}]]^2 + d[Tensor[X, {3}, {Global`Void}]]^2
 
$dS4 = r^2 - T^2 + W^2 -> L^2
 
Attributes[$ds$] = {Temporary}
 
Attributes[$dummy$] = {Temporary}
 
Attributes[$dums$] = {Temporary}
 
Attributes[$dums$11569] = {Temporary}
 
$dums$11569 = {}
 
Attributes[$dums$11590] = {Temporary}
 
$dums$11590 = {}
 
Attributes[$dum$] = {Temporary}
 
Attributes[$dum$11569] = {Temporary}
 
$dum$11569 = M
 
Attributes[$dum$11590] = {Temporary}
 
$dum$11590 = N
 
$dXe = {d[Tensor[X, {1}, {Global`Void}]] -> 
      r*Cos[\[Theta]]*Cos[\[CurlyPhi]]*d[\[Theta]] + Cos[\[CurlyPhi]]*d[r]*
        Sin[\[Theta]] - r*d[\[CurlyPhi]]*Sin[\[Theta]]*Sin[\[CurlyPhi]], 
     d[Tensor[X, {2}, {Global`Void}]] -> r*Cos[\[CurlyPhi]]*d[\[CurlyPhi]]*
        Sin[\[Theta]] + r*Cos[\[Theta]]*d[\[Theta]]*Sin[\[CurlyPhi]] + 
       d[r]*Sin[\[Theta]]*Sin[\[CurlyPhi]], 
     d[Tensor[X, {3}, {Global`Void}]] -> Cos[\[Theta]]*d[r] - 
       r*d[\[Theta]]*Sin[\[Theta]], d[Tensor[X, {i}, {Global`Void}]] -> 
      r*d[Tensor[\[Omega], {i}, {Global`Void}]] + 
       d[r]*Tensor[\[Omega], {i}, {Global`Void}]}
 
$dXe4 = d[Tensor[X, {4}, {Global`Void}]] -> 
     (-(r*d[r]) + d[Tensor[X, {0}, {Global`Void}]]*Tensor[X, {0}, 
         {Global`Void}])/Tensor[X, {4}, {Global`Void}]
 
$dXe42 = d[Tensor[X, {4}, {Global`Void}]]^2 -> (t^2*d[t]^2)/(L^2 + t^2)
 
$d\[CapitalOmega]3 = d[Subscript[\[CapitalOmega], 3]]^2 -> 
     d[\[Psi]]^2 + d[Subscript[\[CapitalOmega], 2]]^2*Sin[\[Psi]]^2
 
Attributes[$d$] = {Temporary}
 
$el = {(Tensor[\[Eta], {Global`Void, Global`Void}, {M, N}]*
        (\[Lambda]*Tensor[X, {N}, {Global`Void}] - tuDDown["\[PartialD]"][
          tuDDown["\[PartialD]"][Tensor[X, {N}, {Global`Void}], \[Zeta][dn]], 
          \[Zeta][dn]]))/2 == 0, 
     (Tensor[\[Eta], {Global`Void, Global`Void}, {M, N}]*
        (\[Lambda]*Tensor[X, {M}, {Global`Void}] - tuDDown["\[PartialD]"][
          tuDDown["\[PartialD]"][Tensor[X, {M}, {Global`Void}], \[Zeta][dn]], 
          \[Zeta][dn]]))/2 == 0, 
     (-1 + Tensor[X, {M}, {Global`Void}]*Tensor[X, {N}, {Global`Void}]*
         Tensor[\[Eta], {Global`Void, Global`Void}, {M, N}])/2 == 0}
 
Attributes[$exp$] = {Temporary}
 
Attributes[$e$] = {Temporary}
 
$f = {Tensor[X, {0}, {Global`Void}] -> L*((E^t*r^2)/2 + Sinh[t]), 
     Tensor[X, {4}, {Global`Void}] -> L*(-(E^t*r^2)/2 + Cosh[t])}
 
$fn[tt_, rr_] := Module[{$exp = $, $s, $ds}, xPrint["exp: ", $exp]; 
      $s = First[tuExtractPattern[ArcCosh[_]][$exp[[2]]]]; 
      $ds = D[$s[[1]], rr$]; $ds = $ds /. t -> tt /. rr$ -> rr; 
      xPrint["$s : $ds: ", $s, " : ", $ds]; 
      $exp = If[$ds < 0, {ArcSin[$exp[[1]]], $exp[[2]]}, {ArcSin[$exp[[1]]], 
           -$exp[[2]]}] /. rr$ -> rr /. t -> tt; $exp]
 
$s = Tensor[a, {4}, {Global`Void}] -> E^(-Subscript[t, s])
 
tuExtractPattern[pattern_, maxlevel_:Infinity][exp_] := 
    Module[{pos}, pos = Position[exp, pattern, {0, maxlevel}]; 
      Extract[exp, pos]]
 
tuExtractPattern /: tuExtractPattern::usage = "tuExtractPattern[pattern_,maxl\
evel_:Infinity][exp_] extracts a List of items in exp_ that match pattern_ to \
maxlevel_. *3Feb2014* "
 
Attributes[$forms$] = {Temporary}
 
Attributes[$formvar$] = {Temporary}
 
Attributes[$f$] = {Temporary}
 
$g = {Tensor[X, {0}, {Global`Void}] -> L*Sinh[\[Tau]], 
     Tensor[X, {4}, {Global`Void}] -> L*Cos[\[Psi]]*Cosh[\[Tau]]}
 
Attributes[$gall$] = {Temporary}
 
Attributes[$generalForm$] = {Temporary}
 
$geod = {{Tensor[J, {M, N}, {Global`Void, Global`Void}] -> 
        -(Tensor[X, {N}, {Global`Void}]*tuDDown["\[PartialD]"][
            Tensor[X, {M}, {Global`Void}], \[Zeta]]) + 
         Tensor[X, {M}, {Global`Void}]*tuDDown["\[PartialD]"][
           Tensor[X, {N}, {Global`Void}], \[Zeta]]}[Style["conserved", 
       RGBColor[0, 2/3, 0], Larger]], J \[CenterDot] J -> 
      (Tensor[J, {M, N}, {Global`Void, Global`Void}]*
        Tensor[J, {Global`Void, Global`Void}, {M, N}])/2, 
     J \[CenterDot] J -> Tensor[X, {M}, {Global`Void}]*
        Tensor[X, {Global`Void}, {M}]*tuDDown["\[PartialD]"][
         Tensor[X, {N}, {Global`Void}], \[Zeta]]*tuDDown["\[PartialD]"][
         Tensor[X, {Global`Void}, {N}], \[Zeta]] - 
       Tensor[X, {M}, {Global`Void}]*Tensor[X, {N}, {Global`Void}]*
        tuDDown["\[PartialD]"][Tensor[X, {Global`Void}, {M}], \[Zeta]]*
        tuDDown["\[PartialD]"][Tensor[X, {Global`Void}, {N}], \[Zeta]], 
     J \[CenterDot] J -> tuDDown["\[PartialD]"][Tensor[X, {N}, 
         {Global`Void}], \[Zeta]]*tuDDown["\[PartialD]"][
        Tensor[X, {Global`Void}, {N}], \[Zeta]]}
 
Attributes[CenterDot] = {Flat, OneIdentity}
 
Attributes[$gs$] = {Temporary}
 
Attributes[$h1$] = {Temporary}
 
Attributes[$hcnt$] = {Temporary}
 
Attributes[$hcnt$2206] = {Temporary}
 
$hcnt$2206 = 2
 
Attributes[$hcnt$2382] = {Temporary}
 
$hcnt$2382 = 2
 
Attributes[$hcnt$3884] = {Temporary}
 
$hcnt$3884 = 2
 
Attributes[$hcnt$4186] = {Temporary}
 
$hcnt$4186 = 1
 
Attributes[$hcnt$4430] = {Temporary}
 
$hcnt$4430 = 2
 
Attributes[$hcnt$4543] = {Temporary}
 
$hcnt$4543 = 1
 
Attributes[$hcnt$4628] = {Temporary}
 
$hcnt$4628 = 2
 
Attributes[$hcnt$4706] = {Temporary}
 
$hcnt$4706 = 2
 
Attributes[$hcnt$5498] = {Temporary}
 
$hcnt$5498 = 2
 
Attributes[$hcnt$5609] = {Temporary}
 
$hcnt$5609 = 2
 
Attributes[$hcnt$5704] = {Temporary}
 
$hcnt$5704 = 2
 
Attributes[$hcnt$5962] = {Temporary}
 
$hcnt$5962 = 2
 
Attributes[$hcnt$6062] = {Temporary}
 
$hcnt$6062 = 2
 
Attributes[$hcnt$6133] = {Temporary}
 
$hcnt$6133 = 2
 
Attributes[$hcnt$6228] = {Temporary}
 
$hcnt$6228 = 2
 
Attributes[$hcnt$6799] = {Temporary}
 
$hcnt$6799 = 2
 
Attributes[$hcnt$6859] = {Temporary}
 
$hcnt$6859 = 2
 
Attributes[$hcnt$6983] = {Temporary}
 
$hcnt$6983 = 2
 
Attributes[$hcnt$7069] = {Temporary}
 
$hcnt$7069 = 2
 
Attributes[$hcnt$7234] = {Temporary}
 
$hcnt$7234 = 2
 
Attributes[$hcnt$7421] = {Temporary}
 
$hcnt$7421 = 2
 
Attributes[$hcnt$7716] = {Temporary}
 
$hcnt$7716 = 2
 
Attributes[$hcnt$8218] = {Temporary}
 
$hcnt$8218 = 2
 
Attributes[$hcnt$9176] = {Temporary}
 
$hcnt$9176 = 2
 
Attributes[$head$] = {Temporary}
 
Attributes[$h$] = {Temporary}
 
Attributes[$h$2206] = {Temporary}
 
$h$2206 = Inactive[tuDExpandF]
 
tuDExpandF[ops_, constants_List:{}, fnc_:BraKet | Times | 
        (Dot | xDot | CenterDot | Inactive[Dot]) | Wedge | CircleTimes][
     exp_] := Module[{sub, tmp = exp, tmp0}, 
     sub = {(name:ops)[(oo:Flatten[fnc])[a_, b___], c___] :> 
         oo[name[a, c], b] + oo[a, name[oo[b], c]] /; Length[{b}] > 1, 
        (name:ops)[(oo:Flatten[fnc])[a_, b___], c___] :> 
         oo[name[a, c], b] + oo[a, name[b, c]] /; Length[{b}] == 1, 
        (name:ops)[(oo:Flatten[fnc])[a_], c___] :> oo[name[a, c]], 
        (name:ops)[(a_) + (c_), b___] -> name[a, b] + name[c, b], 
        (name:ops)[Exp[a_], b_] -> Exp[a]*name[a, b], 
        (name:ops)[Log[a_], b_] -> name[a, b]/a, (name:ops)[(a_)^(n_), b_] :> 
         n*a^(n - 1)*name[a, b], (name:ops)[a_, -(b_)] -> -name[a, b], 
        (name:ops)[a_, b___:1] :> 0 /; NumericQ[a], (name:ops)[a_, a_] :> 1, 
        (name:ops)[Conjugate[a_], b___] :> Conjugate[name[a, b]] /; 
           !MemberQ[{"\[Del]"}, name], (name:ops)[ConjugateTranspose[a_], 
          b_] :> ConjugateTranspose[name[a, b]] /; 
           !MemberQ[{"\[Del]"}, name], (name:ops)[Transpose[a_], b_] :> 
         Transpose[name[a, b]], (name:ops)[a__, \[Mu]_] :> 
         Thread[name[a, \[Mu]]] /; Head[a] == List, (name:ops)[a_, \[Mu]_] :> 
         Rule @@ Thread[name[List @@ a, \[Mu]]] /; Head[a] === Rule, 
        (name:ops)[(ss:xSum | Sum)[a_, b__], \[Mu]_] :> ss[name[a, \[Mu]], 
          b]}; While[tmp =!= tmp0, tmp0 = tmp; xPrint[tmp]; 
        tmp = ExpandAll[tmp]; tmp = tmp //. 
          (name:ops)[(oo:ProductOp)[a_, b__]] :> oo[name[a], b] + 
            oo[a, If[Length[{b}] > 1, name[oo[b]], name[b]]]; 
        tmp = tmp //. sub; tmp = tmp /. dd:ops[a_] :> hideDtIntArg[dd]; 
        tmp = tmp /. (name:ops)[a_, ___] :> 0 /; ListMemberQ[a, constants]]; 
      tmp]
 
tuDExpandF /: tuDExpandF::usage = "tuDExpandF[ops_,constants_List:{},fnc_:(Br\
aKet|Times|dotOps|Wedge|CircleTimes)][exp_]Expands terms with differential \
operator ops_, e.g., tuDUp[_]|tuDDown[_], tuDPartial, tuDPartialu, \
tuDCovariant, tuDCovariantu. Terms that match any of list of constants are \
treated as constant. Leibnitz rule is applied over functions fnc_. Applies \
Mathematica function Dt[]. NOTE: seems like only tuDUp[_] and tuDDown [_] \
work as ops_. WARNING:does not work with nested ops_. *2Mar2015**27Sep2017*"
 
Attributes[xDot] = {Flat, OneIdentity}
 
hideDtIntArg[dtexp_] := Module[{$ = dtexp, op, nn, hideXX, $s, $s1}, 
     op = Head[$]; $ = $ /. (a_)[n_] :> hideXX[a, n] /; IntegerQ[n]; 
      $ = $ /. op -> Dt /. Dt -> op; xPrint[FullForm[$]]; 
      $s = First[tuExtractPattern[Derivative[1, 0][hideXX][_, _]][$]]; 
      $s1 = op[$s[[1]]] -> op[$s[[1]][$s[[2]]]]; $ = $ /. $s -> 1 /. $s1; 
      $ = $ //. hideXX[a_, n_] -> a[n]; 
      $ = $ //. Derivative[_, 0][hideXX][_, _] -> 0]
 
$s1 = {R -> L*Cosh[t], T -> L*Sinh[t]}
 
Attributes[Derivative] = {NHoldAll, ReadProtected}
 
ListMemberQ[variable_, patterns_List] := tuMemberQ[variable, patterns]
 
tuMemberQ[patterns_][variable_] := tuMemberQ[variable, patterns]
 
tuMemberQ[variable_, patterns_] := 
    Or @@ (MemberQ[Flatten[{variable}], #1] & ) /@ Flatten[{patterns}]
 
tuMemberQ /: tuMemberQ::usage = "tuMemberQ[variable_,patterns_] True if any \
variable_ (may be List[]) matches any in patterns_ (may be List). Equivalent \
form: tuMemberQ[patterns_][variable_] *16May2015*"
 
Attributes[$h$2382] = {Temporary}
 
$h$2382 = Inactive[tuDExpandF]
 
Attributes[$h$3884] = {Temporary}
 
$h$3884 = Inactive[tuDExpandF]
 
Attributes[$h$4186] = {Temporary}
 
$h$4186 = Inactive[tuDExpandF[d, {L}]]
 
Attributes[$h$4430] = {Temporary}
 
$h$4430 = Inactive[tuDExpandF]
 
Attributes[$h$4543] = {Temporary}
 
$h$4543 = Inactive[tuDExpandF[d, {L}]]
 
Attributes[$h$4628] = {Temporary}
 
$h$4628 = Inactive[tuDExpandF]
 
Attributes[$h$4706] = {Temporary}
 
$h$4706 = Inactive[tuDExpandF]
 
Attributes[$h$5498] = {Temporary}
 
$h$5498 = Inactive[tuDExpandF]
 
Attributes[$h$5609] = {Temporary}
 
$h$5609 = Inactive[tuDExpandF]
 
Attributes[$h$5704] = {Temporary}
 
$h$5704 = Inactive[tuDExpandF]
 
Attributes[$h$5962] = {Temporary}
 
$h$5962 = Inactive[tuDExpandF]
 
Attributes[$h$6062] = {Temporary}
 
$h$6062 = Inactive[tuDExpandF]
 
Attributes[$h$6133] = {Temporary}
 
$h$6133 = Inactive[tuRuleEliminate]
 
tuRuleEliminate[pattern_][rules_] := Module[{$r = tuRule[{rules}], $rp = {}, 
      $p = Flatten[{pattern}]}, xPrint[">", $r]; 
      $rp = (tuExtractPositionPattern[{#1 -> _, _ -> #1}][$r] & ) /@ $p; 
      xPrint[">", $rp]; If[$rp != {{}} && $rp != {}, 
       $rp = DeleteDuplicates[(#1[[1,1]] & ) /@ $rp]; xPrint[">", $p, " ", 
         $rp, " ", $r, "<"]; $rp = (tuRuleSolve[$r[[#1]], $p] & ) /@ $rp; 
        $rp = Flatten[DeleteCases[$rp, HoldPattern[Solve[_, _]]]]; 
        If[Length[$r] > 1, $r = $r //. $rp, $r = $rp]; ]; 
      $rp = tuExtractPositionPattern[$p][$r]; xPrint[">", $p, " ", $rp, " ", 
       $r, "<"]; $rp = DeleteDuplicates[(#1[[1,1]] & ) /@ $rp]; 
      xPrint[$p, " ", $rp]; $rp = (tuRuleSolve[$r[[#1]], $p] & ) /@ $rp; 
      xPrint[$p, " ", $rp]; $rp = Flatten[DeleteCases[$rp, 
         HoldPattern[Solve[_, _]]]]; xPrint[">", $r, " ", $rp]; 
      If[Length[$r] > 1, $r = $r //. $rp, $r = $rp]; 
      $r = tuRule[DeleteCases[$r, a_ -> a_]]]
 
tuRuleEliminate /: tuRuleEliminate::usage := "tuRuleEliminate[pattern_List][r\
ules_List] composes rules from rules_List of form \
Map[Rule[tuRuleSolve[{rule_[#]},#],pattern_]. Works for Dot[] patterns.  \
WARNING: The order of rules_List determines the order in which patterns are \
substituted back into rules_.  Try tuEliminate if this Module does not work. \
*18Jun2015*"
 
tuRule[rules_] := Module[{$ = rules}, $ = Flatten[$]; 
      $ = $ //. (head_)[CR[__] | CG[__] | CO[__] | CP[__] | CB[__]] -> head; 
      $ = tuExtractPattern[(Rule[__]) | (RuleDelayed[__])][$]; 
      $ /. (-(a_) -> b_) -> a -> -b /. (-(a_) :> b_) -> a :> -b]
 
tuRule /: tuRule::usage = "tuRule[rules_] produces a List of valid Rule[]s \
from rules_ and forms a Flatten[]d list of Rules. Deletes imbedded comments \
in the form of head_[CG[__]] and other non-Rule forms. Reforms Rule so \
-a\[Rule]b -> a\[Rule]-b . *7Aug2015*"
 
CR[a__] := style[Red, a]
 
style[color_, exp__] := Module[{tmp = {exp}}, 
     tmp = Thread[Style[tmp, color, Larger]]; Sequence @@ tmp]
 
CG[a__] := style[Darker[Green], a]
 
CO[a__] := style[Orange, a]
 
CP[a__] := style[Darker[Pink], a]
 
CB[a__] := style[Blue, a]
 
tuExtractPositionPattern[pattern_, maxlevel_:Infinity][exp_] := 
    Module[{xpattern = pattern, pos, list, tmp, xList}, 
     If[Head[xpattern] == List, xpattern = Alternatives @@ xpattern; 
        xPrint[xHead[xpattern]]]; pos = Position[exp, xpattern, 
        {0, maxlevel}, Heads -> True]; list = Extract[exp, pos]; 
      tmp = Thread[pos -> list]; xPrint["X ", tmp, ", ", xpattern, ", ", 
       list, ", ", pos]; tmp]
 
tuExtractPositionPattern /: tuExtractPositionPattern::usage = "tuExtractPosit\
ionPattern[pattern_,maxlevel_:Infinity][exp_] extracts a List of \
{Positions,items} that match pattern_ in exp_ up to Level maxlevel_.  Returns \
a List[ pos1->match1,pos2->match2,... ]. pattern_ may be a List or \
Alternatives. *3Nov2016*)"
 
tuRuleSolve[rules_, vars_, domain_:Complexes, maxExtraCondition_:0, 
     independentVars_List:{SubPlus[_], SubMinus[_], SuperPlus[_], 
       SuperMinus[_], Subscript[_, _], Superscript[_, _], OverBar[_], 
       UnderBar[_], OverTilde[_], OverHat[_], SubStar[_], SuperStar[_], 
       OverVector[_], OverDot[_], OverDot[_, 1], OverDot[_, 2], 
       Derivative[1][_], Derivative[2][_], Tensor[_, _, _], Sign[_]}] := 
    Module[{tmp, XXXX, varlist, Xs, subX, varPat, xrules, 
      xvars = DeleteDuplicates[Flatten[{vars}]], independentPos, 
      independents, independentLab, Is, IIII, subIIII, SolveArgs}, 
     {varlist, xrules} = ExtractPatternXpat[xvars][
        tuRule[{rules /. Equal -> Rule}]]; 
      varlist = DeleteDuplicates[varlist]; 
      subX = Thread[varlist -> (Xs = Array[XXXX, Length[varlist]])]; 
      tmp = xrules //. subX; xPrint[">", tmp]; 
      tmp = Select[tmp,  !tuFreeQ[#1, Xs] & ]; SolveArgs = {tmp, Xs}; 
      xPrint[">", SolveArgs, ":", tmp, ":", Xs]; independentPos = 
       ExtractPositionPattern[SolveArgs, independentVars]; 
      independents = DeleteDuplicates[(#1[[2]] & ) /@ independentPos]; 
      independentLab = MapIndexed[#1 -> IIII[First[#2]] & , independents]; 
      subIIII = independentPos //. independentLab; 
      SolveArgs = ReplacePart[SolveArgs, subIIII]; xPrint[SolveArgs, ":", 
       subIIII]; SolveArgs = SolveArgs /. Rule -> Equal; 
      tmp = Solve[Sequence @@ SolveArgs, domain, MaxExtraConditions -> 
         maxExtraCondition]; xPrint[SolveArgs, ":", tmp]; 
      tmp = RemovePatterns[tmp]; xPrint[tmp]; 
      tmp = tmp //. Reverse /@ independentLab; 
      tmp = tmp //. Reverse /@ subX //. Xpat[a_] -> a; Flatten[tmp]]
 
tuRuleSolve /: tuRuleSolve::usage = "tuRuleSolve[rules_,vars_,domain_:Complex\
es,maxExtraCondition_:0,independentVars_List:tuRuleIndependentVarPattern] \
Solve[]s rules_ (singley or List[]) for vars_ (Singlely or List[] of \
Pattern[]s) and returns Rules for vars_.  independentVars_List can be set to \
indicate independent variables that are Mathematica functions such as \
OverBar[a]. NOTE: parameter list changed to include more Solve parameters \
*23Mar2016*"
 
Attributes[Superscript] = {NHoldRest, ReadProtected}
 
ExtractPatternXpat[pattern_][exp_] := Module[{tmp = exp, $i, test, $pat = {}, 
      list, sub, $npat, $ii, xpat, ipat, patterns, testpat}, 
     patterns = Flatten[{pattern}]; For[$i = 1, test =!= tmp, $i++, 
       Do[test = tmp; tmp = tmp /. pp:patterns[[ipat]] :> 
            xpat[Last[AppendTo[$pat, Xpat[pp]]]]; 
         tmp = tmp /. xpat[_] :> $npat[Length[$pat]], 
        {ipat, Length[patterns]}]]; For[$ii = 1, $ii <= Length[$pat], $ii++, 
       tmp = tmp /. $npat[$ii] :> $pat[[$ii]]]; {$pat, tmp}]
 
tuFreeQ[items_][exp_] := tuFreeQ[exp, items]
 
tuFreeQ[exp_, items_] := And @@ (FreeQ[exp, #1] & ) /@ Flatten[{items}]
 
tuFreeQ /: tuFreeQ::usage = "tuFreeQ[exp_,items_] tests exp_ as FreeQ of all \
items in items_List. Equivalent form: tuFreeQ[items_][exp_]  *18Jun2015*"
 
ExtractPositionPattern[exp_, pattern_, maxlevel_:Infinity] := 
    tuExtractPositionPattern[pattern, maxlevel][exp]
 
RemovePatterns[exp_] := tuPatternRemove[exp]
 
tuPatternRemove[exp_] := Module[{tmp = exp, xPattern}, 
     tmp = tmp //. Pattern -> xPattern //. Blank -> xBlank //. 
        BlankSequence -> xBlankSequence; 
      tmp = tmp //. xPattern[a_, xBlank[] | xBlankSequence[]] -> a; 
      tmp = tmp /. xPattern -> Pattern]
 
tuPatternRemove /: tuPatternRemove::usage = "tuPatternRemove[exp_] removes \
Pattern[a_,Blank[]|BlankSequence[]]:>a in all of exp_ *24Nov2013*)"
 
Attributes[$h$6228] = {Temporary}
 
$h$6228 = Inactive[tuDExpandF]
 
Attributes[$h$6799] = {Temporary}
 
$h$6799 = Inactive[tuDExpandF]
 
Attributes[$h$6859] = {Temporary}
 
$h$6859 = Inactive[tuDExpandF]
 
Attributes[$h$6983] = {Temporary}
 
$h$6983 = Inactive[tuDExpandF]
 
Attributes[$h$7069] = {Temporary}
 
$h$7069 = Inactive[tuDExpandF]
 
Attributes[$h$7234] = {Temporary}
 
$h$7234 = Inactive[tuDExpandF]
 
Attributes[$h$7421] = {Temporary}
 
$h$7421 = Inactive[tuDExpandF]
 
Attributes[$h$7716] = {Temporary}
 
$h$7716 = Inactive[tuDExpandF]
 
Attributes[$h$8218] = {Temporary}
 
$h$8218 = Inactive[tuDExpandF]
 
Attributes[$h$9176] = {Temporary}
 
$h$9176 = Inactive[tuDExpandF]
 
Attributes[$ii$] = {Temporary}
 
Attributes[$index$] = {Temporary}
 
Attributes[$index$11569] = {Temporary}
 
$index$11569 = {M -> M}
 
Attributes[$index$11590] = {Temporary}
 
$index$11590 = {N -> N}
 
Attributes[$indices$] = {Temporary}
 
Attributes[$ind$] = {Temporary}
 
Attributes[$ind$11569] = {Temporary}
 
$ind$11569 = {{}, {{M}, {}}, {}}
 
Attributes[$ind$11590] = {Temporary}
 
$ind$11590 = {{}, {{N}, {}}, {}}
 
Attributes[$int$] = {Temporary}
 
Attributes[$in$] = {Temporary}
 
Attributes[$ivar0$] = {Temporary}
 
Attributes[$ivar$] = {Temporary}
 
Attributes[$i$] = {Temporary}
 
Attributes[$i$11569] = {Temporary}
 
$i$11569 = 4
 
Attributes[$i$11590] = {Temporary}
 
$i$11590 = 4
 
Attributes[$j$] = {Temporary}
 
Attributes[$keys$] = {Temporary}
 
Attributes[$keys$2165] = {Temporary}
 
$keys$2165 = {Tensor[X, {_}, {Global`Void}]}
 
$ks = {SuperPlus[x] -> t + Log[(1 + r)/(1 - r)]/2, 
     SuperMinus[x] -> t - Log[(1 + r)/(1 - r)]/2, Inequality[0, LessEqual, r, 
      Less, 1], t -> (SuperMinus[x] + SuperPlus[x])/2, 
     r -> (-1 + E^(-SuperMinus[x] + SuperPlus[x]))/
       (1 + E^(-SuperMinus[x] + SuperPlus[x]))}
 
$ksUV = {U -> E^SuperMinus[x], V -> -E^(-SuperPlus[x])}
 
Attributes[$k$] = {Temporary}
 
Attributes[$label$] = {Temporary}
 
$lightlike = Tensor[X, {M}, {Global`Void}] -> Tensor[a, {M}, {Global`Void}] + 
      \[Zeta]*Tensor[b, {M}, {Global`Void}]
 
Attributes[$list$] = {Temporary}
 
Attributes[$low$] = {Temporary}
 
Attributes[$L$] = {Temporary}
 
Attributes[$matches$] = {Temporary}
 
Attributes[$match$] = {Temporary}
 
Attributes[$newvar$] = {Temporary}
 
Attributes[$npat$] = {Temporary}
 
Attributes[$n$] = {Temporary}
 
Attributes[$n$11577] = {Temporary}
 
Attributes[$n$11582] = {Temporary}
 
Attributes[$n$11598] = {Temporary}
 
Attributes[$out$] = {Temporary}
 
Attributes[$p0$] = {Temporary}
 
Attributes[$parts$] = {Temporary}
 
$pass = {E^(t - Subscript[t, s]) + E^(t + Subscript[t, s]) -> 
      2 + 2*E^Subscript[t, s]*Tensor[a, {0}, {Global`Void}] + 
       2*E^Subscript[t, s]*\[Zeta]*Tensor[b, {0}, {Global`Void}], 
     1 + Tensor[a, {1}, {Global`Void}] + \[Zeta]*Tensor[b, {1}, 
         {Global`Void}] -> E^(t - Subscript[t, s]), 
     E^t/2 + E^(-Subscript[t, s]) -> E^(t - 2*Subscript[t, s])/2 + 
       Tensor[a, {4}, {Global`Void}] + \[Zeta]*Tensor[b, {4}, {Global`Void}]}
 
Attributes[$patterns$] = {Temporary}
 
Attributes[$Pattern$] = {Temporary}
 
Attributes[$pat$] = {Temporary}
 
Attributes[$pdum$] = {Temporary}
 
Attributes[$pdum$11569] = {Temporary}
 
$pdum$11569 = {{3, 2, 1} -> M, {4, 3, 1} -> M}
 
Attributes[$pdum$11590] = {Temporary}
 
$pdum$11590 = {{3, 2, 1} -> N, {4, 3, 2} -> N}
 
Attributes[$placeholder$] = {Temporary}
 
Attributes[$pn$] = {Temporary}
 
Attributes[$pos1$] = {Temporary}
 
Attributes[$pos$] = {Temporary}
 
Attributes[$pvar1$] = {Temporary}
 
Attributes[$pvar$] = {Temporary}
 
Attributes[$p$] = {Temporary}
 
Attributes[$p$11577] = {Temporary}
 
$p$11577 = {}
 
Attributes[$p$11582] = {Temporary}
 
$p$11582 = {}
 
Attributes[$p$11598] = {Temporary}
 
$p$11598 = {}
 
Attributes[$p$2506] = {Temporary}
 
$p$2506 = {d[Subscript[s, 3]]^2, d[\[Theta]]^2}
 
Attributes[$p$4310] = {Temporary}
 
$p$4310 = {Tensor[X, {1}, {Global`Void}], d[\[Theta]]}
 
Attributes[$p$5325] = {Temporary}
 
$p$5325 = {t, Tensor[X, {4}, {Global`Void}], Tensor[X, {0}, {Global`Void}]}
 
Attributes[$p$5783] = {Temporary}
 
$p$5783 = {Tensor[X, {1}, {Global`Void}], Tensor[X, {2}, {Global`Void}], 
     Tensor[X, {3}, {Global`Void}], Y}
 
Attributes[$p$6155] = {Temporary}
 
$p$6155 = {T, X, Y, Z, W}
 
Attributes[$p$8071] = {Temporary}
 
$p$8071 = {SuperPlus[x], SuperMinus[x]}
 
Attributes[$p$8257] = {Temporary}
 
$p$8257 = {d[SuperPlus[x]], d[SuperMinus[x]]}
 
Attributes[$p$8350] = {Temporary}
 
$p$8350 = {SuperPlus[x], SuperMinus[x], r}
 
$r2 = r^2 -> Tensor[X, {1}, {Global`Void}]^2 + Tensor[X, {2}, {Global`Void}]^
       2 + Tensor[X, {3}, {Global`Void}]^2
 
$R3 = d[Subscript[s, 3]]^2 -> d[r]^2 + r^2*(d[\[Theta]]^2 + 
        d[\[CurlyPhi]]^2*Sin[\[Theta]]^2)
 
Attributes[$range$] = {Temporary}
 
Attributes[$rhead$] = {Temporary}
 
Attributes[$right$] = {Temporary}
 
Attributes[$rp$] = {Temporary}
 
Attributes[$rp$2506] = {Temporary}
 
$rp$2506 = {d[Subscript[s, 3]]^2 -> d[r]^2 + 
       r^2*d[Subscript[\[CapitalOmega], 2]]^2, d[Subscript[s, 3]]^2 -> 
      d[Tensor[X, {1}, {Global`Void}]]^2 + d[Tensor[X, {2}, {Global`Void}]]^
        2 + d[Tensor[X, {3}, {Global`Void}]]^2}
 
Attributes[$rp$4310] = {Temporary}
 
$rp$4310 = {d[\[Theta]] -> -(Sqrt[-(L^2*d[r]^2) + L^2*d[Subscript[s, E4]]^2 - 
          r^2*d[Subscript[s, E4]]^2 - L^2*r^2*d[\[CurlyPhi]]^2*
           Sin[\[Theta]]^2 + r^4*d[\[CurlyPhi]]^2*Sin[\[Theta]]^2]/
        Sqrt[L^2*r^2 - r^4]), d[\[Theta]] -> 
      Sqrt[-(L^2*d[r]^2) + L^2*d[Subscript[s, E4]]^2 - 
         r^2*d[Subscript[s, E4]]^2 - L^2*r^2*d[\[CurlyPhi]]^2*
          Sin[\[Theta]]^2 + r^4*d[\[CurlyPhi]]^2*Sin[\[Theta]]^2]/
       Sqrt[L^2*r^2 - r^4], Tensor[X, {1}, {Global`Void}] -> 
      -Sqrt[r^2 - Tensor[X, {2}, {Global`Void}]^2 - 
         Tensor[X, {3}, {Global`Void}]^2], Tensor[X, {1}, {Global`Void}] -> 
      Sqrt[r^2 - Tensor[X, {2}, {Global`Void}]^2 - 
        Tensor[X, {3}, {Global`Void}]^2], d[\[Theta]] -> 
      -Sqrt[d[Subscript[\[CapitalOmega], 2]]^2 - d[\[CurlyPhi]]^2*
          Sin[\[Theta]]^2], d[\[Theta]] -> 
      Sqrt[d[Subscript[\[CapitalOmega], 2]]^2 - d[\[CurlyPhi]]^2*
         Sin[\[Theta]]^2]}
 
Attributes[$rp$5325] = {Temporary}
 
$rp$5325 = {}
 
Attributes[$rp$5783] = {Temporary}
 
$rp$5783 = {Tensor[X, {2}, {Global`Void}] -> 
      -Sqrt[L^2 + T^2 - W^2 - X^2 - Z^2], Tensor[X, {2}, {Global`Void}] -> 
      Sqrt[L^2 + T^2 - W^2 - X^2 - Z^2], Tensor[X, {2}, {Global`Void}] -> 
      r*Sin[\[Theta]]*Sin[\[CurlyPhi]], Tensor[X, {2}, {Global`Void}] -> 
      -Sqrt[r^2 - X^2 - Z^2], Tensor[X, {2}, {Global`Void}] -> 
      Sqrt[r^2 - X^2 - Z^2], Tensor[X, {2}, {Global`Void}] -> 
      -Sqrt[r^2 - X^2 - Z^2], Tensor[X, {2}, {Global`Void}] -> 
      Sqrt[r^2 - X^2 - Z^2]}
 
Attributes[$rp$6155] = {Temporary}
 
$rp$6155 = {}
 
Attributes[$rp$8071] = {Temporary}
 
$rp$8071 = {SuperMinus[x] -> ConditionalExpression[(-2*I)*Pi*C[1] - 
        Log[(-1 - r)/(-1 + r)] + SuperPlus[x], Element[C[1], Integers]], 
     SuperMinus[x] -> ConditionalExpression[(2*I)*Pi*C[1] + Log[U], 
       Element[C[1], Integers]], SuperPlus[x] -> ConditionalExpression[
       (2*I)*Pi*C[1] + Log[-V^(-1)], Element[C[1], Integers]]}
 
Attributes[$rp$8257] = {Temporary}
 
$rp$8257 = {d[SuperMinus[x]] -> 
      (d[s]^2 - r^2*d[Subscript[\[CapitalOmega], 2]]^2)/
       ((-1 + r^2)*d[SuperPlus[x]]), d[SuperMinus[x]] -> 
      d[U]/E^SuperMinus[x], d[SuperPlus[x]] -> E^SuperPlus[x]*d[V]}
 
Attributes[$rp$8350] = {Temporary}
 
$rp$8350 = {SuperMinus[x] -> ConditionalExpression[(-2*I)*Pi*C[1] - 
        Log[(d[s]^2 - 2*U*V*d[s]^2 + U^2*V^2*d[s]^2 - 
           d[Subscript[\[CapitalOmega], 2]]^2 - 
           2*U*V*d[Subscript[\[CapitalOmega], 2]]^2 - 
           U^2*V^2*d[Subscript[\[CapitalOmega], 2]]^2)/(4*U*V*d[U]*d[V])] + 
        SuperPlus[x], Element[C[1], Integers]], SuperMinus[x] -> 
      ConditionalExpression[(2*I)*Pi*C[1] + Log[U], Element[C[1], Integers]], 
     SuperPlus[x] -> ConditionalExpression[(2*I)*Pi*C[1] + Log[-V^(-1)], 
       Element[C[1], Integers]]}
 
Attributes[$rules$] = {Temporary}
 
Attributes[$rules$2165] = {Temporary}
 
$rules$2165 = {Tensor[X, {1}, {Global`Void}] -> r*Cos[\[CurlyPhi]]*
       Sin[\[Theta]], Tensor[X, {2}, {Global`Void}] -> 
      r*Sin[\[Theta]]*Sin[\[CurlyPhi]], Tensor[X, {3}, {Global`Void}] -> 
      r*Cos[\[Theta]], Tensor[X, {i}, {Global`Void}] -> 
      r*Tensor[\[Omega], {i}, {Global`Void}]}
 
Attributes[$rule$] = {Temporary}
 
Attributes[$r$] = {Temporary}
 
Attributes[$r$2499] = {Temporary}
 
$r$2499 = {d[Subscript[\[CapitalOmega], 2]]^2 -> 
      (d[r]^2 + r^2*d[Subscript[\[CapitalOmega], 2]]^2)/r^2 + 
       d[\[CurlyPhi]]^2*Sin[\[Theta]]^2 - 
       (d[r]^2 + r^2*d[\[CurlyPhi]]^2*Sin[\[Theta]]^2)/r^2, 
     d[r]^2 + r^2*d[Subscript[\[CapitalOmega], 2]]^2 -> 
      d[r]^2 + r^2*((d[r]^2 + r^2*d[Subscript[\[CapitalOmega], 2]]^2)/r^2 + 
         d[\[CurlyPhi]]^2*Sin[\[Theta]]^2 - 
         (d[r]^2 + r^2*d[\[CurlyPhi]]^2*Sin[\[Theta]]^2)/r^2), 
     d[r]^2 + r^2*d[Subscript[\[CapitalOmega], 2]]^2 -> 
      d[Tensor[X, {1}, {Global`Void}]]^2 + d[Tensor[X, {2}, {Global`Void}]]^
        2 + d[Tensor[X, {3}, {Global`Void}]]^2}
 
Attributes[$r$4303] = {Temporary}
 
$r$4303 = {d[Subscript[s, E4]]^2 -> (L^2*d[r]^2)/(L^2 - r^2) + 
       r^2*d[\[CurlyPhi]]^2*Sin[\[Theta]]^2 + 
       (r^2*(-(L^2*d[r]^2) + L^2*d[Subscript[s, E4]]^2 - 
          r^2*d[Subscript[s, E4]]^2 - L^2*r^2*d[\[CurlyPhi]]^2*
           Sin[\[Theta]]^2 + r^4*d[\[CurlyPhi]]^2*Sin[\[Theta]]^2))/
        (L^2*r^2 - r^4), d[Subscript[\[CapitalOmega], 2]]^2 -> 
      d[\[CurlyPhi]]^2*Sin[\[Theta]]^2 + 
       (-(L^2*d[r]^2) + L^2*d[Subscript[s, E4]]^2 - 
         r^2*d[Subscript[s, E4]]^2 - L^2*r^2*d[\[CurlyPhi]]^2*
          Sin[\[Theta]]^2 + r^4*d[\[CurlyPhi]]^2*Sin[\[Theta]]^2)/
        (L^2*r^2 - r^4)}
 
Attributes[$r$5318] = {Temporary}
 
$r$5318 = {r -> L*Sinh[\[Psi]]*Tan[\[Theta]], L*Cosh[\[Psi]]*Tan[\[Theta]] -> 
      T, L^2 -> -T^2 + W^2 + X^2 + Y^2 + Z^2, L^2 -> r^2 - T^2 + W^2, 
     L^2 -> r^2 + W^2 - L^2*Cosh[\[Psi]]^2*Tan[\[Theta]]^2, 
     L^2 -> Subscript[dS, 4]}
 
Attributes[$r$5776] = {Temporary}
 
$r$5776 = {Tensor[X, {0}, {Global`Void}] -> T, 
     Tensor[X, {4}, {Global`Void}] -> W, 
     X -> r*Cos[\[CurlyPhi]]*Sin[\[Theta]], 
     Sqrt[L^2 + T^2 - W^2 - X^2 - Z^2] -> 
      -(r*Sin[\[Theta]]*Sin[\[CurlyPhi]]), Z -> r*Cos[\[Theta]], 
     Tensor[X, {i}, {Global`Void}] -> r*Tensor[\[Omega], {i}, {Global`Void}], 
     r^2 -> L^2 + T^2 - W^2, L^2 -> r^2 - T^2 + W^2, r^2 -> L^2 + T^2 - W^2}
 
Attributes[$r$6148] = {Temporary}
 
$r$6148 = {IIII$6133[1] -> L*((E^t*r^2)/2 + Sinh[t]), 
     IIII$6133[2] -> E^t*L*r*IIII$6133[3], IIII$6133[4] -> 
      L*(-(E^t*r^2)/2 + Cosh[t]), IIII$6133[5] -> Cos[\[CurlyPhi]]*
       Sin[\[Theta]], IIII$6133[6] -> Sin[\[Theta]]*Sin[\[CurlyPhi]], 
     IIII$6133[7] -> Cos[\[Theta]], r^2 -> IIII$6133[8]^2 + IIII$6133[9]^2 + 
       IIII$6133[10]^2, IIII$6133[11] -> r*IIII$6133[3]}
 
Attributes[IIII$6133] = {Temporary}
 
Attributes[$r$8064] = {Temporary}
 
$r$8064 = {r -> ConditionalExpression[(-1 + (E^((2*I)*Pi*C[1])*(-1 - r))/
          (-1 + r))/(1 + (E^((2*I)*Pi*C[1])*(-1 - r))/(-1 + r)), 
       Element[C[1], Integers]], U -> ConditionalExpression[
       -((-1 + r)/((-1 - r)*V)), Element[C[1], Integers]], 
     V -> ConditionalExpression[V/E^((2*I)*Pi*C[1]), Element[C[1], Integers]]}
 
Attributes[$r$8250] = {Temporary}
 
$r$8250 = {d[U] -> (E^(SuperMinus[x] - SuperPlus[x])*
        (d[s]^2 - r^2*d[Subscript[\[CapitalOmega], 2]]^2))/((-1 + r^2)*d[V])}
 
Attributes[$r$8343] = {Temporary}
 
$r$8343 = {d[U] -> ConditionalExpression[
       (4*U*V*d[U]*(d[s]^2 - ((-1 - U*V)^2*d[Subscript[\[CapitalOmega], 2]]^
             2)/(-1 + U*V)^2))/(E^((2*I)*Pi*C[1])*
         (-1 + (-1 - U*V)^2/(-1 + U*V)^2)*(d[s]^2 - 2*U*V*d[s]^2 + 
          U^2*V^2*d[s]^2 - d[Subscript[\[CapitalOmega], 2]]^2 - 
          2*U*V*d[Subscript[\[CapitalOmega], 2]]^2 - 
          U^2*V^2*d[Subscript[\[CapitalOmega], 2]]^2)), 
       Element[C[1], Integers]], U -> ConditionalExpression[
       (-4*U*d[U]*d[V])/(d[s]^2 - 2*U*V*d[s]^2 + U^2*V^2*d[s]^2 - 
         d[Subscript[\[CapitalOmega], 2]]^2 - 
         2*U*V*d[Subscript[\[CapitalOmega], 2]]^2 - 
         U^2*V^2*d[Subscript[\[CapitalOmega], 2]]^2), 
       Element[C[1], Integers]], V -> ConditionalExpression[
       V/E^((2*I)*Pi*C[1]), Element[C[1], Integers]]}
 
Attributes[$s1$] = {Temporary}
 
Attributes[$s1$2233] = {Temporary}
 
$s1$2233 = d[{}] -> d[{}[First[{}][[2]]]]
 
Attributes[$s1$2245] = {Temporary}
 
$s1$2245 = d[{}] -> d[{}[First[{}][[2]]]]
 
Attributes[$s1$2251] = {Temporary}
 
$s1$2251 = d[{}] -> d[{}[First[{}][[2]]]]
 
Attributes[$s1$4207] = {Temporary}
 
$s1$4207 = d[{}] -> d[{}[First[{}][[2]]]]
 
Attributes[$s1$4448] = {Temporary}
 
$s1$4448 = d[{}] -> d[{}[First[{}][[2]]]]
 
Attributes[$s1$4452] = {Temporary}
 
$s1$4452 = d[{}] -> d[{}[First[{}][[2]]]]
 
Attributes[$s1$4553] = {Temporary}
 
$s1$4553 = d[{}] -> d[{}[First[{}][[2]]]]
 
Attributes[$s1$4565] = {Temporary}
 
$s1$4565 = d[{}] -> d[{}[First[{}][[2]]]]
 
Attributes[$s1$4578] = {Temporary}
 
$s1$4578 = d[{}] -> d[{}[First[{}][[2]]]]
 
Attributes[$s1$5515] = {Temporary}
 
$s1$5515 = d[{}] -> d[{}[First[{}][[2]]]]
 
Attributes[$s1$5521] = {Temporary}
 
$s1$5521 = d[{}] -> d[{}[First[{}][[2]]]]
 
Attributes[$s1$5529] = {Temporary}
 
$s1$5529 = d[{}] -> d[{}[First[{}][[2]]]]
 
Attributes[$s1$5717] = {Temporary}
 
$s1$5717 = d[{}] -> d[{}[First[{}][[2]]]]
 
Attributes[$s1$5723] = {Temporary}
 
$s1$5723 = d[{}] -> d[{}[First[{}][[2]]]]
 
Attributes[$s1$5731] = {Temporary}
 
$s1$5731 = d[{}] -> d[{}[First[{}][[2]]]]
 
Attributes[$s1$5976] = {Temporary}
 
$s1$5976 = d[{}] -> d[{}[First[{}][[2]]]]
 
Attributes[$s1$5982] = {Temporary}
 
$s1$5982 = d[{}] -> d[{}[First[{}][[2]]]]
 
Attributes[$s1$5990] = {Temporary}
 
$s1$5990 = d[{}] -> d[{}[First[{}][[2]]]]
 
Attributes[$s1$6244] = {Temporary}
 
$s1$6244 = d[{}] -> d[{}[First[{}][[2]]]]
 
Attributes[$s1$6248] = {Temporary}
 
$s1$6248 = d[{}] -> d[{}[First[{}][[2]]]]
 
Attributes[$s1$6252] = {Temporary}
 
$s1$6252 = d[{}] -> d[{}[First[{}][[2]]]]
 
Attributes[$s1$6875] = {Temporary}
 
$s1$6875 = d[{}] -> d[{}[First[{}][[2]]]]
 
Attributes[$s1$6881] = {Temporary}
 
$s1$6881 = d[{}] -> d[{}[First[{}][[2]]]]
 
Attributes[$s1$6889] = {Temporary}
 
$s1$6889 = d[{}] -> d[{}[First[{}][[2]]]]
 
Attributes[$s1$7080] = {Temporary}
 
$s1$7080 = d[{}] -> d[{}[First[{}][[2]]]]
 
Attributes[$s1$7088] = {Temporary}
 
$s1$7088 = d[{}] -> d[{}[First[{}][[2]]]]
 
Attributes[$s1$7096] = {Temporary}
 
$s1$7096 = d[{}] -> d[{}[First[{}][[2]]]]
 
Attributes[$s1$7247] = {Temporary}
 
$s1$7247 = d[{}] -> d[{}[First[{}][[2]]]]
 
Attributes[$s1$7255] = {Temporary}
 
$s1$7255 = d[{}] -> d[{}[First[{}][[2]]]]
 
Attributes[$s1$7263] = {Temporary}
 
$s1$7263 = d[{}] -> d[{}[First[{}][[2]]]]
 
Attributes[$s1$7735] = {Temporary}
 
$s1$7735 = d[{}] -> d[{}[First[{}][[2]]]]
 
Attributes[$s1$7741] = {Temporary}
 
$s1$7741 = d[{}] -> d[{}[First[{}][[2]]]]
 
Attributes[$s1$7751] = {Temporary}
 
$s1$7751 = d[{}] -> d[{}[First[{}][[2]]]]
 
Attributes[$s1$9185] = {Temporary}
 
$s1$9185 = d[{}] -> d[{}[First[{}][[2]]]]
 
Attributes[$s1$9193] = {Temporary}
 
$s1$9193 = d[{}] -> d[{}[First[{}][[2]]]]
 
Attributes[$s1$9209] = {Temporary}
 
$s1$9209 = d[{}] -> d[{}[First[{}][[2]]]]
 
Attributes[$scal$] = {Temporary}
 
$sd = {d[SuperPlus[x]] -> -(d[r]/(-1 + r^2)) + d[t], 
     d[SuperMinus[x]] -> d[r]/(-1 + r^2) + d[t]}
 
$sd2 = d[SuperMinus[x]]*d[SuperPlus[x]] -> -(d[r]^2/(-1 + r^2)^2) + d[t]^2
 
$sD3 = -Tensor[X, {0}, {Global`Void}]^2 + Tensor[X, {1}, {Global`Void}]^2 + 
      Tensor[X, {2}, {Global`Void}]^2 + Tensor[X, {3}, {Global`Void}]^2 -> L^2
 
Attributes[$seq$] = {Temporary}
 
Attributes[$seq$2206] = {Temporary}
 
$seq$2206 = Sequence[0, 0]
 
Attributes[$seq$2382] = {Temporary}
 
$seq$2382 = Sequence[0, 0]
 
Attributes[$seq$3884] = {Temporary}
 
$seq$3884 = Sequence[0, 0]
 
Attributes[$seq$4186] = {Temporary}
 
$seq$4186 = Sequence[0]
 
Attributes[$seq$4430] = {Temporary}
 
$seq$4430 = Sequence[0, 0]
 
Attributes[$seq$4543] = {Temporary}
 
$seq$4543 = Sequence[0]
 
Attributes[$seq$4628] = {Temporary}
 
$seq$4628 = Sequence[0, 0]
 
Attributes[$seq$4706] = {Temporary}
 
$seq$4706 = Sequence[0, 0]
 
Attributes[$seq$5498] = {Temporary}
 
$seq$5498 = Sequence[0, 0]
 
Attributes[$seq$5609] = {Temporary}
 
$seq$5609 = Sequence[0, 0]
 
Attributes[$seq$5704] = {Temporary}
 
$seq$5704 = Sequence[0, 0]
 
Attributes[$seq$5962] = {Temporary}
 
$seq$5962 = Sequence[0, 0]
 
Attributes[$seq$6062] = {Temporary}
 
$seq$6062 = Sequence[0, 0]
 
Attributes[$seq$6133] = {Temporary}
 
$seq$6133 = Sequence[0, 0]
 
Attributes[$seq$6228] = {Temporary}
 
$seq$6228 = Sequence[0, 0]
 
Attributes[$seq$6799] = {Temporary}
 
$seq$6799 = Sequence[0, 0]
 
Attributes[$seq$6859] = {Temporary}
 
$seq$6859 = Sequence[0, 0]
 
Attributes[$seq$6983] = {Temporary}
 
$seq$6983 = Sequence[0, 0]
 
Attributes[$seq$7069] = {Temporary}
 
$seq$7069 = Sequence[0, 0]
 
Attributes[$seq$7234] = {Temporary}
 
$seq$7234 = Sequence[0, 0]
 
Attributes[$seq$7421] = {Temporary}
 
$seq$7421 = Sequence[0, 0]
 
Attributes[$seq$7716] = {Temporary}
 
$seq$7716 = Sequence[0, 0]
 
Attributes[$seq$8218] = {Temporary}
 
$seq$8218 = Sequence[0, 0]
 
Attributes[$seq$9176] = {Temporary}
 
$seq$9176 = Sequence[0, 0]
 
$sH3 = d[Subscript[H, 3]]^2 -> d[\[Psi]]^2 + 
      d[Subscript[\[CapitalOmega], 2]]^2*Sinh[\[Psi]]^2
 
Attributes[$sign$] = {Temporary}
 
Attributes[$sivar$] = {Temporary}
 
$sL = L -> 1
 
$sn = n -> 4
 
Attributes[$sNO$] = {Temporary}
 
Attributes[$sn$] = {Temporary}
 
Attributes[$sort$] = {Temporary}
 
$spacelike = {Tensor[X, {M_}, {Global`Void}] -> 
      Cos[K*\[Zeta]]*Tensor[a, {M}, {Global`Void}] + 
       Sin[K*\[Zeta]]*Tensor[b, {M}, {Global`Void}], 
     2*Tensor[a, {N}, {Global`Void}]*Tensor[b, {Global`Void}, {N}] -> 1, 
     Tensor[ab_, {Global`Void}, {m_}]*Tensor[ab_, {m_}, {Global`Void}] -> 0}
 
$SpinorsPath = "/Users/Tom/Library/Mathematica/Applications"
 
$sr = r -> (-1 - U*V)/(-1 + U*V)
 
Attributes[$ss$] = {Temporary}
 
$sT = {T -> -ArcCosh[Sec[\[Tau]]], T -> ArcCosh[Sec[\[Tau]]]}
 
$sT1 = T -> 2*ArcTan[Tanh[\[Tau]/2]]
 
Attributes[$subRules$] = {Temporary}
 
Attributes[$subs$] = {Temporary}
 
$sW = W -> Sqrt[L^2 - \[Rho]^2]
 
Attributes[$swap$] = {Temporary}
 
$sx = Tensor[X, {M_}, {Global`Void}] -> 
     E^(K*\[Zeta])*Tensor[a, {M}, {Global`Void}] + 
      Tensor[b, {M}, {Global`Void}]/E^(K*\[Zeta])
 
Attributes[$sx0$] = {Temporary}
 
$s\[Psi] = {Tensor[X, {0}, {Global`Void}] -> t*Cosh[\[Psi]], 
     r -> t*Sinh[\[Psi]]}
 
$s\[Omega] = {Style["For sphere \!\(\*SuperscriptBox[\(S\), \(n - 1\)]\)", 
      RGBColor[0, 2/3, 0], Larger], {Tensor[\[Omega], {1}, {Global`Void}] -> 
       Cos[Tensor[\[Theta], {Global`Void}, {1}]], 
      {Tensor[\[Omega], {i}, {Global`Void}] -> 
        Cos[Tensor[\[Theta], {Global`Void}, {i}]]*
         Product[Sin[Tensor[\[Theta], {Global`Void}, {j}]], {j, 1, -1 + i}], 
       {i, 1, -1 + n}}, Tensor[\[Omega], {n}, {Global`Void}] -> 
       Product[Sin[Tensor[\[Theta], {Global`Void}, {j}]], {j, 1, -2 + n}]*
        Sin[Tensor[\[Theta], {Global`Void}, {-1 + n}]]}, 
     {{{Inequality[0, LessEqual, Tensor[\[Theta], {Global`Void}, {i}], Less, 
         Pi]}, Inequality[1, LessEqual, i, Less, -1 + n]}, 
      Inequality[0, LessEqual, Tensor[\[Theta], {Global`Void}, {-1 + n}], 
       Less, 2*Pi]}, Framed[Column[
       {xSum[Tensor[\[Omega], {i}, {Global`Void}]^2, {i, 1, n}] -> 1, 
        d[Subscript[\[CapitalOmega], -1 + n]]^2 -> 
         xSum[d[Tensor[\[Omega], {i}, {Global`Void}]]^2, {i, 1, n}], 
        xSum[d[Tensor[\[Omega], {i}, {Global`Void}]]*Tensor[\[Omega], {i}, 
            {Global`Void}], {i, 1, n}] -> 0}]], Style["$s\[Omega]1", 
      RGBColor[0, 2/3, 0], Larger]}
 
$s\[Omega]1 = {xSum[Tensor[\[Omega], {i}, {Global`Void}]^2, {i, 1, n}] -> 1, 
     d[Subscript[\[CapitalOmega], -1 + n]]^2 -> 
      xSum[d[Tensor[\[Omega], {i}, {Global`Void}]]^2, {i, 1, n}], 
     xSum[d[Tensor[\[Omega], {i}, {Global`Void}]]*Tensor[\[Omega], {i}, 
         {Global`Void}], {i, 1, n}] -> 0}
 
$s\[Omega]1i[ii_] := $s\[Omega]1 /. {i, 1, n} -> {i, ii, n} /. n - 1 -> n - ii
 
$s\[CapitalOmega]2 = d[Subscript[\[CapitalOmega], 2]]^2 -> 
     d[\[Theta]]^2 + d[\[CurlyPhi]]^2*Sin[\[Theta]]^2
 
Attributes[$s$] = {Temporary}
 
Attributes[$s$2233] = {Temporary}
 
$s$2233 = First[{}]
 
Attributes[$s$2245] = {Temporary}
 
$s$2245 = First[{}]
 
Attributes[$s$2251] = {Temporary}
 
$s$2251 = First[{}]
 
Attributes[$s$4207] = {Temporary}
 
$s$4207 = First[{}]
 
Attributes[$s$4448] = {Temporary}
 
$s$4448 = First[{}]
 
Attributes[$s$4452] = {Temporary}
 
$s$4452 = First[{}]
 
Attributes[$s$4553] = {Temporary}
 
$s$4553 = First[{}]
 
Attributes[$s$4565] = {Temporary}
 
$s$4565 = First[{}]
 
Attributes[$s$4578] = {Temporary}
 
$s$4578 = First[{}]
 
Attributes[$s$5515] = {Temporary}
 
$s$5515 = First[{}]
 
Attributes[$s$5521] = {Temporary}
 
$s$5521 = First[{}]
 
Attributes[$s$5529] = {Temporary}
 
$s$5529 = First[{}]
 
Attributes[$s$5717] = {Temporary}
 
$s$5717 = First[{}]
 
Attributes[$s$5723] = {Temporary}
 
$s$5723 = First[{}]
 
Attributes[$s$5731] = {Temporary}
 
$s$5731 = First[{}]
 
Attributes[$s$5976] = {Temporary}
 
$s$5976 = First[{}]
 
Attributes[$s$5982] = {Temporary}
 
$s$5982 = First[{}]
 
Attributes[$s$5990] = {Temporary}
 
$s$5990 = First[{}]
 
Attributes[$s$6244] = {Temporary}
 
$s$6244 = First[{}]
 
Attributes[$s$6248] = {Temporary}
 
$s$6248 = First[{}]
 
Attributes[$s$6252] = {Temporary}
 
$s$6252 = First[{}]
 
Attributes[$s$6875] = {Temporary}
 
$s$6875 = First[{}]
 
Attributes[$s$6881] = {Temporary}
 
$s$6881 = First[{}]
 
Attributes[$s$6889] = {Temporary}
 
$s$6889 = First[{}]
 
Attributes[$s$7080] = {Temporary}
 
$s$7080 = First[{}]
 
Attributes[$s$7088] = {Temporary}
 
$s$7088 = First[{}]
 
Attributes[$s$7096] = {Temporary}
 
$s$7096 = First[{}]
 
Attributes[$s$7247] = {Temporary}
 
$s$7247 = First[{}]
 
Attributes[$s$7255] = {Temporary}
 
$s$7255 = First[{}]
 
Attributes[$s$7263] = {Temporary}
 
$s$7263 = First[{}]
 
Attributes[$s$7735] = {Temporary}
 
$s$7735 = First[{}]
 
Attributes[$s$7741] = {Temporary}
 
$s$7741 = First[{}]
 
Attributes[$s$7751] = {Temporary}
 
$s$7751 = First[{}]
 
Attributes[$s$9185] = {Temporary}
 
$s$9185 = First[{}]
 
Attributes[$s$9193] = {Temporary}
 
$s$9193 = First[{}]
 
Attributes[$s$9209] = {Temporary}
 
$s$9209 = First[{}]
 
$t = {T -> \[Rho]*Sinh[\[Chi]], r -> \[Rho]*Cosh[\[Chi]]}
 
Attributes[$targetForm$] = {Temporary}
 
Attributes[$tensorsymbol$] = {Temporary}
 
Attributes[$terms$] = {Temporary}
 
Attributes[$test$] = {Temporary}
 
$tglobal = {r -> L*Cosh[t]*Sin[\[Psi]], W -> L*Cos[\[Psi]]*Cosh[t], 
     T -> L*Sinh[t]}
 
$timelike = {Tensor[X, {M_}, {Global`Void}] -> 
      E^(K*\[Zeta])*Tensor[a, {M}, {Global`Void}] + 
       Tensor[b, {M}, {Global`Void}]/E^(K*\[Zeta]), 
     2*Tensor[a, {N}, {Global`Void}]*Tensor[b, {Global`Void}, {N}] -> 1, 
     Tensor[ab_, {Global`Void}, {m_}]*Tensor[ab_, {m_}, {Global`Void}] -> 0}
 
Attributes[$tmp$] = {Temporary}
 
Attributes[$t$] = {Temporary}
 
Attributes[$t$11569] = {Temporary}
 
$t$11569 = (\[Lambda]*Tensor[X, {M}, {Global`Void}]*
      Tensor[\[Eta], {Global`Void, Global`Void}, {M, N}])/2
 
Attributes[$t$11577] = {Temporary}
 
Attributes[$t$11582] = {Temporary}
 
Attributes[$t$11590] = {Temporary}
 
$t$11590 = (\[Lambda]*Tensor[X, {N}, {Global`Void}]*
      Tensor[\[Eta], {Global`Void, Global`Void}, {M, N}])/2
 
Attributes[$t$11598] = {Temporary}
 
Attributes[$u0$] = {Temporary}
 
Attributes[$u1$] = {Temporary}
 
Attributes[$u2$] = {Temporary}
 
Attributes[$u$] = {Temporary}
 
Attributes[$var$] = {Temporary}
 
Attributes[$without$] = {Temporary}
 
Attributes[$with$] = {Temporary}
 
$x = {SuperPlus[x] -> t + Log[(1 + r)/(1 - r)]/2, 
     SuperMinus[x] -> t - Log[(1 + r)/(1 - r)]/2}
 
$X4 = Tensor[X, {4}, {Global`Void}] -> 
     -Sqrt[L^2 - Tensor[X, {1}, {Global`Void}]^2 - 
        Tensor[X, {2}, {Global`Void}]^2 - Tensor[X, {3}, {Global`Void}]^2]
 
$Xe3 = {Tensor[X, {1}, {Global`Void}] -> r*Cos[\[CurlyPhi]]*Sin[\[Theta]], 
     Tensor[X, {2}, {Global`Void}] -> r*Sin[\[Theta]]*Sin[\[CurlyPhi]], 
     Tensor[X, {3}, {Global`Void}] -> r*Cos[\[Theta]], 
     Tensor[X, {i}, {Global`Void}] -> r*Tensor[\[Omega], {i}, {Global`Void}], 
     r^2 -> Tensor[X, {1}, {Global`Void}]^2 + Tensor[X, {2}, {Global`Void}]^
        2 + Tensor[X, {3}, {Global`Void}]^2}
 
$Xspace = xSum[Tensor[X, {i}, {Global`Void}]^2, {i, 1, d}] -> L^2
 
Attributes[$XX$] = {Temporary}
 
Attributes[$x$] = {Temporary}
 
Attributes[$X$] = {Temporary}
 
Attributes[$y$] = {Temporary}
 
Attributes[$\[Sigma]$] = {Temporary}
 
Attributes[$$] = {Temporary}
 
Attributes[$$11577] = {Temporary}
 
$$11577 = {}
 
Attributes[$$11582] = {Temporary}
 
$$11582 = {}
 
Attributes[$$11598] = {Temporary}
 
$$11598 = {}
 
Attributes[$$13589] = {Temporary}
 
$$13589 = {"$", "$0", "$00", "$0$", "$0$11569", "$0$11590", "$1", "$1a", 
     "$1a$", "$1c", "$1c$", "$1s", "$1s$", "$1t", "$1$", "$2", "$2a", "$2a$", 
     "$2b", "$2b$", "$2c", "$2c$", "$2m", "$2m$", "$2t", "$2td", "$2td$", 
     "$2t$", "$2$", "$3", "$4", "$4$", "$a", "$A", "$aa", "$aa$", "$arg", 
     "$Arg", "$argn", "$argn$", "$Arg$", "$a$", "$b", "$bb", "$bb$", "$b$", 
     "$c", "$cc", "$cc$", "$common", "$common$", "$conformal", 
     "$conformalds", "$conformalwiki", "$const", "$const$", "$c$", "$d", 
     "$d0", "$d0$", "$d1", "$d1$", "$d2", "$d2$", "$de", "$def", "$defName", 
     "$deltas", "$deltas$", "$dep", "$dep$", "$de$", "$dif", "$dif$", "$dm", 
     "$dm$", "$ds", "$dS", "$ds2", "$ds2a", "$ds2$", "$ds3", "$dS4", "$dSn", 
     "$ds$", "$dum", "$dummy", "$dummy$", "$dums", "$dums$", "$dums$11569", 
     "$dums$11590", "$dum$", "$dum$11569", "$dum$11590", "$dXe", "$dXe4", 
     "$dXe42", "$d\[CapitalOmega]3", "$d$", "$e", "$el", "$exp", "$exp$", 
     "$e$", "$f", "$fn", "$forms", "$forms$", "$formvar", "$formvar$", "$f$", 
     "$g", "$gall", "$gall$", "$generalForm", "$generalForm$", "$geod", 
     "$gs", "$gs$", "$h", "$h1", "$h1$", "$hcnt", "$hcnt$", "$hcnt$2206", 
     "$hcnt$2382", "$hcnt$3884", "$hcnt$4186", "$hcnt$4430", "$hcnt$4543", 
     "$hcnt$4628", "$hcnt$4706", "$hcnt$5498", "$hcnt$5609", "$hcnt$5704", 
     "$hcnt$5962", "$hcnt$6062", "$hcnt$6133", "$hcnt$6228", "$hcnt$6799", 
     "$hcnt$6859", "$hcnt$6983", "$hcnt$7069", "$hcnt$7234", "$hcnt$7421", 
     "$hcnt$7716", "$hcnt$8218", "$hcnt$9176", "$head", "$head$", "$h$", 
     "$h$2206", "$h$2382", "$h$3884", "$h$4186", "$h$4430", "$h$4543", 
     "$h$4628", "$h$4706", "$h$5498", "$h$5609", "$h$5704", "$h$5962", 
     "$h$6062", "$h$6133", "$h$6228", "$h$6799", "$h$6859", "$h$6983", 
     "$h$7069", "$h$7234", "$h$7421", "$h$7716", "$h$8218", "$h$9176", "$i", 
     "$ii", "$ii$", "$in", "$ind", "$index", "$index$", "$index$11569", 
     "$index$11590", "$indices", "$indices$", "$ind$", "$ind$11569", 
     "$ind$11590", "$int", "$int$", "$in$", "$ivar", "$ivar0", "$ivar0$", 
     "$ivar$", "$i$", "$i$11569", "$i$11590", "$j", "$jacob", "$j$", "$k", 
     "$keys", "$keys$", "$keys$2165", "$ks", "$ksUV", "$k$", "$L", "$label", 
     "$label$", "$lightlike", "$list", "$list$", "$low", "$low$", "$L$", 
     "$match", "$matches", "$matches$", "$match$", "$n", "$newvar", 
     "$newvar$", "$npat", "$npat$", "$n$", "$n$11577", "$n$11582", 
     "$n$11598", "$out", "$out$", "$p", "$p0", "$p0$", "$parts", "$parts$", 
     "$pass", "$pat", "$Pattern", "$patterns", "$patterns$", "$Pattern$", 
     "$pat$", "$pdum", "$pdum$", "$pdum$11569", "$pdum$11590", 
     "$placeholder", "$placeholder$", "$pn", "$pn$", "$pos", "$pos1", 
     "$pos1$", "$pos$", "$pvar", "$pvar1", "$pvar1$", "$pvar$", "$p$", 
     "$p$11577", "$p$11582", "$p$11598", "$p$2506", "$p$4310", "$p$5325", 
     "$p$5783", "$p$6155", "$p$8071", "$p$8257", "$p$8350", "$r", "$r2", 
     "$R3", "$range", "$range$", "$rhead", "$rhead$", "$right", "$right$", 
     "$rp", "$rp$", "$rp$2506", "$rp$4310", "$rp$5325", "$rp$5783", 
     "$rp$6155", "$rp$8071", "$rp$8257", "$rp$8350", "$rule", "$rules", 
     "$rules$", "$rules$2165", "$rule$", "$r$", "$r$2499", "$r$4303", 
     "$r$5318", "$r$5776", "$r$6148", "$r$8064", "$r$8250", "$r$8343", "$s", 
     "$s0", "$s1", "$s1$", "$s1$2233", "$s1$2245", "$s1$2251", "$s1$4207", 
     "$s1$4448", "$s1$4452", "$s1$4553", "$s1$4565", "$s1$4578", "$s1$5515", 
     "$s1$5521", "$s1$5529", "$s1$5717", "$s1$5723", "$s1$5731", "$s1$5976", 
     "$s1$5982", "$s1$5990", "$s1$6244", "$s1$6248", "$s1$6252", "$s1$6875", 
     "$s1$6881", "$s1$6889", "$s1$7080", "$s1$7088", "$s1$7096", "$s1$7247", 
     "$s1$7255", "$s1$7263", "$s1$7735", "$s1$7741", "$s1$7751", "$s1$9185", 
     "$s1$9193", "$s1$9209", "$scal", "$scal$", "$sd", "$sd2", "$sD3", 
     "$seq", "$seq$", "$seq$2206", "$seq$2382", "$seq$3884", "$seq$4186", 
     "$seq$4430", "$seq$4543", "$seq$4628", "$seq$4706", "$seq$5498", 
     "$seq$5609", "$seq$5704", "$seq$5962", "$seq$6062", "$seq$6133", 
     "$seq$6228", "$seq$6799", "$seq$6859", "$seq$6983", "$seq$7069", 
     "$seq$7234", "$seq$7421", "$seq$7716", "$seq$8218", "$seq$9176", "$sH3", 
     "$sign", "$sign$", "$sivar", "$sivar$", "$sL", "$sn", "$sNO", "$sNO$", 
     "$sn$", "$sort", "$sort$", "$spacelike", "$SpinorsPath", "$sr", "$ss", 
     "$ss$", "$sT", "$sT1", "$string", "$subRules", "$subRules$", "$subs", 
     "$subs$", "$sW", "$swap", "$swap$", "$sx", "$sx0", "$sx0$", "$s\[Psi]", 
     "$s\[Omega]", "$s\[Omega]1", "$s\[Omega]1i", "$s\[CapitalOmega]2", 
     "$s$", "$s$2233", "$s$2245", "$s$2251", "$s$4207", "$s$4448", "$s$4452", 
     "$s$4553", "$s$4565", "$s$4578", "$s$5515", "$s$5521", "$s$5529", 
     "$s$5717", "$s$5723", "$s$5731", "$s$5976", "$s$5982", "$s$5990", 
     "$s$6244", "$s$6248", "$s$6252", "$s$6875", "$s$6881", "$s$6889", 
     "$s$7080", "$s$7088", "$s$7096", "$s$7247", "$s$7255", "$s$7263", 
     "$s$7735", "$s$7741", "$s$7751", "$s$9185", "$s$9193", "$s$9209", "$t", 
     "$targetForm", "$targetForm$", "$tensorsymbol", "$tensorsymbol$", 
     "$terms", "$terms$", "$test", "$test$", "$tglobal", "$timelike", "$tmp", 
     "$tmp$", "$t$", "$t$11569", "$t$11577", "$t$11582", "$t$11590", 
     "$t$11598", "$u", "$u0", "$u0$", "$u1", "$u1$", "$u2", "$u2$", 
     "$UseTextSearchQ", "$u$", "$var", "$var$", "$with", "$without", 
     "$without$", "$with$", "$x", "$X", "$X4", "$Xe3", "$Xspace", "$XX", 
     "$XX$", "$x$", "$X$", "$y", "$y$", "$\[Alpha]", "$\[Beta]", "$\[Sigma]", 
     "$\[Sigma]$", "$$", "$$11577", "$$11582", "$$11598", "$$13589", 
     "$$2166", "$$2167", "$$2206", "$$2233", "$$2245", "$$2251", "$$2382", 
     "$$3884", "$$4186", "$$4207", "$$4430", "$$4448", "$$4452", "$$4543", 
     "$$4553", "$$4565", "$$4578", "$$4628", "$$4706", "$$5498", "$$5515", 
     "$$5521", "$$5529", "$$5609", "$$5704", "$$5717", "$$5723", "$$5731", 
     "$$5962", "$$5976", "$$5982", "$$5990", "$$6062", "$$6133", "$$6228", 
     "$$6244", "$$6248", "$$6252", "$$6799", "$$6859", "$$6875", "$$6881", 
     "$$6889", "$$6983", "$$7069", "$$7080", "$$7088", "$$7096", "$$7234", 
     "$$7247", "$$7255", "$$7263", "$$7421", "$$7716", "$$7735", "$$7741", 
     "$$7751", "$$8218", "$$9176", "$$9185", "$$9193", "$$9209", "$$a", 
     "$$b", "$$c", "$$d", "$$i", "$$m", "$$n", "$$t", "$$ten", "$$t$", 
     "$$XX", "$$XXX"}
 
Attributes[$$2166] = {Temporary}
 
$$2166 = {Tensor[X, {1}, {Global`Void}] -> r*Cos[\[CurlyPhi]]*Sin[\[Theta]], 
     r*Cos[\[CurlyPhi]]*Sin[\[Theta]] -> Tensor[X, {1}, {Global`Void}], 
     Tensor[X, {2}, {Global`Void}] -> r*Sin[\[Theta]]*Sin[\[CurlyPhi]], 
     r*Sin[\[Theta]]*Sin[\[CurlyPhi]] -> Tensor[X, {2}, {Global`Void}], 
     Tensor[X, {3}, {Global`Void}] -> r*Cos[\[Theta]], 
     r*Cos[\[Theta]] -> Tensor[X, {3}, {Global`Void}], 
     Tensor[X, {i}, {Global`Void}] -> r*Tensor[\[Omega], {i}, {Global`Void}], 
     r*Tensor[\[Omega], {i}, {Global`Void}] -> Tensor[X, {i}, {Global`Void}], 
     r^2 -> Tensor[X, {1}, {Global`Void}]^2 + Tensor[X, {2}, {Global`Void}]^
        2 + Tensor[X, {3}, {Global`Void}]^2, 
     Tensor[X, {1}, {Global`Void}]^2 + Tensor[X, {2}, {Global`Void}]^2 + 
       Tensor[X, {3}, {Global`Void}]^2 -> r^2}
 
Attributes[$$2167] = {Temporary}
 
$$2167 = {Tensor[X, {1}, {Global`Void}] -> r*Cos[\[CurlyPhi]]*Sin[\[Theta]], 
     Tensor[X, {2}, {Global`Void}] -> r*Sin[\[Theta]]*Sin[\[CurlyPhi]], 
     Tensor[X, {3}, {Global`Void}] -> r*Cos[\[Theta]], 
     Tensor[X, {i}, {Global`Void}] -> r*Tensor[\[Omega], {i}, {Global`Void}], 
     r^2 -> Tensor[X, {1}, {Global`Void}]^2 + Tensor[X, {2}, {Global`Void}]^
        2 + Tensor[X, {3}, {Global`Void}]^2}
 
Attributes[$$2206] = {Temporary}
 
$$2206 = {d[Tensor[X, {1}, {Global`Void}]] -> 
      r*Cos[\[Theta]]*Cos[\[CurlyPhi]]*d[\[Theta]] + Cos[\[CurlyPhi]]*d[r]*
        Sin[\[Theta]] - r*d[\[CurlyPhi]]*Sin[\[Theta]]*Sin[\[CurlyPhi]], 
     d[Tensor[X, {2}, {Global`Void}]] -> r*Cos[\[CurlyPhi]]*d[\[CurlyPhi]]*
        Sin[\[Theta]] + r*Cos[\[Theta]]*d[\[Theta]]*Sin[\[CurlyPhi]] + 
       d[r]*Sin[\[Theta]]*Sin[\[CurlyPhi]], 
     d[Tensor[X, {3}, {Global`Void}]] -> Cos[\[Theta]]*d[r] - 
       r*d[\[Theta]]*Sin[\[Theta]], d[Tensor[X, {i}, {Global`Void}]] -> 
      r*d[Tensor[\[Omega], {i}, {Global`Void}]] + 
       d[r]*Tensor[\[Omega], {i}, {Global`Void}]}
 
Attributes[$$2233] = {Temporary}
 
$$2233 = d[r]
 
Attributes[$$2245] = {Temporary}
 
$$2245 = Cos[\[Theta]]*d[\[Theta]]
 
Attributes[$$2251] = {Temporary}
 
$$2251 = -(d[\[CurlyPhi]]*Sin[\[CurlyPhi]])
 
Attributes[$$2382] = {Temporary}
 
$$2382 = {d[Tensor[X, {1}, {Global`Void}]] -> 
      r*Cos[\[Theta]]*Cos[\[CurlyPhi]]*d[\[Theta]] + Cos[\[CurlyPhi]]*d[r]*
        Sin[\[Theta]] - r*d[\[CurlyPhi]]*Sin[\[Theta]]*Sin[\[CurlyPhi]], 
     d[Tensor[X, {2}, {Global`Void}]] -> r*Cos[\[CurlyPhi]]*d[\[CurlyPhi]]*
        Sin[\[Theta]] + r*Cos[\[Theta]]*d[\[Theta]]*Sin[\[CurlyPhi]] + 
       d[r]*Sin[\[Theta]]*Sin[\[CurlyPhi]], 
     d[Tensor[X, {3}, {Global`Void}]] -> Cos[\[Theta]]*d[r] - 
       r*d[\[Theta]]*Sin[\[Theta]], d[Tensor[X, {i}, {Global`Void}]] -> 
      r*d[Tensor[\[Omega], {i}, {Global`Void}]] + 
       d[r]*Tensor[\[Omega], {i}, {Global`Void}]}
 
Attributes[$$3884] = {Temporary}
 
$$3884 = d[Subscript[\[CapitalOmega], 3]]^2 -> 
     Cos[Tensor[\[Theta], {Global`Void}, {1}]]^2*
       Cos[Tensor[\[Theta], {Global`Void}, {2}]]^2*
       d[Tensor[\[Theta], {Global`Void}, {1}]]^2 + 
      d[Tensor[\[Theta], {Global`Void}, {1}]]^2*
       Sin[Tensor[\[Theta], {Global`Void}, {1}]]^2 + 
      Cos[Tensor[\[Theta], {Global`Void}, {2}]]^2*
       Cos[Tensor[\[Theta], {Global`Void}, {3}]]^2*
       d[Tensor[\[Theta], {Global`Void}, {2}]]^2*
       Sin[Tensor[\[Theta], {Global`Void}, {1}]]^2 - 
      2*Cos[Tensor[\[Theta], {Global`Void}, {1}]]*
       Cos[Tensor[\[Theta], {Global`Void}, {2}]]*
       d[Tensor[\[Theta], {Global`Void}, {1}]]*
       d[Tensor[\[Theta], {Global`Void}, {2}]]*
       Sin[Tensor[\[Theta], {Global`Void}, {1}]]*
       Sin[Tensor[\[Theta], {Global`Void}, {2}]] + 
      2*Cos[Tensor[\[Theta], {Global`Void}, {1}]]*
       Cos[Tensor[\[Theta], {Global`Void}, {2}]]*
       Cos[Tensor[\[Theta], {Global`Void}, {3}]]^2*
       d[Tensor[\[Theta], {Global`Void}, {1}]]*
       d[Tensor[\[Theta], {Global`Void}, {2}]]*
       Sin[Tensor[\[Theta], {Global`Void}, {1}]]*
       Sin[Tensor[\[Theta], {Global`Void}, {2}]] + 
      Cos[Tensor[\[Theta], {Global`Void}, {1}]]^2*
       Cos[Tensor[\[Theta], {Global`Void}, {3}]]^2*
       d[Tensor[\[Theta], {Global`Void}, {1}]]^2*
       Sin[Tensor[\[Theta], {Global`Void}, {2}]]^2 + 
      d[Tensor[\[Theta], {Global`Void}, {2}]]^2*
       Sin[Tensor[\[Theta], {Global`Void}, {1}]]^2*
       Sin[Tensor[\[Theta], {Global`Void}, {2}]]^2 + 
      Cos[Tensor[\[Theta], {Global`Void}, {3}]]^2*
       d[Tensor[\[Theta], {Global`Void}, {3}]]^2*
       Sin[Tensor[\[Theta], {Global`Void}, {1}]]^2*
       Sin[Tensor[\[Theta], {Global`Void}, {2}]]^2 + 
      Cos[Tensor[\[Theta], {Global`Void}, {2}]]^2*
       d[Tensor[\[Theta], {Global`Void}, {2}]]^2*
       Sin[Tensor[\[Theta], {Global`Void}, {1}]]^2*
       Sin[Tensor[\[Theta], {Global`Void}, {3}]]^2 + 
      2*Cos[Tensor[\[Theta], {Global`Void}, {1}]]*
       Cos[Tensor[\[Theta], {Global`Void}, {2}]]*
       d[Tensor[\[Theta], {Global`Void}, {1}]]*
       d[Tensor[\[Theta], {Global`Void}, {2}]]*
       Sin[Tensor[\[Theta], {Global`Void}, {1}]]*
       Sin[Tensor[\[Theta], {Global`Void}, {2}]]*
       Sin[Tensor[\[Theta], {Global`Void}, {3}]]^2 + 
      Cos[Tensor[\[Theta], {Global`Void}, {1}]]^2*
       d[Tensor[\[Theta], {Global`Void}, {1}]]^2*
       Sin[Tensor[\[Theta], {Global`Void}, {2}]]^2*
       Sin[Tensor[\[Theta], {Global`Void}, {3}]]^2 + 
      d[Tensor[\[Theta], {Global`Void}, {3}]]^2*
       Sin[Tensor[\[Theta], {Global`Void}, {1}]]^2*
       Sin[Tensor[\[Theta], {Global`Void}, {2}]]^2*
       Sin[Tensor[\[Theta], {Global`Void}, {3}]]^2
 
Attributes[$$4186] = {Temporary}
 
$$4186 = 2*d[Tensor[X, {1}, {Global`Void}]]*Tensor[X, {1}, {Global`Void}] + 
      2*d[Tensor[X, {2}, {Global`Void}]]*Tensor[X, {2}, {Global`Void}] + 
      2*d[Tensor[X, {3}, {Global`Void}]]*Tensor[X, {3}, {Global`Void}] + 
      2*d[Tensor[X, {4}, {Global`Void}]]*Tensor[X, {4}, {Global`Void}] -> 0
 
Attributes[$$4207] = {Temporary}
 
$$4207 = 2*L*d[L]
 
Attributes[$$4430] = {Temporary}
 
$$4430 = d[Subscript[s, E4]]^2 -> L^2*d[Subscript[\[CapitalOmega], 2]]^2*
       Sin[\[Psi]]^2 + (L^4*Cos[\[Psi]]^2*d[\[Psi]]^2)/
       (L^2 - L^2*Sin[\[Psi]]^2)
 
Attributes[$$4448] = {Temporary}
 
$$4448 = Cos[\[Psi]]*d[\[Psi]]
 
Attributes[$$4452] = {Temporary}
 
$$4452 = d[L]
 
Attributes[$$4543] = {Temporary}
 
$$4543 = 2*r*d[r] - 2*d[Tensor[X, {0}, {Global`Void}]]*
       Tensor[X, {0}, {Global`Void}] + 2*d[Tensor[X, {4}, {Global`Void}]]*
       Tensor[X, {4}, {Global`Void}] -> 0
 
Attributes[$$4553] = {Temporary}
 
$$4553 = 2*r*d[r]
 
Attributes[$$4565] = {Temporary}
 
$$4565 = 2*L*d[L]
 
Attributes[$$4578] = {Temporary}
 
$$4578 = d[r]
 
Attributes[$$4628] = {Temporary}
 
$$4628 = (t^2*Cosh[\[Psi]]^4*d[t]^2)/(L^2 + t^2*Cosh[\[Psi]]^2 - 
       t^2*Sinh[\[Psi]]^2) - (2*t^2*Cosh[\[Psi]]^2*d[t]^2*Sinh[\[Psi]]^2)/
      (L^2 + t^2*Cosh[\[Psi]]^2 - t^2*Sinh[\[Psi]]^2) + 
     (t^2*d[t]^2*Sinh[\[Psi]]^4)/(L^2 + t^2*Cosh[\[Psi]]^2 - 
       t^2*Sinh[\[Psi]]^2)
 
Attributes[$$4706] = {Temporary}
 
$$4706 = (t^2*d[t]^2)/(L^2 + t^2) - Cosh[\[Psi]]^2*d[t]^2 + 
     t^2*Cos[\[Theta]]^2*Cosh[\[Psi]]^2*d[\[Psi]]^2 + 
     t^2*Cos[\[CurlyPhi]]^2*Cosh[\[Psi]]^2*d[\[Psi]]^2*Sin[\[Theta]]^2 + 
     t^2*Cosh[\[Psi]]^2*d[\[Psi]]^2*Sin[\[Theta]]^2*Sin[\[CurlyPhi]]^2 - 
     2*t*Cosh[\[Psi]]*d[t]*d[\[Psi]]*Sinh[\[Psi]] + 
     2*t*Cos[\[Theta]]^2*Cosh[\[Psi]]*d[t]*d[\[Psi]]*Sinh[\[Psi]] - 
     2*t^2*Cos[\[Theta]]*Cosh[\[Psi]]*d[\[Theta]]*d[\[Psi]]*Sin[\[Theta]]*
      Sinh[\[Psi]] + 2*t^2*Cos[\[Theta]]*Cos[\[CurlyPhi]]^2*Cosh[\[Psi]]*
      d[\[Theta]]*d[\[Psi]]*Sin[\[Theta]]*Sinh[\[Psi]] + 
     2*t*Cos[\[CurlyPhi]]^2*Cosh[\[Psi]]*d[t]*d[\[Psi]]*Sin[\[Theta]]^2*
      Sinh[\[Psi]] + 2*t^2*Cos[\[Theta]]*Cosh[\[Psi]]*d[\[Theta]]*d[\[Psi]]*
      Sin[\[Theta]]*Sin[\[CurlyPhi]]^2*Sinh[\[Psi]] + 
     2*t*Cosh[\[Psi]]*d[t]*d[\[Psi]]*Sin[\[Theta]]^2*Sin[\[CurlyPhi]]^2*
      Sinh[\[Psi]] + Cos[\[Theta]]^2*d[t]^2*Sinh[\[Psi]]^2 + 
     t^2*Cos[\[Theta]]^2*Cos[\[CurlyPhi]]^2*d[\[Theta]]^2*Sinh[\[Psi]]^2 - 
     t^2*d[\[Psi]]^2*Sinh[\[Psi]]^2 - 2*t*Cos[\[Theta]]*d[t]*d[\[Theta]]*
      Sin[\[Theta]]*Sinh[\[Psi]]^2 + 2*t*Cos[\[Theta]]*Cos[\[CurlyPhi]]^2*
      d[t]*d[\[Theta]]*Sin[\[Theta]]*Sinh[\[Psi]]^2 + 
     Cos[\[CurlyPhi]]^2*d[t]^2*Sin[\[Theta]]^2*Sinh[\[Psi]]^2 + 
     t^2*d[\[Theta]]^2*Sin[\[Theta]]^2*Sinh[\[Psi]]^2 + 
     t^2*Cos[\[CurlyPhi]]^2*d[\[CurlyPhi]]^2*Sin[\[Theta]]^2*Sinh[\[Psi]]^2 + 
     t^2*Cos[\[Theta]]^2*d[\[Theta]]^2*Sin[\[CurlyPhi]]^2*Sinh[\[Psi]]^2 + 
     2*t*Cos[\[Theta]]*d[t]*d[\[Theta]]*Sin[\[Theta]]*Sin[\[CurlyPhi]]^2*
      Sinh[\[Psi]]^2 + d[t]^2*Sin[\[Theta]]^2*Sin[\[CurlyPhi]]^2*
      Sinh[\[Psi]]^2 + t^2*d[\[CurlyPhi]]^2*Sin[\[Theta]]^2*
      Sin[\[CurlyPhi]]^2*Sinh[\[Psi]]^2
 
Attributes[$$5498] = {Temporary}
 
$$5498 = d[s]^2 -> -(d[t]^2/(1 + (2*t^2)/L^2 + t^4/L^4)) - 
      (t^2*d[t]^2)/(L^2 + 2*t^2 + t^4/L^2) + (L^2*t^2*d[Subscript[H, 3]]^2)/
       (L^2 + t^2) + (t^4*d[Subscript[H, 3]]^2)/(L^2 + t^2)
 
Attributes[$$5515] = {Temporary}
 
$$5515 = d[s]
 
Attributes[$$5521] = {Temporary}
 
$$5521 = (-((t*d[L])/L^2) + d[t]/L)/(1 + t^2/L^2)
 
Attributes[$$5529] = {Temporary}
 
$$5529 = (-((t*d[L])/L^2) + d[t]/L)/(1 + t^2/L^2)
 
Attributes[$$5609] = {Temporary}
 
$$5609 = d[s]^2 -> L^2*d[Subscript[H, 3]]^2*Sinh[\[Rho]]^2 - 
      (L^4*Cosh[\[Rho]]^2*d[\[Rho]]^2)/(L^2 + L^2*Sinh[\[Rho]]^2)
 
Attributes[$$5704] = {Temporary}
 
$$5704 = d[s]^2 -> -(L^2*Cosh[t]^2*d[t]^2) + L^2*Cosh[t]^2*
       d[Subscript[\[CapitalOmega], 3]]^2 + L^2*d[t]^2*Sinh[t]^2
 
Attributes[$$5717] = {Temporary}
 
$$5717 = d[s]
 
Attributes[$$5723] = {Temporary}
 
$$5723 = d[L]
 
Attributes[$$5731] = {Temporary}
 
$$5731 = d[t]*Sinh[t]
 
Attributes[$$5962] = {Temporary}
 
$$5962 = d[s]^2 -> (\[Rho]^2*d[\[Rho]]^2)/(L^2 - \[Rho]^2) + 
      Cosh[\[Chi]]^2*d[\[Rho]]^2 - \[Rho]^2*Cosh[\[Chi]]^2*d[\[Chi]]^2 + 
      \[Rho]^2*Cosh[\[Chi]]^2*d[Subscript[\[CapitalOmega], 2]]^2 - 
      d[\[Rho]]^2*Sinh[\[Chi]]^2 + \[Rho]^2*d[\[Chi]]^2*Sinh[\[Chi]]^2
 
Attributes[$$5976] = {Temporary}
 
$$5976 = d[s]
 
Attributes[$$5982] = {Temporary}
 
$$5982 = (2*L*d[L] - 2*\[Rho]*d[\[Rho]])/(2*Sqrt[L^2 - \[Rho]^2])
 
Attributes[$$5990] = {Temporary}
 
$$5990 = d[\[Rho]]
 
Attributes[$$6062] = {Temporary}
 
$$6062 = d[s]^2 -> -(L^2*d[\[Chi]]^2*Sin[\[Psi]]^2) + 
      L^2*Cosh[\[Chi]]^2*d[Subscript[\[CapitalOmega], 2]]^2*Sin[\[Psi]]^2 + 
      (L^4*Cos[\[Psi]]^2*d[\[Psi]]^2)/(L^2 - L^2*Sin[\[Psi]]^2)
 
Attributes[$$6133] = {Temporary}
 
$$6133 = {Tensor[X, {0}, {Global`Void}] -> L*((E^t*r^2)/2 + Sinh[t]), 
     Tensor[X, {i}, {Global`Void}] -> E^t*L*r*Tensor[\[Omega], {i}, 
        {Global`Void}], Tensor[X, {4}, {Global`Void}] -> 
      L*(-(E^t*r^2)/2 + Cosh[t]), Tensor[\[Omega], {1}, {Global`Void}] -> 
      Cos[\[CurlyPhi]]*Sin[\[Theta]], Tensor[\[Omega], {2}, {Global`Void}] -> 
      Sin[\[Theta]]*Sin[\[CurlyPhi]], Tensor[\[Omega], {3}, {Global`Void}] -> 
      Cos[\[Theta]], r^2 -> Tensor[x, {1}, {Global`Void}]^2 + 
       Tensor[x, {2}, {Global`Void}]^2 + Tensor[x, {3}, {Global`Void}]^2, 
     Tensor[x, {i}, {Global`Void}] -> r*Tensor[\[Omega], {i}, {Global`Void}]}
 
Attributes[$$6228] = {Temporary}
 
$$6228 = E^(2*t)*L^2*r^2*d[r]^2 + d[s]^2 + E^(2*t)*L^2*r^3*d[r]*d[t] + 
      2*E^t*L^2*r*Cosh[t]*d[r]*d[t] + (E^(2*t)*L^2*r^4*d[t]^2)/4 + 
      E^t*L^2*r^2*Cosh[t]*d[t]^2 + L^2*Cosh[t]^2*d[t]^2 -> 
     E^(2*t)*L^2*r^2*d[r]^2 + E^(2*t)*L^2*Cos[\[Theta]]^2*d[r]^2 + 
      E^(2*t)*L^2*r^3*d[r]*d[t] + 2*E^(2*t)*L^2*r*Cos[\[Theta]]^2*d[r]*d[t] + 
      (E^(2*t)*L^2*r^4*d[t]^2)/4 + E^(2*t)*L^2*r^2*Cos[\[Theta]]^2*d[t]^2 + 
      E^(2*t)*L^2*r^2*Cos[\[Theta]]^2*Cos[\[CurlyPhi]]^2*d[\[Theta]]^2 - 
      2*E^(2*t)*L^2*r*Cos[\[Theta]]*d[r]*d[\[Theta]]*Sin[\[Theta]] + 
      2*E^(2*t)*L^2*r*Cos[\[Theta]]*Cos[\[CurlyPhi]]^2*d[r]*d[\[Theta]]*
       Sin[\[Theta]] - 2*E^(2*t)*L^2*r^2*Cos[\[Theta]]*d[t]*d[\[Theta]]*
       Sin[\[Theta]] + 2*E^(2*t)*L^2*r^2*Cos[\[Theta]]*Cos[\[CurlyPhi]]^2*
       d[t]*d[\[Theta]]*Sin[\[Theta]] + E^(2*t)*L^2*Cos[\[CurlyPhi]]^2*d[r]^2*
       Sin[\[Theta]]^2 + 2*E^(2*t)*L^2*r*Cos[\[CurlyPhi]]^2*d[r]*d[t]*
       Sin[\[Theta]]^2 + E^(2*t)*L^2*r^2*Cos[\[CurlyPhi]]^2*d[t]^2*
       Sin[\[Theta]]^2 + E^(2*t)*L^2*r^2*d[\[Theta]]^2*Sin[\[Theta]]^2 + 
      E^(2*t)*L^2*r^2*Cos[\[CurlyPhi]]^2*d[\[CurlyPhi]]^2*Sin[\[Theta]]^2 + 
      E^(2*t)*L^2*r^2*Cos[\[Theta]]^2*d[\[Theta]]^2*Sin[\[CurlyPhi]]^2 + 
      2*E^(2*t)*L^2*r*Cos[\[Theta]]*d[r]*d[\[Theta]]*Sin[\[Theta]]*
       Sin[\[CurlyPhi]]^2 + 2*E^(2*t)*L^2*r^2*Cos[\[Theta]]*d[t]*d[\[Theta]]*
       Sin[\[Theta]]*Sin[\[CurlyPhi]]^2 + E^(2*t)*L^2*d[r]^2*Sin[\[Theta]]^2*
       Sin[\[CurlyPhi]]^2 + 2*E^(2*t)*L^2*r*d[r]*d[t]*Sin[\[Theta]]^2*
       Sin[\[CurlyPhi]]^2 + E^(2*t)*L^2*r^2*d[t]^2*Sin[\[Theta]]^2*
       Sin[\[CurlyPhi]]^2 + E^(2*t)*L^2*r^2*d[\[CurlyPhi]]^2*Sin[\[Theta]]^2*
       Sin[\[CurlyPhi]]^2 - 2*E^t*L^2*r*d[r]*d[t]*Sinh[t] - 
      E^t*L^2*r^2*d[t]^2*Sinh[t] + L^2*d[t]^2*Sinh[t]^2
 
Attributes[$$6244] = {Temporary}
 
$$6244 = d[s]
 
Attributes[$$6248] = {Temporary}
 
$$6248 = E^t*d[t]
 
Attributes[$$6252] = {Temporary}
 
$$6252 = d[L]
 
Attributes[$$6799] = {Temporary}
 
$$6799 = -L/(2*E^t) + (E^t*L)/2 - (E^t*L*r^2)/2 -> 0
 
Attributes[$$6859] = {Temporary}
 
$$6859 = d[s]^2 -> E^((2*t)/L)*d[r]^2 - d[t]^2 + E^((2*t)/L)*r^2*
       d[\[Theta]]^2 + E^((2*t)/L)*r^2*d[\[CurlyPhi]]^2*Sin[\[Theta]]^2
 
Attributes[$$6875] = {Temporary}
 
$$6875 = d[s]
 
Attributes[$$6881] = {Temporary}
 
$$6881 = -(d[L]/L^2)
 
Attributes[$$6889] = {Temporary}
 
$$6889 = d[r]
 
Attributes[$$6983] = {Temporary}
 
$$6983 = d[s]^2 -> d[r]^2/(H^2*u^2) - d[u]^2/(H^2*u^2) + 
      (r^2*d[\[Theta]]^2)/(H^2*u^2) + (r^2*d[\[CurlyPhi]]^2*Sin[\[Theta]]^2)/
       (H^2*u^2)
 
Attributes[$$7069] = {Temporary}
 
$$7069 = d[s]^2 -> -(L^2*d[t]^2) + (L^2*d[r]^2*Sinh[t]^2)/(1 + r^2) + 
      L^2*r^2*d[Subscript[\[CapitalOmega], 2]]^2*Sinh[t]^2
 
Attributes[$$7080] = {Temporary}
 
$$7080 = d[s]
 
Attributes[$$7088] = {Temporary}
 
$$7088 = d[t]
 
Attributes[$$7096] = {Temporary}
 
$$7096 = d[r]/Sqrt[1 + r^2]
 
Attributes[$$7234] = {Temporary}
 
$$7234 = d[s]^2 -> Cos[\[Theta]]^2*d[r]^2 + r^2*Cos[\[Theta]]^2*
       Cos[\[CurlyPhi]]^2*d[\[Theta]]^2 - d[Tensor[X, {0}, {Global`Void}]]^
       2 + d[Tensor[X, {4}, {Global`Void}]]^2 - 2*r*Cos[\[Theta]]*d[r]*
       d[\[Theta]]*Sin[\[Theta]] + 2*r*Cos[\[Theta]]*Cos[\[CurlyPhi]]^2*d[r]*
       d[\[Theta]]*Sin[\[Theta]] + Cos[\[CurlyPhi]]^2*d[r]^2*
       Sin[\[Theta]]^2 + r^2*d[\[Theta]]^2*Sin[\[Theta]]^2 + 
      r^2*Cos[\[CurlyPhi]]^2*d[\[CurlyPhi]]^2*Sin[\[Theta]]^2 + 
      r^2*Cos[\[Theta]]^2*d[\[Theta]]^2*Sin[\[CurlyPhi]]^2 + 
      2*r*Cos[\[Theta]]*d[r]*d[\[Theta]]*Sin[\[Theta]]*Sin[\[CurlyPhi]]^2 + 
      d[r]^2*Sin[\[Theta]]^2*Sin[\[CurlyPhi]]^2 + r^2*d[\[CurlyPhi]]^2*
       Sin[\[Theta]]^2*Sin[\[CurlyPhi]]^2
 
Attributes[$$7247] = {Temporary}
 
$$7247 = d[s]
 
Attributes[$$7255] = {Temporary}
 
$$7255 = d[r]
 
Attributes[$$7263] = {Temporary}
 
$$7263 = -(d[\[Theta]]*Sin[\[Theta]])
 
Attributes[$$7421] = {Temporary}
 
$$7421 = d[s]^2 -> d[r]^2 + (r^2*Cosh[t]^2*d[r]^2)/(L^2 - r^2) - 
      L^2*Cosh[t]^2*d[t]^2 + r^2*Cosh[t]^2*d[t]^2 + r^2*d[\[Theta]]^2 + 
      r^2*d[\[CurlyPhi]]^2*Sin[\[Theta]]^2 - (r^2*d[r]^2*Sinh[t]^2)/
       (L^2 - r^2) + L^2*d[t]^2*Sinh[t]^2 - r^2*d[t]^2*Sinh[t]^2
 
Attributes[$$7716] = {Temporary}
 
$$7716 = {d[SuperPlus[x]] -> d[r]/(2/(1 - r) - (2*r^2)/(1 - r)) + 
       d[r]/(2/(1 - r) - (2*r)/(1 - r) - (2*r^2)/(1 - r) + (2*r^3)/(1 - r)) + 
       (r*d[r])/(2/(1 - r) - (2*r)/(1 - r) - (2*r^2)/(1 - r) + 
         (2*r^3)/(1 - r)) + d[t], d[SuperMinus[x]] -> 
      -(d[r]/(2/(1 - r) - (2*r^2)/(1 - r))) - 
       d[r]/(2/(1 - r) - (2*r)/(1 - r) - (2*r^2)/(1 - r) + (2*r^3)/(1 - r)) - 
       (r*d[r])/(2/(1 - r) - (2*r)/(1 - r) - (2*r^2)/(1 - r) + 
         (2*r^3)/(1 - r)) + d[t]}
 
Attributes[$$7735] = {Temporary}
 
$$7735 = d[t]
 
Attributes[$$7741] = {Temporary}
 
$$7741 = (d[r]/(1 - r)^2 + d[r]/(1 - r) + (r*d[r])/(1 - r)^2)/
     ((1 - r)^(-1) + r/(1 - r))
 
Attributes[$$7751] = {Temporary}
 
$$7751 = d[t]
 
Attributes[$$8218] = {Temporary}
 
$$8218 = {d[U] -> E^SuperMinus[x]*d[SuperMinus[x]], 
     d[V] -> d[SuperPlus[x]]/E^SuperPlus[x]}
 
Attributes[$$9176] = {Temporary}
 
$$9176 = d[s]^2 -> L^2*d[Subscript[\[CapitalOmega], 3]]^2*Sec[\[Tau]]^2 - 
      (L^2*d[\[Tau]]^2*Sec[\[Tau]]^2*Tan[\[Tau]]^2)/(-1 + Sec[\[Tau]]^2)
 
Attributes[$$9185] = {Temporary}
 
$$9185 = d[s]
 
Attributes[$$9193] = {Temporary}
 
$$9193 = (d[\[Tau]]*Sec[\[Tau]]*Tan[\[Tau]])/(Sqrt[-1 + Sec[\[Tau]]]*
      Sqrt[1 + Sec[\[Tau]]])
 
Attributes[$$9209] = {Temporary}
 
$$9209 = d[s]
 
Attributes[$$t$] = {Temporary}
