This is pdfeTeX, Version 3.141592-1.21a-2.2 (Web2C 7.5.4) (format=latex 2007.6.30)  13 MAY 2012 07:23
entering extended mode
**Carroll.4.tex
(./Carroll.4.tex
LaTeX2e <2003/12/01>
Babel <v3.8d> and hyphenation patterns for american, french, german, ngerman, b
ahasa, basque, bulgarian, catalan, croatian, czech, danish, dutch, esperanto, e
stonian, finnish, greek, icelandic, irish, italian, latin, magyar, norsk, polis
h, portuges, romanian, russian, serbian, slovak, slovene, spanish, swedish, tur
kish, ukrainian, nohyphenation, loaded.
(/sw/share/texmf-dist/tex/latex/base/article.cls
Document Class: article 2004/02/16 v1.4f Standard LaTeX document class
(/sw/share/texmf-dist/tex/latex/base/size10.clo
File: size10.clo 2004/02/16 v1.4f Standard LaTeX file (size option)
)
\c@part=\count79
\c@section=\count80
\c@subsection=\count81
\c@subsubsection=\count82
\c@paragraph=\count83
\c@subparagraph=\count84
\c@figure=\count85
\c@table=\count86
\abovecaptionskip=\skip41
\belowcaptionskip=\skip42
\bibindent=\dimen102
)
(/sw/share/texmf-dist/tex/latex/amsmath/amsmath.sty
Package: amsmath 2000/07/18 v2.13 AMS math features
\@mathmargin=\skip43

For additional information on amsmath, use the `?' option.
(/sw/share/texmf-dist/tex/latex/amsmath/amstext.sty
Package: amstext 2000/06/29 v2.01

(/sw/share/texmf-dist/tex/latex/amsmath/amsgen.sty
File: amsgen.sty 1999/11/30 v2.0
\@emptytoks=\toks14
\ex@=\dimen103
))
(/sw/share/texmf-dist/tex/latex/amsmath/amsbsy.sty
Package: amsbsy 1999/11/29 v1.2d
\pmbraise@=\dimen104
)
(/sw/share/texmf-dist/tex/latex/amsmath/amsopn.sty
Package: amsopn 1999/12/14 v2.01 operator names
)
\inf@bad=\count87
LaTeX Info: Redefining \frac on input line 211.
\uproot@=\count88
\leftroot@=\count89
LaTeX Info: Redefining \overline on input line 307.
\classnum@=\count90
\DOTSCASE@=\count91
LaTeX Info: Redefining \ldots on input line 379.
LaTeX Info: Redefining \dots on input line 382.
LaTeX Info: Redefining \cdots on input line 467.
\Mathstrutbox@=\box26
\strutbox@=\box27
\big@size=\dimen105
LaTeX Font Info:    Redeclaring font encoding OML on input line 567.
LaTeX Font Info:    Redeclaring font encoding OMS on input line 568.
\macc@depth=\count92
\c@MaxMatrixCols=\count93
\dotsspace@=\muskip10
\c@parentequation=\count94
\dspbrk@lvl=\count95
\tag@help=\toks15
\row@=\count96
\column@=\count97
\maxfields@=\count98
\andhelp@=\toks16
\eqnshift@=\dimen106
\alignsep@=\dimen107
\tagshift@=\dimen108
\tagwidth@=\dimen109
\totwidth@=\dimen110
\lineht@=\dimen111
\@envbody=\toks17
\multlinegap=\skip44
\multlinetaggap=\skip45
\mathdisplay@stack=\toks18
LaTeX Info: Redefining \[ on input line 2666.
LaTeX Info: Redefining \] on input line 2667.
)
(/sw/share/texmf-dist/tex/latex/amsfonts/amssymb.sty
Package: amssymb 2002/01/22 v2.2d

(/sw/share/texmf-dist/tex/latex/amsfonts/amsfonts.sty
Package: amsfonts 2001/10/25 v2.2f
\symAMSa=\mathgroup4
\symAMSb=\mathgroup5
LaTeX Font Info:    Overwriting math alphabet `\mathfrak' in version `bold'
(Font)                  U/euf/m/n --> U/euf/b/n on input line 132.
))
(/sw/share/texmf-dist/tex/latex/graphics/graphics.sty
Package: graphics 2001/07/07 v1.0n Standard LaTeX Graphics (DPC,SPQR)

(/sw/share/texmf-dist/tex/latex/graphics/trig.sty
Package: trig 1999/03/16 v1.09 sin cos tan (DPC)
)
(/sw/share/texmf-dist/tex/latex/graphics/graphics.cfg
File: graphics.cfg 2005/02/03 v1.3 graphics configuration of teTeX/TeXLive
)
Package graphics Info: Driver file: dvips.def on input line 80.

(/sw/share/texmf-dist/tex/latex/graphics/dvips.def
File: dvips.def 1999/02/16 v3.0i Driver-dependant file (DPC,SPQR)
))
(/sw/share/texmf-dist/tex/latex/setspace/setspace.sty
Package: setspace 2000/12/01 6.7 Contributed and Supported LaTeX2e package

Package: `setspace' 6.7 <2000/12/01>
)
\c@mathematicapage=\count99

No file Carroll.4.aux.
\openout1 = `Carroll.4.aux'.

LaTeX Font Info:    Checking defaults for OML/cmm/m/it on input line 10.
LaTeX Font Info:    ... okay on input line 10.
LaTeX Font Info:    Checking defaults for T1/cmr/m/n on input line 10.
LaTeX Font Info:    ... okay on input line 10.
LaTeX Font Info:    Checking defaults for OT1/cmr/m/n on input line 10.
LaTeX Font Info:    ... okay on input line 10.
LaTeX Font Info:    Checking defaults for OMS/cmsy/m/n on input line 10.
LaTeX Font Info:    ... okay on input line 10.
LaTeX Font Info:    Checking defaults for OMX/cmex/m/n on input line 10.
LaTeX Font Info:    ... okay on input line 10.
LaTeX Font Info:    Checking defaults for U/cmr/m/n on input line 10.
LaTeX Font Info:    ... okay on input line 10.
LaTeX Font Info:    Try loading font information for U+msa on input line 13.
(/sw/share/texmf-dist/tex/latex/amsfonts/umsa.fd
File: umsa.fd 2002/01/19 v2.2g AMS font definitions
)
LaTeX Font Info:    Try loading font information for U+msb on input line 13.

(/sw/share/texmf-dist/tex/latex/amsfonts/umsb.fd
File: umsb.fd 2002/01/19 v2.2g AMS font definitions
)
Overfull \hbox (8.4357pt too wide) in paragraph at lines 18--23
$[][] 
 []


Overfull \hbox (206.36206pt too wide) in paragraph at lines 26--37
[][] 
 []


Overfull \hbox (177.25073pt too wide) in paragraph at lines 26--37
[][] 
 []


Overfull \hbox (32.68213pt too wide) in paragraph at lines 39--45
$[]\OMS/cmsy/m/n/10 L ! ^^@[]\OML/cmm/m/it/10 F[]F[] \OT1/cmr/m/n/10 +
 []


Overfull \hbox (935.59282pt too wide) in paragraph at lines 39--45
\OML/cmm/m/it/10 A[]J[][]J[][][][]A[]J[][][][][] \OMS/cmsy/m/n/10 !
 []


Overfull \hbox (240.61655pt too wide) in paragraph at lines 39--45
\OML/cmm/m/it/10 ^^LF[]F[]g[]R[][]$ 
 []


Overfull \hbox (197.87946pt too wide) in paragraph at lines 47--88
$[][] 
 []


Overfull \hbox (113.90758pt too wide) in paragraph at lines 47--88
[][] 
 []


Overfull \hbox (41.44292pt too wide) in paragraph at lines 47--88
[][] 
 []


Overfull \hbox (56.22244pt too wide) in paragraph at lines 47--88
[][] 
 []


Overfull \hbox (58.19463pt too wide) in paragraph at lines 47--88
[][] 
 []


Overfull \hbox (33.8802pt too wide) in paragraph at lines 47--88
[][] 
 []

[1

] [2]
Overfull \hbox (182.64322pt too wide) in paragraph at lines 90--133
$[]\OML/cmm/m/it/10 S \OMS/cmsy/m/n/10 !
 []


Overfull \hbox (46.81609pt too wide) in paragraph at lines 90--133
[][]\OT1/cmr/m/n/10 [\OMS/cmsy/m/n/10 L \OT1/cmr/m/n/10 + []][][]\OML/cmm/m/it/
10 g[][]^^N\OT1/cmr/m/n/10 [\OML/cmm/m/it/10 S\OT1/cmr/m/n/10 ] \OMS/cmsy/m/n/1
0 ! \OML/cmm/m/it/10 ^^N [] []^^N\OT1/cmr/m/n/10 [\OML/cmm/m/it/10 S\OT1/cmr/m/
n/10 ] \OMS/cmsy/m/n/10 !
 []


Overfull \hbox (556.33119pt too wide) in paragraph at lines 90--133
\OML/cmm/m/it/10 ^^N [] []^^N\OT1/cmr/m/n/10 [\OML/cmm/m/it/10 S\OT1/cmr/m/n/10
 ] \OMS/cmsy/m/n/10 ! [][] [] [][][][]\OML/cmm/m/it/10 T[] \OMS/cmsy/m/n/10 !
 []


Overfull \hbox (98.32263pt too wide) in paragraph at lines 90--133
\OMS/cmsy/m/n/10 ^^@[] ! [][][]\OML/cmm/m/it/10 T[] \OMS/cmsy/m/n/10 !
 []


Overfull \hbox (1179.8724pt too wide) in paragraph at lines 90--133
[] \OMS/cmsy/m/n/10 ! [] ^^@ [] \OT1/cmr/m/n/10 + [] + [][][][][][][][][][][][]
$ 
 []


Overfull \hbox (129.72064pt too wide) in paragraph at lines 142--150
$[] \OMS/cmsy/m/n/10 ^^@ []\OML/cmm/m/it/10 Rg[] \OT1/cmr/m/n/10 + \OML/cmm/m/i
t/10 R[] \OMS/cmsy/m/n/10 ! \OT1/cmr/m/n/10 8\OML/cmm/m/it/10 G^^YT[][][]T[][]T
[] \OMS/cmsy/m/n/10 !
 []


Overfull \hbox (170.23758pt too wide) in paragraph at lines 142--150
[] \OMS/cmsy/m/n/10 ! ^^@[] \OT1/cmr/m/n/10 + [] + [][][]$ 
 []


Overfull \hbox (12.5285pt too wide) in paragraph at lines 152--194
$[][] 
 []


Overfull \hbox (33.80882pt too wide) in paragraph at lines 152--194
[][] 
 []


Overfull \hbox (20.37833pt too wide) in paragraph at lines 152--194
[][] 
 []


Overfull \hbox (0.18396pt too wide) in paragraph at lines 152--194
[][] 
 []


Overfull \hbox (83.03001pt too wide) in paragraph at lines 152--194
[][] 
 []

[3]
LaTeX Font Info:    Try loading font information for U+euf on input line 199.
 (/sw/share/texmf-dist/tex/latex/amsfonts/ueuf.fd
File: ueuf.fd 2002/01/19 v2.2g AMS font definitions
)
Overfull \hbox (16.37021pt too wide) in paragraph at lines 196--269
$[][]\OMS/cmsy/m/n/10 L \OT1/cmr/m/n/10 +
 []


Overfull \hbox (442.31427pt too wide) in paragraph at lines 196--269
[][] \OMS/cmsy/m/n/10 ^^@ []\OML/cmm/m/it/10 F[]F[] \OT1/cmr/m/n/10 + \OML/cmm/
m/it/10 A[]J[] \OT1/cmr/m/n/10 + \OML/cmm/m/it/10 ^^LF[]F[]g[]R[][][] [] [][] [
] [][] \OMS/cmsy/m/n/10 !
 []


Overfull \hbox (400.16727pt too wide) in paragraph at lines 196--269
\OML/cmm/m/it/10 A[]J[] \OMS/cmsy/m/n/10 ^^@ []\OML/cmm/m/it/10 g[]g[] [] [] \O
T1/cmr/m/n/10 + \OML/cmm/m/it/10 ^^Lg[]R[] [] [] [][] \OMS/cmsy/m/n/10 ^^@
 []


Overfull \hbox (619.83176pt too wide) in paragraph at lines 196--269
[][] [] \OT1/cmr/m/n/10 + [][][[]][][][][][[]][][][][[]] \OMS/cmsy/m/n/10 ! [][
] [] [][][]\OT1/cmr/m/n/10 [[]] \OMS/cmsy/m/n/10 !
 []


Overfull \hbox (335.77069pt too wide) in paragraph at lines 196--269
\OML/cmm/m/it/10 J[][][] [] \OMS/cmsy/m/n/10 ^^@ []\OML/cmm/m/it/10 g[]g[] [] \
OT1/cmr/m/n/10 +
 []


Overfull \hbox (1126.67508pt too wide) in paragraph at lines 196--269
\OML/cmm/m/it/10 ^^Lg[]R[] [] [][] [] [][][][] \OMS/cmsy/m/n/10 ^^@
 []


Overfull \hbox (1779.72873pt too wide) in paragraph at lines 196--269
[][] [] [] \OMS/cmsy/m/n/10 ^^@ [][] [] ! ^^@[][] [] [][][][][][]\OML/cmm/m/it/
10 J[] \OMS/cmsy/m/n/10 ^^@
 []


Overfull \hbox (26.60771pt too wide) in paragraph at lines 196--269
\OML/cmm/m/it/10 ^^LR[][][] [] \OMS/cmsy/m/n/10 ^^@ \OML/cmm/m/it/10 ^^LR[][][]
 [] \OT1/cmr/m/n/10 + \OML/cmm/m/it/10 ^^LR[] [] \OT1/cmr/m/n/10 +
 []


Overfull \hbox (12.9478pt too wide) in paragraph at lines 196--269
\OML/cmm/m/it/10 ^^LR[][][] [] \OT1/cmr/m/n/10 + \OML/cmm/m/it/10 ^^LR[] [] \OT
1/cmr/m/n/10 + \OML/cmm/m/it/10 ^^LR[][][] [] \OMS/cmsy/m/n/10 ^^@
 []

[4]
Overfull \hbox (100.74268pt too wide) in paragraph at lines 282--292
$[]\OML/cmm/m/it/10 J[] \OT1/cmr/m/n/10 + [][] [] [][]\OML/cmm/m/it/10 F[] \OMS
/cmsy/m/n/10 !
 []


Overfull \hbox (68.58209pt too wide) in paragraph at lines 282--292
\OML/cmm/m/it/10 F[][]J[] \OT1/cmr/m/n/10 + [][] [] [][]\OML/cmm/m/it/10 J[] \O
T1/cmr/m/n/10 + [][] [] \OMS/cmsy/m/n/10 ! \OT1/cmr/m/n/10 0[][][] [] \OMS/cmsy
/m/n/10 !
 []

[5]
Overfull \hbox (143.23372pt too wide) in paragraph at lines 310--353
$[]\OML/cmm/m/it/10 J[] \OMS/cmsy/m/n/10 ^^@ \OML/cmm/m/it/10 ^^LR[][][] [] \OM
S/cmsy/m/n/10 ^^@ \OML/cmm/m/it/10 ^^LR[][][] [] \OT1/cmr/m/n/10 + \OML/cmm/m/i
t/10 ^^LR[] [] \OT1/cmr/m/n/10 +
 []


Overfull \hbox (12.9478pt too wide) in paragraph at lines 310--353
\OML/cmm/m/it/10 ^^LR[][][] [] \OT1/cmr/m/n/10 + \OML/cmm/m/it/10 ^^LR[] [] \OT
1/cmr/m/n/10 + \OML/cmm/m/it/10 ^^LR[][][] [] \OMS/cmsy/m/n/10 ^^@
 []


Overfull \hbox (4.7613pt too wide) in paragraph at lines 310--353
[][] [] \OT1/cmr/m/n/10 + [][] [] [] \OMS/cmsy/m/n/10 ^^@ \OML/cmm/m/it/10 R[][
][] [] \OMS/cmsy/m/n/10 ^^@ \OML/cmm/m/it/10 R[][][] [] \OT1/cmr/m/n/10 +
 []


Overfull \hbox (79.11583pt too wide) in paragraph at lines 310--353
\OML/cmm/m/it/10 R[] [] \OT1/cmr/m/n/10 + \OML/cmm/m/it/10 R[][][] [] \OT1/cmr/
m/n/10 + \OML/cmm/m/it/10 R[] [] \OT1/cmr/m/n/10 +
 []


Overfull \hbox (27.21748pt too wide) in paragraph at lines 310--353
\OML/cmm/m/it/10 R[][][] [] []R[][][] [] \OT1/cmr/m/n/10 + \OML/cmm/m/it/10 R[]
[][] [] \OMS/cmsy/m/n/10 ^^@ \OML/cmm/m/it/10 R[][][] [] \OMS/cmsy/m/n/10 ^^@
 []


Overfull \hbox (18.54633pt too wide) in paragraph at lines 310--353
\OML/cmm/m/it/10 R[][][] [] \OMS/cmsy/m/n/10 ^^@ \OML/cmm/m/it/10 R[][][] [] \O
MS/cmsy/m/n/10 ^^@ \OML/cmm/m/it/10 R[][][] [] \OT1/cmr/m/n/10 + \OML/cmm/m/it/
10 R[][][] [] \OT1/cmr/m/n/10 +
 []


Overfull \hbox (543.89417pt too wide) in paragraph at lines 310--353
\OML/cmm/m/it/10 R[][][] [] []\OT1/cmr/m/n/10 2 [] []2 [] [][]\OML/cmm/m/it/10 
F[] \OMS/cmsy/m/n/10 !
 []


Overfull \hbox (7.1716pt too wide) in paragraph at lines 310--353
[][] [] \OMS/cmsy/m/n/10 ^^@ [][] [] [] ^^@ [][] [] \OT1/cmr/m/n/10 + [][] [] \
OMS/cmsy/m/n/10 ! \OML/cmm/m/it/10 F[][] \OMS/cmsy/m/n/10 ^^@ [][] [] \OT1/cmr/
m/n/10 + [][] [] \OMS/cmsy/m/n/10 !
 []


Overfull \hbox (452.18484pt too wide) in paragraph at lines 310--353
\OML/cmm/m/it/10 F[][]\OT1/cmr/m/n/10 2 [] [][][][]$ 
 []


Overfull \hbox (3.36852pt too wide) in paragraph at lines 355--373
[][] 
 []


Overfull \hbox (55.94481pt too wide) in paragraph at lines 355--373
[][] 
 []


Overfull \hbox (199.65038pt too wide) in paragraph at lines 355--373
[][] 
 []


Overfull \hbox (44.79066pt too wide) in paragraph at lines 375--405
$[]\OML/cmm/m/it/10 J[] \OT1/cmr/m/n/10 + 2\OML/cmm/m/it/10 ^^L [] \OT1/cmr/m/n
/10 + [][] [] \OMS/cmsy/m/n/10 !
 []


Overfull \hbox (183.32863pt too wide) in paragraph at lines 375--405
\OT1/cmr/m/n/10 0[][][] [] + 2\OML/cmm/m/it/10 ^^L [] \OT1/cmr/m/n/10 +
 []


Overfull \hbox (427.06111pt too wide) in paragraph at lines 375--405
[][] [] \OMS/cmsy/m/n/10 ! \OT1/cmr/m/n/10 0[][] [] [][][] [] + 2\OML/cmm/m/it/
10 ^^L [] \OMS/cmsy/m/n/10 !
 []


Overfull \hbox (145.113pt too wide) in paragraph at lines 375--405
\OT1/cmr/m/n/10 0[][] [] [] [] [][][] [] +
 []


Overfull \hbox (906.81651pt too wide) in paragraph at lines 375--405
\OT1/cmr/m/n/10 2\OML/cmm/m/it/10 ^^L [] \OMS/cmsy/m/n/10 ! \OT1/cmr/m/n/10 0[]
[] [] [] [] [][][][]$ 
 []

[6]
Overfull \hbox (117.75066pt too wide) in paragraph at lines 407--426
[][] 
 []


Overfull \hbox (106.36185pt too wide) in paragraph at lines 407--426
[][] 
 []


Overfull \hbox (164.02858pt too wide) in paragraph at lines 407--426
[][] 
 []


Overfull \hbox (119.16733pt too wide) in paragraph at lines 407--426
[][] 
 []


Overfull \hbox (74.97285pt too wide) in paragraph at lines 407--426
[][] 
 []


Overfull \hbox (105.16748pt too wide) in paragraph at lines 407--426
[][] 
 []


Overfull \hbox (101.58409pt too wide) in paragraph at lines 407--426
[][] 
 []


Overfull \hbox (104.97293pt too wide) in paragraph at lines 407--426
[][] 
 []


Overfull \hbox (82.69516pt too wide) in paragraph at lines 407--426
[][] 
 []


Overfull \hbox (83.3618pt too wide) in paragraph at lines 407--426
[][] 
 []


Overfull \hbox (159.50075pt too wide) in paragraph at lines 407--426
[][] 
 []


Overfull \hbox (169.02145pt too wide) in paragraph at lines 407--426
[][] 
 []


Overfull \hbox (1084.34952pt too wide) in paragraph at lines 428--443
$[]\OML/cmm/m/it/10 S \OMS/cmsy/m/n/10 !
 []


Overfull \hbox (3484.9027pt too wide) in paragraph at lines 428--443
[][] [] [][][]\OML/cmm/m/it/10 C[][]\OT1/cmr/m/n/10 ^^@[] \OMS/cmsy/m/n/10 !
 []


Overfull \hbox (113.90758pt too wide) in paragraph at lines 445--457
[][] 
 []


Overfull \hbox (143.72299pt too wide) in paragraph at lines 445--457
[][] 
 []

[7]
Overfull \hbox (142.36963pt too wide) in paragraph at lines 459--508
$[]\OML/cmm/m/it/10 S \OMS/cmsy/m/n/10 ! [][] [] []\OML/cmm/m/it/10 ^^N\OT1/cmr
/m/n/10 [\OML/cmm/m/it/10 S\OT1/cmr/m/n/10 ] \OMS/cmsy/m/n/10 ! \OML/cmm/m/it/1
0 ^^N [] []^^N\OT1/cmr/m/n/10 [\OML/cmm/m/it/10 S\OT1/cmr/m/n/10 ] \OMS/cmsy/m/
n/10 !
 []


Overfull \hbox (462.15028pt too wide) in paragraph at lines 459--508
[][] [] []\OML/cmm/m/it/10 ^^N\OT1/cmr/m/n/10 [\OML/cmm/m/it/10 S\OT1/cmr/m/n/1
0 ] \OMS/cmsy/m/n/10 ! [][] [] [][] [] []\OML/cmm/m/it/10 ^^N\OT1/cmr/m/n/10 [\
OML/cmm/m/it/10 S\OT1/cmr/m/n/10 ] \OMS/cmsy/m/n/10 !
 []


Overfull \hbox (64.64938pt too wide) in paragraph at lines 459--508
[][] [] []\OML/cmm/m/it/10 ^^N\OT1/cmr/m/n/10 [\OML/cmm/m/it/10 S\OT1/cmr/m/n/1
0 ] \OMS/cmsy/m/n/10 !
 []


Overfull \hbox (652.91336pt too wide) in paragraph at lines 459--508
[][] [] \OT1/cmr/m/n/10 + [][] [] + [][] [] [][] [][] []$ 
 []


Overfull \hbox (139.90756pt too wide) in paragraph at lines 510--533
[]
 []


Overfull \hbox (110.45853pt too wide) in paragraph at lines 510--533
[]
 []


Overfull \hbox (120.88123pt too wide) in paragraph at lines 510--533
[][] 
 []

[8]
Overfull \hbox (178.20184pt too wide) in paragraph at lines 535--583
\OT1/cmr/m/n/10 ^^@[]\OML/cmm/m/it/10 ^^N [] \OT1/cmr/m/n/10 + \OML/cmm/m/it/10
 ^^N [] \OMS/cmsy/m/n/10 ^^@ \OML/cmm/m/it/10 ^^N [] [][]^^N [] [][][] [] \OMS/
cmsy/m/n/10 !
 []


Overfull \hbox (597.54434pt too wide) in paragraph at lines 535--583
[][] [] \OMS/cmsy/m/n/10 ^^@ \OT1/cmr/m/n/10 ^^@[]\OML/cmm/m/it/10 ^^N [] \OMS/
cmsy/m/n/10 ^^@ \OT1/cmr/m/n/10 ^^@[]\OML/cmm/m/it/10 ^^N [] \OT1/cmr/m/n/10 + 
^^@[]\OML/cmm/m/it/10 ^^N [] [][] [] [][][]^^N [] \OMS/cmsy/m/n/10 !
 []


Overfull \hbox (7.20435pt too wide) in paragraph at lines 535--583
[][] [] \OMS/cmsy/m/n/10 ^^@ [][] [] \OT1/cmr/m/n/10 + ^^@[]\OML/cmm/m/it/10 ^^
N [] \OMS/cmsy/m/n/10 ^^@ \OT1/cmr/m/n/10 ^^@[]\OML/cmm/m/it/10 ^^N [] \OMS/cms
y/m/n/10 ^^@ \OT1/cmr/m/n/10 ^^@[]\OML/cmm/m/it/10 ^^N [] \OT1/cmr/m/n/10 +
 []


Overfull \hbox (21.34802pt too wide) in paragraph at lines 535--583
\OT1/cmr/m/n/10 ^^@[]\OML/cmm/m/it/10 ^^N [] \OT1/cmr/m/n/10 + ^^@[]\OML/cmm/m/
it/10 ^^N [] \OMS/cmsy/m/n/10 ^^@ \OT1/cmr/m/n/10 ^^@[]\OML/cmm/m/it/10 ^^N [] 
\OMS/cmsy/m/n/10 ^^@ \OT1/cmr/m/n/10 ^^@[]\OML/cmm/m/it/10 ^^N [] \OT1/cmr/m/n/
10 + ^^@[]\OML/cmm/m/it/10 ^^N [] \OMS/cmsy/m/n/10 ^^@
 []


Overfull \hbox (9.42848pt too wide) in paragraph at lines 535--583
\OT1/cmr/m/n/10 ^^@[]\OML/cmm/m/it/10 ^^N [] \OT1/cmr/m/n/10 + ^^@[]\OML/cmm/m/
it/10 ^^N [] []^^N [] \OMS/cmsy/m/n/10 ! [][] [] ^^@ [][] [] \OT1/cmr/m/n/10 +
 []


Overfull \hbox (20.49585pt too wide) in paragraph at lines 535--583
\OT1/cmr/m/n/10 ^^@[]\OML/cmm/m/it/10 ^^N [] \OMS/cmsy/m/n/10 ^^@ \OT1/cmr/m/n/
10 ^^@[]\OML/cmm/m/it/10 ^^N [] \OMS/cmsy/m/n/10 ^^@ \OT1/cmr/m/n/10 ^^@[]\OML/
cmm/m/it/10 ^^N [] \OT1/cmr/m/n/10 + ^^@[]\OML/cmm/m/it/10 ^^N [] \OT1/cmr/m/n/
10 + ^^@[]\OML/cmm/m/it/10 ^^N [] \OMS/cmsy/m/n/10 ^^@
 []


Overfull \hbox (261.71936pt too wide) in paragraph at lines 535--583
\OT1/cmr/m/n/10 ^^@[]\OML/cmm/m/it/10 ^^N [] \OMS/cmsy/m/n/10 ^^@ \OT1/cmr/m/n/
10 ^^@[]\OML/cmm/m/it/10 ^^N [] \OT1/cmr/m/n/10 + ^^@[]\OML/cmm/m/it/10 ^^N [] 
[][][][][]^^N [] \OMS/cmsy/m/n/10 !
 []


Overfull \hbox (104.15562pt too wide) in paragraph at lines 585--606
[][] 
 []


Overfull \hbox (155.05629pt too wide) in paragraph at lines 585--606
[][] 
 []


Overfull \hbox (219.80544pt too wide) in paragraph at lines 585--606
[][] 
 []


Overfull \hbox (31.58398pt too wide) in paragraph at lines 585--606
[][] 
 []

[9]
Overfull \hbox (562.02454pt too wide) in paragraph at lines 608--634
$[] [][] [] [] [][] [] [][]\OT1/cmr/m/n/10 ^^@[][]^^@[] \OMS/cmsy/m/n/10 !
 []


Overfull \hbox (427.07623pt too wide) in paragraph at lines 608--634
\OML/cmm/m/it/10 C[] \OT1/cmr/m/n/10 + [][][]\OML/cmm/m/it/10 C[][]^^N [] [] []
 []^^N [] \OMS/cmsy/m/n/10 !
 []


Overfull \hbox (32.86513pt too wide) in paragraph at lines 608--634
\OML/cmm/m/it/10 C[][][]g[] [] []g[][][] [] \OMS/cmsy/m/n/10 ^^@
 []


Overfull \hbox (66.39238pt too wide) in paragraph at lines 608--634
\OML/cmm/m/it/10 g[][][] [] [][][] [] \OMS/cmsy/m/n/10 ^^@ [][] [] [][][] [] ^^
@ [][] [] [] ^^@
 []


Overfull \hbox (176.27307pt too wide) in paragraph at lines 608--634
[][] [] \OT1/cmr/m/n/10 + [][] [] [][][] [] [][]\OML/cmm/m/it/10 C[][]$ 
 []


Overfull \hbox (115.77853pt too wide) in paragraph at lines 636--641
[][] 
 []


Overfull \hbox (172.00096pt too wide) in paragraph at lines 636--641
[][] 
 []


Overfull \hbox (637.48563pt too wide) in paragraph at lines 643--645
$[]\OML/cmm/m/it/10 w \OMS/cmsy/m/n/10 ^^U
 []

[10] (./Carroll.4.aux) ) 
Here is how much of TeX's memory you used:
 1351 strings out of 94501
 15358 string characters out of 1176137
 153039 words of memory out of 1000000
 4547 multiletter control sequences out of 10000+50000
 6551 words of font info for 28 fonts, out of 500000 for 2000
 580 hyphenation exceptions out of 1000
 27i,14n,24p,312b,152s stack positions out of 1500i,500n,5000p,200000b,5000s

Output written on Carroll.4.dvi (10 pages, 138100 bytes).
